<?xml version="1.0" encoding="UTF-8"?>
<robot generator="Robot 7.3 (Python 3.13.4 on win32)" generated="2025-09-26T13:39:13.461451" rpa="false" schemaversion="5">
<suite id="s1" name="TestCase" source="C:\robot_tests - Doppio\TestCase.robot">
<test id="s1-t1" name="TC-0002 Add to cart and Checkout Cart with Ceramic Mug search" line="29">
<kw name="Open signin page" owner="LoginPage">
<kw name="Open Browser" owner="SeleniumLibrary">
<msg time="2025-09-26T13:39:13.783461" level="WARN">exexcutable_path is being deprecated. Please use service to configure the driver's executable_path as per documentation.</msg>
<msg time="2025-09-26T13:39:13.783654" level="INFO">Opening browser 'edge' to base url 'https://training-platform2.doppio-tech.com/'.</msg>
<arg>${Home_URL}</arg>
<arg>edge</arg>
<arg>executable_path=${EDGE_DRIVER}</arg>
<doc>Opens a new browser instance to the optional ``url``.</doc>
<status status="PASS" start="2025-09-26T13:39:13.783228" elapsed="1.445627"/>
</kw>
<kw name="Maximize Browser Window" owner="SeleniumLibrary">
<doc>Maximizes current browser window.</doc>
<status status="PASS" start="2025-09-26T13:39:15.229144" elapsed="0.052272"/>
</kw>
<kw name="Click Button" owner="SeleniumLibrary">
<msg time="2025-09-26T13:39:15.282982" level="INFO">Clicking button 'xpath=//*[@id="btn-account"]'.</msg>
<arg>${xpath_btn_account}</arg>
<doc>Clicks the button identified by ``locator``.</doc>
<status status="PASS" start="2025-09-26T13:39:15.282140" elapsed="0.303222"/>
</kw>
<kw name="Click Element" owner="SeleniumLibrary">
<msg time="2025-09-26T13:39:15.586354" level="INFO">Clicking element 'xpath=//*[@data-testid="nav-account-signin"]'.</msg>
<arg>${xpath_nav_signin}</arg>
<doc>Click the element identified by ``locator``.</doc>
<status status="PASS" start="2025-09-26T13:39:15.585842" elapsed="0.262437"/>
</kw>
<kw name="Verify redirect to signin page" owner="LoginPage">
<kw name="Location Should Be" owner="SeleniumLibrary">
<msg time="2025-09-26T13:39:15.867051" level="INFO">Current location is 'https://training-platform2.doppio-tech.com/signin'.</msg>
<arg>${Signin_URL}</arg>
<doc>Verifies that the current URL is exactly ``url``.</doc>
<status status="PASS" start="2025-09-26T13:39:15.849642" elapsed="0.017630"/>
</kw>
<kw name="Log" owner="BuiltIn">
<msg time="2025-09-26T13:39:15.867972" level="INFO">Redirect to signin page verified</msg>
<arg>Redirect to signin page verified</arg>
<doc>Logs the given message with the given level.</doc>
<status status="PASS" start="2025-09-26T13:39:15.867636" elapsed="0.000446"/>
</kw>
<doc>ตรวจสอบว่าถูกนำทางไปยังหน้า signin ถูกต้อง</doc>
<status status="PASS" start="2025-09-26T13:39:15.849051" elapsed="0.019229"/>
</kw>
<kw name="Log" owner="BuiltIn">
<msg time="2025-09-26T13:39:15.868823" level="INFO">Signin page opened</msg>
<arg>Signin page opened</arg>
<doc>Logs the given message with the given level.</doc>
<status status="PASS" start="2025-09-26T13:39:15.868602" elapsed="0.000319"/>
</kw>
<doc>เปิดหน้าเว็บไซต์เพื่อ Login</doc>
<status status="PASS" start="2025-09-26T13:39:13.782631" elapsed="2.086433"/>
</kw>
<kw name="Input signin data" owner="LoginPage">
<kw name="Get shadow element" owner="Keywords">
<kw name="Execute Javascript" owner="SeleniumLibrary">
<msg time="2025-09-26T13:39:15.870817" level="INFO">Executing JavaScript:
return document.querySelector('[data-testid="shadow-host"]').shadowRoot.querySelector('input[data-testid="signin-email"]')
Without any arguments.</msg>
<msg time="2025-09-26T13:39:15.879141" level="INFO">${element} = &lt;selenium.webdriver.remote.webelement.WebElement (session="d8bb29fbc9823753c929e8b81f58af9c", element="f.9506660803965970FB71D810263AFF51.d.2BF30ECD24AD97FE618B0D01F0E49007.e.30")&gt;</msg>
<var>${element}</var>
<arg>return document.querySelector('${shadow_host}').shadowRoot.querySelector('${element_selector}')</arg>
<doc>Executes the given JavaScript code with possible arguments.</doc>
<status status="PASS" start="2025-09-26T13:39:15.870321" elapsed="0.008931"/>
</kw>
<return>
<value>${element}</value>
<status status="PASS" start="2025-09-26T13:39:15.879424" elapsed="0.000151"/>
</return>
<msg time="2025-09-26T13:39:15.879923" level="INFO">${email_input} = &lt;selenium.webdriver.remote.webelement.WebElement (session="d8bb29fbc9823753c929e8b81f58af9c", element="f.9506660803965970FB71D810263AFF51.d.2BF30ECD24AD97FE618B0D01F0E49007.e.30")&gt;</msg>
<var>${email_input}</var>
<arg>${css_email}</arg>
<doc>ดึง element ที่อยู่ใน shadow DOM โดยใช้ CSS selector</doc>
<status status="PASS" start="2025-09-26T13:39:15.870048" elapsed="0.009924"/>
</kw>
<kw name="Get shadow element" owner="Keywords">
<kw name="Execute Javascript" owner="SeleniumLibrary">
<msg time="2025-09-26T13:39:15.882314" level="INFO">Executing JavaScript:
return document.querySelector('[data-testid="shadow-host"]').shadowRoot.querySelector('input[data-testid="signin-password"]')
Without any arguments.</msg>
<msg time="2025-09-26T13:39:15.893438" level="INFO">${element} = &lt;selenium.webdriver.remote.webelement.WebElement (session="d8bb29fbc9823753c929e8b81f58af9c", element="f.9506660803965970FB71D810263AFF51.d.2BF30ECD24AD97FE618B0D01F0E49007.e.29")&gt;</msg>
<var>${element}</var>
<arg>return document.querySelector('${shadow_host}').shadowRoot.querySelector('${element_selector}')</arg>
<doc>Executes the given JavaScript code with possible arguments.</doc>
<status status="PASS" start="2025-09-26T13:39:15.881198" elapsed="0.012389"/>
</kw>
<return>
<value>${element}</value>
<status status="PASS" start="2025-09-26T13:39:15.893839" elapsed="0.000192"/>
</return>
<msg time="2025-09-26T13:39:15.894537" level="INFO">${password_input} = &lt;selenium.webdriver.remote.webelement.WebElement (session="d8bb29fbc9823753c929e8b81f58af9c", element="f.9506660803965970FB71D810263AFF51.d.2BF30ECD24AD97FE618B0D01F0E49007.e.29")&gt;</msg>
<var>${password_input}</var>
<arg>${css_password}</arg>
<doc>ดึง element ที่อยู่ใน shadow DOM โดยใช้ CSS selector</doc>
<status status="PASS" start="2025-09-26T13:39:15.880427" elapsed="0.014169"/>
</kw>
<kw name="Input Text" owner="SeleniumLibrary">
<msg time="2025-09-26T13:39:15.895701" level="INFO">Typing text 'Matichai062@gmail.com' into text field '&lt;selenium.webdriver.remote.webelement.WebElement (session="d8bb29fbc9823753c929e8b81f58af9c", element="f.9506660803965970FB71D810263AFF51.d.2BF30ECD24AD97FE618B0D01F0E49007.e.30")&gt;'.</msg>
<arg>${email_input}</arg>
<arg>${EMAIL}</arg>
<doc>Types the given ``text`` into the text field identified by ``locator``.</doc>
<status status="PASS" start="2025-09-26T13:39:15.895098" elapsed="0.260918"/>
</kw>
<kw name="Input Text" owner="SeleniumLibrary">
<msg time="2025-09-26T13:39:16.157020" level="INFO">Typing text 'Cloud0625928956' into text field '&lt;selenium.webdriver.remote.webelement.WebElement (session="d8bb29fbc9823753c929e8b81f58af9c", element="f.9506660803965970FB71D810263AFF51.d.2BF30ECD24AD97FE618B0D01F0E49007.e.29")&gt;'.</msg>
<arg>${password_input}</arg>
<arg>${PASSWORD}</arg>
<doc>Types the given ``text`` into the text field identified by ``locator``.</doc>
<status status="PASS" start="2025-09-26T13:39:16.156528" elapsed="0.258836"/>
</kw>
<kw name="Get shadow element" owner="Keywords">
<kw name="Execute Javascript" owner="SeleniumLibrary">
<msg time="2025-09-26T13:39:16.417577" level="INFO">Executing JavaScript:
return document.querySelector('[data-testid="shadow-host"]').shadowRoot.querySelector('button[data-testid="signin-submit"]')
Without any arguments.</msg>
<msg time="2025-09-26T13:39:16.427135" level="INFO">${element} = &lt;selenium.webdriver.remote.webelement.WebElement (session="d8bb29fbc9823753c929e8b81f58af9c", element="f.9506660803965970FB71D810263AFF51.d.2BF30ECD24AD97FE618B0D01F0E49007.e.35")&gt;</msg>
<var>${element}</var>
<arg>return document.querySelector('${shadow_host}').shadowRoot.querySelector('${element_selector}')</arg>
<doc>Executes the given JavaScript code with possible arguments.</doc>
<status status="PASS" start="2025-09-26T13:39:16.416578" elapsed="0.010639"/>
</kw>
<return>
<value>${element}</value>
<status status="PASS" start="2025-09-26T13:39:16.427617" elapsed="0.000095"/>
</return>
<msg time="2025-09-26T13:39:16.428011" level="INFO">${signin_btn} = &lt;selenium.webdriver.remote.webelement.WebElement (session="d8bb29fbc9823753c929e8b81f58af9c", element="f.9506660803965970FB71D810263AFF51.d.2BF30ECD24AD97FE618B0D01F0E49007.e.35")&gt;</msg>
<var>${signin_btn}</var>
<arg>${css_btn_signin}</arg>
<doc>ดึง element ที่อยู่ใน shadow DOM โดยใช้ CSS selector</doc>
<status status="PASS" start="2025-09-26T13:39:16.415957" elapsed="0.012118"/>
</kw>
<kw name="Click Element" owner="SeleniumLibrary">
<msg time="2025-09-26T13:39:16.428833" level="INFO">Clicking element '&lt;selenium.webdriver.remote.webelement.WebElement (session="d8bb29fbc9823753c929e8b81f58af9c", element="f.9506660803965970FB71D810263AFF51.d.2BF30ECD24AD97FE618B0D01F0E49007.e.35")&gt;'.</msg>
<arg>${signin_btn}</arg>
<doc>Click the element identified by ``locator``.</doc>
<status status="PASS" start="2025-09-26T13:39:16.428423" elapsed="0.123422"/>
</kw>
<kw name="Sleep" owner="BuiltIn">
<msg time="2025-09-26T13:39:21.553222" level="INFO">Slept 5 seconds.</msg>
<arg>5s</arg>
<doc>Pauses the test executed for the given time.</doc>
<status status="PASS" start="2025-09-26T13:39:16.552240" elapsed="5.001142"/>
</kw>
<kw name="Verify signin success" owner="LoginPage">
<kw name="Location Should Be" owner="SeleniumLibrary">
<msg time="2025-09-26T13:39:21.558290" level="INFO">Current location is 'https://training-platform2.doppio-tech.com/'.</msg>
<arg>${Home_URL}</arg>
<doc>Verifies that the current URL is exactly ``url``.</doc>
<status status="PASS" start="2025-09-26T13:39:21.553965" elapsed="0.004451"/>
</kw>
<kw name="Page Should Contain Element" owner="SeleniumLibrary">
<msg time="2025-09-26T13:39:21.566891" level="INFO">Current page contains element 'xpath=//*[@id="btn-account"]'.</msg>
<arg>${xpath_btn_account}</arg>
<doc>Verifies that element ``locator`` is found on the current page.</doc>
<status status="PASS" start="2025-09-26T13:39:21.558683" elapsed="0.008376"/>
</kw>
<kw name="Element Should Contain" owner="SeleniumLibrary">
<msg time="2025-09-26T13:39:21.592550" level="INFO">Element 'xpath=//*[@id="btn-account"]' contains text 'Matichai062@gmail.com'.</msg>
<arg>${xpath_btn_account}</arg>
<arg>${EMAIL}</arg>
<doc>Verifies that element ``locator`` contains text ``expected``.</doc>
<status status="PASS" start="2025-09-26T13:39:21.567364" elapsed="0.025388"/>
</kw>
<kw name="Log" owner="BuiltIn">
<msg time="2025-09-26T13:39:21.593287" level="INFO">Signin verified</msg>
<arg>Signin verified</arg>
<doc>Logs the given message with the given level.</doc>
<status status="PASS" start="2025-09-26T13:39:21.593086" elapsed="0.000254"/>
</kw>
<doc>ตรวจสอบ Login ผ่าน</doc>
<status status="PASS" start="2025-09-26T13:39:21.553690" elapsed="0.039742"/>
</kw>
<kw name="Log" owner="BuiltIn">
<msg time="2025-09-26T13:39:21.594101" level="INFO">Signin completed</msg>
<arg>Signin completed</arg>
<doc>Logs the given message with the given level.</doc>
<status status="PASS" start="2025-09-26T13:39:21.593698" elapsed="0.000470"/>
</kw>
<doc>กรอกข้อมูลใส่หน้า Login</doc>
<status status="PASS" start="2025-09-26T13:39:15.869623" elapsed="5.724652"/>
</kw>
<kw name="Search for product" owner="ProductPage">
<kw name="Wait Until Element Is Visible" owner="SeleniumLibrary">
<arg>${xpath_search_bar}</arg>
<arg>timeout=5s</arg>
<doc>Waits until the element ``locator`` is visible.</doc>
<status status="PASS" start="2025-09-26T13:39:21.595944" elapsed="0.024935"/>
</kw>
<kw name="Input Text" owner="SeleniumLibrary">
<msg time="2025-09-26T13:39:21.621650" level="INFO">Typing text 'Ceramic Mug' into text field 'xpath=//*[@id="nav-search-input"]'.</msg>
<arg>${xpath_search_bar}</arg>
<arg>${query}</arg>
<doc>Types the given ``text`` into the text field identified by ``locator``.</doc>
<status status="PASS" start="2025-09-26T13:39:21.621226" elapsed="0.070822"/>
</kw>
<kw name="Log" owner="BuiltIn">
<msg time="2025-09-26T13:39:21.692880" level="INFO">Search completed</msg>
<arg>Search completed</arg>
<doc>Logs the given message with the given level.</doc>
<status status="PASS" start="2025-09-26T13:39:21.692566" elapsed="0.000414"/>
</kw>
<arg>Ceramic Mug</arg>
<status status="PASS" start="2025-09-26T13:39:21.595052" elapsed="0.098041"/>
</kw>
<kw name="Click search button" owner="ProductPage">
<kw name="Wait Until Element Is Visible" owner="SeleniumLibrary">
<arg>${xpath_search_btn_testid}</arg>
<arg>timeout=5s</arg>
<doc>Waits until the element ``locator`` is visible.</doc>
<status status="PASS" start="2025-09-26T13:39:21.693931" elapsed="0.016992"/>
</kw>
<kw name="Click Button" owner="SeleniumLibrary">
<msg time="2025-09-26T13:39:21.711888" level="INFO">Clicking button 'xpath=//button[@data-testid="nav-search-submit"]'.</msg>
<arg>${xpath_search_btn_testid}</arg>
<doc>Clicks the button identified by ``locator``.</doc>
<status status="PASS" start="2025-09-26T13:39:21.711388" elapsed="0.108164"/>
</kw>
<kw name="Sleep" owner="BuiltIn">
<msg time="2025-09-26T13:39:23.820666" level="INFO">Slept 2 seconds.</msg>
<arg>2s</arg>
<doc>Pauses the test executed for the given time.</doc>
<status status="PASS" start="2025-09-26T13:39:21.819909" elapsed="2.000876"/>
</kw>
<kw name="Log" owner="BuiltIn">
<msg time="2025-09-26T13:39:23.821134" level="INFO">Search button clicked</msg>
<arg>Search button clicked</arg>
<doc>Logs the given message with the given level.</doc>
<status status="PASS" start="2025-09-26T13:39:23.820973" elapsed="0.000238"/>
</kw>
<doc>กดปุ่ม Search ในแถบค้นหา</doc>
<status status="PASS" start="2025-09-26T13:39:21.693554" elapsed="2.127773"/>
</kw>
<kw name="Find product by name" owner="ProductPage">
<kw name="Wait Until Keyword Succeeds" owner="BuiltIn">
<kw name="Execute Javascript" owner="SeleniumLibrary">
<msg time="2025-09-26T13:39:23.823170" level="INFO">Executing JavaScript:
var h=document.querySelector('[data-testid="shadow-host"]'); if(!h||!h.shadowRoot){return false;} var items=h.shadowRoot.querySelectorAll('a[data-testid^="product-card-name-"]'); for(var i=0;i&lt;items.length;i++){ if((items[i].textContent||'').trim()==='Ceramic Mug') return true; } return false;
Without any arguments.</msg>
<arg>var h=document.querySelector('${shadow_host}'); if(!h||!h.shadowRoot){return false;} var items=h.shadowRoot.querySelectorAll('a[data-testid^="product-card-name-"]'); for(var i=0;i&lt;items.length;i++){ if((items[i].textContent||'').trim()==='${product_name}') return true; } return false;</arg>
<doc>Executes the given JavaScript code with possible arguments.</doc>
<status status="PASS" start="2025-09-26T13:39:23.822366" elapsed="0.005494"/>
</kw>
<arg>10x</arg>
<arg>1s</arg>
<arg>Execute Javascript</arg>
<arg>var h=document.querySelector('${shadow_host}'); if(!h||!h.shadowRoot){return false;} var items=h.shadowRoot.querySelectorAll('a[data-testid^="product-card-name-"]'); for(var i=0;i&lt;items.length;i++){ if((items[i].textContent||'').trim()==='${product_name}') return true; } return false;</arg>
<doc>Runs the specified keyword and retries if it fails.</doc>
<status status="PASS" start="2025-09-26T13:39:23.822187" elapsed="0.005806"/>
</kw>
<kw name="Execute Javascript" owner="SeleniumLibrary">
<msg time="2025-09-26T13:39:23.828622" level="INFO">Executing JavaScript:
var h=document.querySelector('[data-testid="shadow-host"]'); if(!h||!h.shadowRoot){return '';} var items=h.shadowRoot.querySelectorAll('a[data-testid^="product-card-name-"]'); for(var i=0;i&lt;items.length;i++){ var t=(items[i].textContent||'').trim(); if(t==='Ceramic Mug') return t; } return '';
Without any arguments.</msg>
<msg time="2025-09-26T13:39:23.832584" level="INFO">${found_name} = Ceramic Mug</msg>
<var>${found_name}</var>
<arg>var h=document.querySelector('${shadow_host}'); if(!h||!h.shadowRoot){return '';} var items=h.shadowRoot.querySelectorAll('a[data-testid^="product-card-name-"]'); for(var i=0;i&lt;items.length;i++){ var t=(items[i].textContent||'').trim(); if(t==='${product_name}') return t; } return '';</arg>
<doc>Executes the given JavaScript code with possible arguments.</doc>
<status status="PASS" start="2025-09-26T13:39:23.828190" elapsed="0.004566"/>
</kw>
<kw name="Should Be Equal" owner="BuiltIn">
<arg>${found_name}</arg>
<arg>${product_name}</arg>
<doc>Fails if the given objects are unequal.</doc>
<status status="PASS" start="2025-09-26T13:39:23.832937" elapsed="0.000193"/>
</kw>
<kw name="Log" owner="BuiltIn">
<msg time="2025-09-26T13:39:23.833336" level="INFO">Ceramic Mug product found</msg>
<arg>${product_name} product found</arg>
<doc>Logs the given message with the given level.</doc>
<status status="PASS" start="2025-09-26T13:39:23.833237" elapsed="0.000130"/>
</kw>
<arg>Ceramic Mug</arg>
<status status="PASS" start="2025-09-26T13:39:23.821822" elapsed="0.011595"/>
</kw>
<kw name="Click view details for product" owner="ProductPage">
<kw name="Execute Javascript" owner="SeleniumLibrary">
<msg time="2025-09-26T13:39:23.834244" level="INFO">Executing JavaScript:
var h=document.querySelector('[data-testid="shadow-host"]'); if(!h||!h.shadowRoot){return null;} var names=h.shadowRoot.querySelectorAll('a[data-testid^="product-card-name-"]'); for(var i=0;i&lt;names.length;i++){ var a=names[i]; if((a.textContent||'').trim()==='Ceramic Mug'){ var li=a.closest('li[data-testid^="product-card-"]'); return li ? li.querySelector('button[data-testid^="product-card-view-"]') : null; } } return null;
Without any arguments.</msg>
<msg time="2025-09-26T13:39:23.839049" level="INFO">${view_details_btn} = &lt;selenium.webdriver.remote.webelement.WebElement (session="d8bb29fbc9823753c929e8b81f58af9c", element="f.9506660803965970FB71D810263AFF51.d.2BF30ECD24AD97FE618B0D01F0E49007.e.61")&gt;</msg>
<var>${view_details_btn}</var>
<arg>var h=document.querySelector('${shadow_host}'); if(!h||!h.shadowRoot){return null;} var names=h.shadowRoot.querySelectorAll('a[data-testid^="product-card-name-"]'); for(var i=0;i&lt;names.length;i++){ var a=names[i]; if((a.textContent||'').trim()==='${product_name}'){ var li=a.closest('li[data-testid^="product-card-"]'); return li ? li.querySelector('button[data-testid^="product-card-view-"]') : null; } } return null;</arg>
<doc>Executes the given JavaScript code with possible arguments.</doc>
<status status="PASS" start="2025-09-26T13:39:23.833924" elapsed="0.005167"/>
</kw>
<kw name="Wait Until Element Is Visible" owner="SeleniumLibrary">
<arg>${view_details_btn}</arg>
<arg>timeout=5s</arg>
<doc>Waits until the element ``locator`` is visible.</doc>
<status status="PASS" start="2025-09-26T13:39:23.839317" elapsed="0.006733"/>
</kw>
<kw name="Click Element" owner="SeleniumLibrary">
<msg time="2025-09-26T13:39:23.846485" level="INFO">Clicking element '&lt;selenium.webdriver.remote.webelement.WebElement (session="d8bb29fbc9823753c929e8b81f58af9c", element="f.9506660803965970FB71D810263AFF51.d.2BF30ECD24AD97FE618B0D01F0E49007.e.61")&gt;'.</msg>
<arg>${view_details_btn}</arg>
<doc>Click the element identified by ``locator``.</doc>
<status status="PASS" start="2025-09-26T13:39:23.846273" elapsed="0.091794"/>
</kw>
<kw name="Sleep" owner="BuiltIn">
<msg time="2025-09-26T13:39:26.939156" level="INFO">Slept 3 seconds.</msg>
<arg>3s</arg>
<doc>Pauses the test executed for the given time.</doc>
<status status="PASS" start="2025-09-26T13:39:23.938441" elapsed="3.000863"/>
</kw>
<kw name="Log" owner="BuiltIn">
<msg time="2025-09-26T13:39:26.939744" level="INFO">View Details clicked for Ceramic Mug</msg>
<arg>View Details clicked for ${product_name}</arg>
<doc>Logs the given message with the given level.</doc>
<status status="PASS" start="2025-09-26T13:39:26.939499" elapsed="0.000322"/>
</kw>
<arg>Ceramic Mug</arg>
<status status="PASS" start="2025-09-26T13:39:23.833688" elapsed="3.106252"/>
</kw>
<kw name="Select product color" owner="ProductPage">
<kw name="Get shadow element" owner="Keywords">
<kw name="Execute Javascript" owner="SeleniumLibrary">
<msg time="2025-09-26T13:39:26.941546" level="INFO">Executing JavaScript:
return document.querySelector('[data-testid="shadow-host"]').shadowRoot.querySelector('button[data-testid="pd-opt-color-White"]')
Without any arguments.</msg>
<msg time="2025-09-26T13:39:26.946123" level="INFO">${element} = &lt;selenium.webdriver.remote.webelement.WebElement (session="d8bb29fbc9823753c929e8b81f58af9c", element="f.9506660803965970FB71D810263AFF51.d.2BF30ECD24AD97FE618B0D01F0E49007.e.66")&gt;</msg>
<var>${element}</var>
<arg>return document.querySelector('${shadow_host}').shadowRoot.querySelector('${element_selector}')</arg>
<doc>Executes the given JavaScript code with possible arguments.</doc>
<status status="PASS" start="2025-09-26T13:39:26.941100" elapsed="0.005071"/>
</kw>
<return>
<value>${element}</value>
<status status="PASS" start="2025-09-26T13:39:26.946257" elapsed="0.000059"/>
</return>
<msg time="2025-09-26T13:39:26.946445" level="INFO">${white_btn} = &lt;selenium.webdriver.remote.webelement.WebElement (session="d8bb29fbc9823753c929e8b81f58af9c", element="f.9506660803965970FB71D810263AFF51.d.2BF30ECD24AD97FE618B0D01F0E49007.e.66")&gt;</msg>
<var>${white_btn}</var>
<arg>${color_white_btn}</arg>
<doc>ดึง element ที่อยู่ใน shadow DOM โดยใช้ CSS selector</doc>
<status status="PASS" start="2025-09-26T13:39:26.940850" elapsed="0.005620"/>
</kw>
<kw name="Wait Until Element Is Visible" owner="SeleniumLibrary">
<arg>${white_btn}</arg>
<arg>timeout=5s</arg>
<doc>Waits until the element ``locator`` is visible.</doc>
<status status="PASS" start="2025-09-26T13:39:26.946592" elapsed="0.005598"/>
</kw>
<kw name="Click Element" owner="SeleniumLibrary">
<msg time="2025-09-26T13:39:26.952657" level="INFO">Clicking element '&lt;selenium.webdriver.remote.webelement.WebElement (session="d8bb29fbc9823753c929e8b81f58af9c", element="f.9506660803965970FB71D810263AFF51.d.2BF30ECD24AD97FE618B0D01F0E49007.e.66")&gt;'.</msg>
<arg>${white_btn}</arg>
<doc>Click the element identified by ``locator``.</doc>
<status status="PASS" start="2025-09-26T13:39:26.952385" elapsed="0.038470"/>
</kw>
<kw name="Sleep" owner="BuiltIn">
<msg time="2025-09-26T13:39:31.991721" level="INFO">Slept 5 seconds.</msg>
<arg>5s</arg>
<doc>Pauses the test executed for the given time.</doc>
<status status="PASS" start="2025-09-26T13:39:26.991036" elapsed="5.000796"/>
</kw>
<kw name="Log" owner="BuiltIn">
<msg time="2025-09-26T13:39:31.992196" level="INFO">Ceramic Mug White selected</msg>
<arg>${product_name} ${color} selected</arg>
<doc>Logs the given message with the given level.</doc>
<status status="PASS" start="2025-09-26T13:39:31.992010" elapsed="0.000227"/>
</kw>
<arg>Ceramic Mug</arg>
<arg>White</arg>
<status status="PASS" start="2025-09-26T13:39:26.940453" elapsed="5.051849"/>
</kw>
<kw name="Add multiple products To cart" owner="ProductPage">
<kw name="Get shadow element" owner="Keywords">
<kw name="Execute Javascript" owner="SeleniumLibrary">
<msg time="2025-09-26T13:39:31.993395" level="INFO">Executing JavaScript:
return document.querySelector('[data-testid="shadow-host"]').shadowRoot.querySelector('input[data-testid="pd-qty-input"]')
Without any arguments.</msg>
<msg time="2025-09-26T13:39:31.998242" level="INFO">${element} = &lt;selenium.webdriver.remote.webelement.WebElement (session="d8bb29fbc9823753c929e8b81f58af9c", element="f.9506660803965970FB71D810263AFF51.d.2BF30ECD24AD97FE618B0D01F0E49007.e.64")&gt;</msg>
<var>${element}</var>
<arg>return document.querySelector('${shadow_host}').shadowRoot.querySelector('${element_selector}')</arg>
<doc>Executes the given JavaScript code with possible arguments.</doc>
<status status="PASS" start="2025-09-26T13:39:31.993108" elapsed="0.005181"/>
</kw>
<return>
<value>${element}</value>
<status status="PASS" start="2025-09-26T13:39:31.998371" elapsed="0.000052"/>
</return>
<msg time="2025-09-26T13:39:31.998648" level="INFO">${qty_input} = &lt;selenium.webdriver.remote.webelement.WebElement (session="d8bb29fbc9823753c929e8b81f58af9c", element="f.9506660803965970FB71D810263AFF51.d.2BF30ECD24AD97FE618B0D01F0E49007.e.64")&gt;</msg>
<var>${qty_input}</var>
<arg>${Mug_qty_input}</arg>
<doc>ดึง element ที่อยู่ใน shadow DOM โดยใช้ CSS selector</doc>
<status status="PASS" start="2025-09-26T13:39:31.992918" elapsed="0.005758"/>
</kw>
<kw name="Clear Element Text" owner="SeleniumLibrary">
<arg>${qty_input}</arg>
<doc>Clears the value of the text-input-element identified by ``locator``.</doc>
<status status="PASS" start="2025-09-26T13:39:31.998823" elapsed="0.018965"/>
</kw>
<kw name="Input Text" owner="SeleniumLibrary">
<msg time="2025-09-26T13:39:32.018663" level="INFO">Typing text '3' into text field '&lt;selenium.webdriver.remote.webelement.WebElement (session="d8bb29fbc9823753c929e8b81f58af9c", element="f.9506660803965970FB71D810263AFF51.d.2BF30ECD24AD97FE618B0D01F0E49007.e.64")&gt;'.</msg>
<arg>${qty_input}</arg>
<arg>${quantity}</arg>
<doc>Types the given ``text`` into the text field identified by ``locator``.</doc>
<status status="PASS" start="2025-09-26T13:39:32.018193" elapsed="0.054690"/>
</kw>
<kw name="Get shadow element" owner="Keywords">
<kw name="Execute Javascript" owner="SeleniumLibrary">
<msg time="2025-09-26T13:39:32.075739" level="INFO">Executing JavaScript:
return document.querySelector('[data-testid="shadow-host"]').shadowRoot.querySelector('button[data-testid="pd-add-to-cart"]')
Without any arguments.</msg>
<msg time="2025-09-26T13:39:32.087044" level="INFO">${element} = &lt;selenium.webdriver.remote.webelement.WebElement (session="d8bb29fbc9823753c929e8b81f58af9c", element="f.9506660803965970FB71D810263AFF51.d.2BF30ECD24AD97FE618B0D01F0E49007.e.71")&gt;</msg>
<var>${element}</var>
<arg>return document.querySelector('${shadow_host}').shadowRoot.querySelector('${element_selector}')</arg>
<doc>Executes the given JavaScript code with possible arguments.</doc>
<status status="PASS" start="2025-09-26T13:39:32.075075" elapsed="0.012058"/>
</kw>
<return>
<value>${element}</value>
<status status="PASS" start="2025-09-26T13:39:32.087283" elapsed="0.000087"/>
</return>
<msg time="2025-09-26T13:39:32.087601" level="INFO">${cart_btn} = &lt;selenium.webdriver.remote.webelement.WebElement (session="d8bb29fbc9823753c929e8b81f58af9c", element="f.9506660803965970FB71D810263AFF51.d.2BF30ECD24AD97FE618B0D01F0E49007.e.71")&gt;</msg>
<var>${cart_btn}</var>
<arg>${add_to_cart_btn}</arg>
<doc>ดึง element ที่อยู่ใน shadow DOM โดยใช้ CSS selector</doc>
<status status="PASS" start="2025-09-26T13:39:32.073991" elapsed="0.013645"/>
</kw>
<kw name="Wait Until Element Is Enabled" owner="SeleniumLibrary">
<arg>${cart_btn}</arg>
<arg>timeout=5s</arg>
<doc>Waits until the element ``locator`` is enabled.</doc>
<status status="PASS" start="2025-09-26T13:39:32.087880" elapsed="0.011564"/>
</kw>
<kw name="Click Element" owner="SeleniumLibrary">
<msg time="2025-09-26T13:39:32.099898" level="INFO">Clicking element '&lt;selenium.webdriver.remote.webelement.WebElement (session="d8bb29fbc9823753c929e8b81f58af9c", element="f.9506660803965970FB71D810263AFF51.d.2BF30ECD24AD97FE618B0D01F0E49007.e.71")&gt;'.</msg>
<arg>${cart_btn}</arg>
<doc>Click the element identified by ``locator``.</doc>
<status status="PASS" start="2025-09-26T13:39:32.099652" elapsed="0.051312"/>
</kw>
<kw name="Sleep" owner="BuiltIn">
<msg time="2025-09-26T13:39:37.151955" level="INFO">Slept 5 seconds.</msg>
<arg>5s</arg>
<doc>Pauses the test executed for the given time.</doc>
<status status="PASS" start="2025-09-26T13:39:32.151250" elapsed="5.000826"/>
</kw>
<kw name="Log" owner="BuiltIn">
<msg time="2025-09-26T13:39:37.152474" level="INFO">3 Ceramic Mug added to cart</msg>
<arg>${quantity} ${product_name} added to cart</arg>
<doc>Logs the given message with the given level.</doc>
<status status="PASS" start="2025-09-26T13:39:37.152265" elapsed="0.000256"/>
</kw>
<arg>Ceramic Mug</arg>
<arg>3</arg>
<doc>เพิ่มจำนวนสินค้า</doc>
<status status="PASS" start="2025-09-26T13:39:31.992618" elapsed="5.159978"/>
</kw>
<kw name="Open cart page" owner="CartPage">
<kw name="Wait Until Element Is Visible" owner="SeleniumLibrary">
<arg>${xpath_cart}</arg>
<arg>timeout=5s</arg>
<doc>Waits until the element ``locator`` is visible.</doc>
<status status="PASS" start="2025-09-26T13:39:37.153217" elapsed="0.014562"/>
</kw>
<kw name="Click Element" owner="SeleniumLibrary">
<msg time="2025-09-26T13:39:37.168245" level="INFO">Clicking element 'xpath=//a[@data-testid="nav-cart"]'.</msg>
<arg>${xpath_cart}</arg>
<doc>Click the element identified by ``locator``.</doc>
<status status="PASS" start="2025-09-26T13:39:37.167994" elapsed="0.060284"/>
</kw>
<kw name="Sleep" owner="BuiltIn">
<msg time="2025-09-26T13:39:39.229008" level="INFO">Slept 2 seconds.</msg>
<arg>2s</arg>
<doc>Pauses the test executed for the given time.</doc>
<status status="PASS" start="2025-09-26T13:39:37.228470" elapsed="2.000657"/>
</kw>
<kw name="Log" owner="BuiltIn">
<msg time="2025-09-26T13:39:39.229469" level="INFO">Cart page opened</msg>
<arg>Cart page opened</arg>
<doc>Logs the given message with the given level.</doc>
<status status="PASS" start="2025-09-26T13:39:39.229318" elapsed="0.000207"/>
</kw>
<doc>เปิดหน้าตะกร้าสินค้า</doc>
<status status="PASS" start="2025-09-26T13:39:37.152945" elapsed="2.076658"/>
</kw>
<kw name="Select all items in cart" owner="CartPage">
<kw name="Get shadow element" owner="Keywords">
<kw name="Execute Javascript" owner="SeleniumLibrary">
<msg time="2025-09-26T13:39:39.231088" level="INFO">Executing JavaScript:
return document.querySelector('[data-testid="shadow-host"]').shadowRoot.querySelector('input[data-cart="cart-div0-div1-div0-label0-input0"]')
Without any arguments.</msg>
<msg time="2025-09-26T13:39:39.235993" level="INFO">${element} = &lt;selenium.webdriver.remote.webelement.WebElement (session="d8bb29fbc9823753c929e8b81f58af9c", element="f.9506660803965970FB71D810263AFF51.d.2BF30ECD24AD97FE618B0D01F0E49007.e.73")&gt;</msg>
<var>${element}</var>
<arg>return document.querySelector('${shadow_host}').shadowRoot.querySelector('${element_selector}')</arg>
<doc>Executes the given JavaScript code with possible arguments.</doc>
<status status="PASS" start="2025-09-26T13:39:39.230580" elapsed="0.005461"/>
</kw>
<return>
<value>${element}</value>
<status status="PASS" start="2025-09-26T13:39:39.236137" elapsed="0.000056"/>
</return>
<msg time="2025-09-26T13:39:39.236332" level="INFO">${select_all} = &lt;selenium.webdriver.remote.webelement.WebElement (session="d8bb29fbc9823753c929e8b81f58af9c", element="f.9506660803965970FB71D810263AFF51.d.2BF30ECD24AD97FE618B0D01F0E49007.e.73")&gt;</msg>
<var>${select_all}</var>
<arg>${cart_select_all}</arg>
<doc>ดึง element ที่อยู่ใน shadow DOM โดยใช้ CSS selector</doc>
<status status="PASS" start="2025-09-26T13:39:39.230345" elapsed="0.006011"/>
</kw>
<kw name="Click Element" owner="SeleniumLibrary">
<msg time="2025-09-26T13:39:39.236792" level="INFO">Clicking element '&lt;selenium.webdriver.remote.webelement.WebElement (session="d8bb29fbc9823753c929e8b81f58af9c", element="f.9506660803965970FB71D810263AFF51.d.2BF30ECD24AD97FE618B0D01F0E49007.e.73")&gt;'.</msg>
<arg>${select_all}</arg>
<doc>Click the element identified by ``locator``.</doc>
<status status="PASS" start="2025-09-26T13:39:39.236490" elapsed="0.040347"/>
</kw>
<kw name="Sleep" owner="BuiltIn">
<msg time="2025-09-26T13:39:44.277670" level="INFO">Slept 5 seconds.</msg>
<arg>5s</arg>
<doc>Pauses the test executed for the given time.</doc>
<status status="PASS" start="2025-09-26T13:39:39.277018" elapsed="5.000778"/>
</kw>
<kw name="Log" owner="BuiltIn">
<msg time="2025-09-26T13:39:44.278150" level="INFO">All items selected</msg>
<arg>All items selected</arg>
<doc>Logs the given message with the given level.</doc>
<status status="PASS" start="2025-09-26T13:39:44.277991" elapsed="0.000230"/>
</kw>
<doc>เลือกสินค้าทั้งหมดในตะกร้า</doc>
<status status="PASS" start="2025-09-26T13:39:39.230062" elapsed="5.048361"/>
</kw>
<kw name="Select coupon first item" owner="CartPage">
<kw name="Get shadow element" owner="Keywords">
<kw name="Execute Javascript" owner="SeleniumLibrary">
<msg time="2025-09-26T13:39:44.279769" level="INFO">Executing JavaScript:
return document.querySelector('[data-testid="shadow-host"]').shadowRoot.querySelector('button[data-cart="cart-div0-div1-div1-aside1-section1-div1-button0"]')
Without any arguments.</msg>
<msg time="2025-09-26T13:39:44.284059" level="INFO">${element} = &lt;selenium.webdriver.remote.webelement.WebElement (session="d8bb29fbc9823753c929e8b81f58af9c", element="f.9506660803965970FB71D810263AFF51.d.2BF30ECD24AD97FE618B0D01F0E49007.e.80")&gt;</msg>
<var>${element}</var>
<arg>return document.querySelector('${shadow_host}').shadowRoot.querySelector('${element_selector}')</arg>
<doc>Executes the given JavaScript code with possible arguments.</doc>
<status status="PASS" start="2025-09-26T13:39:44.279383" elapsed="0.004710"/>
</kw>
<return>
<value>${element}</value>
<status status="PASS" start="2025-09-26T13:39:44.284154" elapsed="0.000042"/>
</return>
<msg time="2025-09-26T13:39:44.284340" level="INFO">${dropdown} = &lt;selenium.webdriver.remote.webelement.WebElement (session="d8bb29fbc9823753c929e8b81f58af9c", element="f.9506660803965970FB71D810263AFF51.d.2BF30ECD24AD97FE618B0D01F0E49007.e.80")&gt;</msg>
<var>${dropdown}</var>
<arg>${coupon_dropdown}</arg>
<doc>ดึง element ที่อยู่ใน shadow DOM โดยใช้ CSS selector</doc>
<status status="PASS" start="2025-09-26T13:39:44.279124" elapsed="0.005240"/>
</kw>
<kw name="Click Element" owner="SeleniumLibrary">
<msg time="2025-09-26T13:39:44.284629" level="INFO">Clicking element '&lt;selenium.webdriver.remote.webelement.WebElement (session="d8bb29fbc9823753c929e8b81f58af9c", element="f.9506660803965970FB71D810263AFF51.d.2BF30ECD24AD97FE618B0D01F0E49007.e.80")&gt;'.</msg>
<arg>${dropdown}</arg>
<doc>Click the element identified by ``locator``.</doc>
<status status="PASS" start="2025-09-26T13:39:44.284469" elapsed="0.036831"/>
</kw>
<kw name="Sleep" owner="BuiltIn">
<msg time="2025-09-26T13:39:45.322398" level="INFO">Slept 1 second.</msg>
<arg>1s</arg>
<doc>Pauses the test executed for the given time.</doc>
<status status="PASS" start="2025-09-26T13:39:44.321519" elapsed="1.001073"/>
</kw>
<kw name="Get shadow element" owner="Keywords">
<kw name="Execute Javascript" owner="SeleniumLibrary">
<msg time="2025-09-26T13:39:45.323661" level="INFO">Executing JavaScript:
return document.querySelector('[data-testid="shadow-host"]').shadowRoot.querySelector('button[data-cart="cart-div0-div1-div1-aside1-section1-div2-ul2-li0-button0"]')
Without any arguments.</msg>
<msg time="2025-09-26T13:39:45.327815" level="INFO">${element} = &lt;selenium.webdriver.remote.webelement.WebElement (session="d8bb29fbc9823753c929e8b81f58af9c", element="f.9506660803965970FB71D810263AFF51.d.2BF30ECD24AD97FE618B0D01F0E49007.e.82")&gt;</msg>
<var>${element}</var>
<arg>return document.querySelector('${shadow_host}').shadowRoot.querySelector('${element_selector}')</arg>
<doc>Executes the given JavaScript code with possible arguments.</doc>
<status status="PASS" start="2025-09-26T13:39:45.323246" elapsed="0.004608"/>
</kw>
<return>
<value>${element}</value>
<status status="PASS" start="2025-09-26T13:39:45.327935" elapsed="0.000045"/>
</return>
<msg time="2025-09-26T13:39:45.328119" level="INFO">${coupon_item} = &lt;selenium.webdriver.remote.webelement.WebElement (session="d8bb29fbc9823753c929e8b81f58af9c", element="f.9506660803965970FB71D810263AFF51.d.2BF30ECD24AD97FE618B0D01F0E49007.e.82")&gt;</msg>
<var>${coupon_item}</var>
<arg>${coupon_list_item}</arg>
<doc>ดึง element ที่อยู่ใน shadow DOM โดยใช้ CSS selector</doc>
<status status="PASS" start="2025-09-26T13:39:45.322897" elapsed="0.005248"/>
</kw>
<kw name="Click Element" owner="SeleniumLibrary">
<msg time="2025-09-26T13:39:45.328450" level="INFO">Clicking element '&lt;selenium.webdriver.remote.webelement.WebElement (session="d8bb29fbc9823753c929e8b81f58af9c", element="f.9506660803965970FB71D810263AFF51.d.2BF30ECD24AD97FE618B0D01F0E49007.e.82")&gt;'.</msg>
<arg>${coupon_item}</arg>
<doc>Click the element identified by ``locator``.</doc>
<status status="PASS" start="2025-09-26T13:39:45.328278" elapsed="0.034406"/>
</kw>
<kw name="Sleep" owner="BuiltIn">
<msg time="2025-09-26T13:39:46.363283" level="INFO">Slept 1 second.</msg>
<arg>1s</arg>
<doc>Pauses the test executed for the given time.</doc>
<status status="PASS" start="2025-09-26T13:39:45.362871" elapsed="1.000563"/>
</kw>
<kw name="Get shadow element" owner="Keywords">
<kw name="Execute Javascript" owner="SeleniumLibrary">
<msg time="2025-09-26T13:39:46.364451" level="INFO">Executing JavaScript:
return document.querySelector('[data-testid="shadow-host"]').shadowRoot.querySelector('button[data-cart="cart-div0-div1-div1-aside1-section1-div2-div1-button1"]')
Without any arguments.</msg>
<msg time="2025-09-26T13:39:46.369079" level="INFO">${element} = &lt;selenium.webdriver.remote.webelement.WebElement (session="d8bb29fbc9823753c929e8b81f58af9c", element="f.9506660803965970FB71D810263AFF51.d.2BF30ECD24AD97FE618B0D01F0E49007.e.83")&gt;</msg>
<var>${element}</var>
<arg>return document.querySelector('${shadow_host}').shadowRoot.querySelector('${element_selector}')</arg>
<doc>Executes the given JavaScript code with possible arguments.</doc>
<status status="PASS" start="2025-09-26T13:39:46.364057" elapsed="0.005064"/>
</kw>
<return>
<value>${element}</value>
<status status="PASS" start="2025-09-26T13:39:46.369196" elapsed="0.000052"/>
</return>
<msg time="2025-09-26T13:39:46.369390" level="INFO">${apply_btn} = &lt;selenium.webdriver.remote.webelement.WebElement (session="d8bb29fbc9823753c929e8b81f58af9c", element="f.9506660803965970FB71D810263AFF51.d.2BF30ECD24AD97FE618B0D01F0E49007.e.83")&gt;</msg>
<var>${apply_btn}</var>
<arg>${coupon_apply_btn}</arg>
<doc>ดึง element ที่อยู่ใน shadow DOM โดยใช้ CSS selector</doc>
<status status="PASS" start="2025-09-26T13:39:46.363723" elapsed="0.005698"/>
</kw>
<kw name="Click Element" owner="SeleniumLibrary">
<msg time="2025-09-26T13:39:46.369769" level="INFO">Clicking element '&lt;selenium.webdriver.remote.webelement.WebElement (session="d8bb29fbc9823753c929e8b81f58af9c", element="f.9506660803965970FB71D810263AFF51.d.2BF30ECD24AD97FE618B0D01F0E49007.e.83")&gt;'.</msg>
<arg>${apply_btn}</arg>
<doc>Click the element identified by ``locator``.</doc>
<status status="PASS" start="2025-09-26T13:39:46.369576" elapsed="0.038913"/>
</kw>
<kw name="Sleep" owner="BuiltIn">
<msg time="2025-09-26T13:39:48.409459" level="INFO">Slept 2 seconds.</msg>
<arg>2s</arg>
<doc>Pauses the test executed for the given time.</doc>
<status status="PASS" start="2025-09-26T13:39:46.408679" elapsed="2.000927"/>
</kw>
<kw name="Log" owner="BuiltIn">
<msg time="2025-09-26T13:39:48.410049" level="INFO">Coupon applied</msg>
<arg>Coupon applied</arg>
<doc>Logs the given message with the given level.</doc>
<status status="PASS" start="2025-09-26T13:39:48.409862" elapsed="0.000258"/>
</kw>
<doc>เลือกคูปองส่วนลด</doc>
<status status="PASS" start="2025-09-26T13:39:44.278821" elapsed="4.131383"/>
</kw>
<kw name="Verify checkout total" owner="CartPage">
<kw name="Get shadow text" owner="Keywords">
<kw name="Wait Until Keyword Succeeds" owner="BuiltIn">
<kw name="Execute Javascript" owner="SeleniumLibrary">
<msg time="2025-09-26T13:39:48.411644" level="INFO">Executing JavaScript:
var h=document.querySelector('[data-testid="shadow-host"]'); return !!(h &amp;&amp; h.shadowRoot &amp;&amp; h.shadowRoot.querySelector('span[data-cart="cart-div0-div1-div1-aside1-section0-div4-span1"]'));
Without any arguments.</msg>
<arg>var h=document.querySelector('${shadow_host}'); return !!(h &amp;&amp; h.shadowRoot &amp;&amp; h.shadowRoot.querySelector('${element_selector}'));</arg>
<doc>Executes the given JavaScript code with possible arguments.</doc>
<status status="PASS" start="2025-09-26T13:39:48.411305" elapsed="0.004853"/>
</kw>
<arg>10x</arg>
<arg>0.5s</arg>
<arg>Execute Javascript</arg>
<arg>var h=document.querySelector('${shadow_host}'); return !!(h &amp;&amp; h.shadowRoot &amp;&amp; h.shadowRoot.querySelector('${element_selector}'));</arg>
<doc>Runs the specified keyword and retries if it fails.</doc>
<status status="PASS" start="2025-09-26T13:39:48.411135" elapsed="0.005115"/>
</kw>
<kw name="Execute Javascript" owner="SeleniumLibrary">
<msg time="2025-09-26T13:39:48.416822" level="INFO">Executing JavaScript:
var h=document.querySelector('[data-testid="shadow-host"]'); if(h &amp;&amp; h.shadowRoot){ var el=h.shadowRoot.querySelector('span[data-cart="cart-div0-div1-div1-aside1-section0-div4-span1"]'); return el ? (el.textContent||'') : ''; } return '';
Without any arguments.</msg>
<msg time="2025-09-26T13:39:48.420482" level="INFO">${text} = THB 323.00</msg>
<var>${text}</var>
<arg>var h=document.querySelector('${shadow_host}'); if(h &amp;&amp; h.shadowRoot){ var el=h.shadowRoot.querySelector('${element_selector}'); return el ? (el.textContent||'') : ''; } return '';</arg>
<doc>Executes the given JavaScript code with possible arguments.</doc>
<status status="PASS" start="2025-09-26T13:39:48.416400" elapsed="0.004123"/>
</kw>
<return>
<value>${text}</value>
<status status="PASS" start="2025-09-26T13:39:48.420603" elapsed="0.000053"/>
</return>
<msg time="2025-09-26T13:39:48.420800" level="INFO">${total_text} = THB 323.00</msg>
<var>${total_text}</var>
<arg>${cart_total}</arg>
<doc>ดึงข้อความจาก element ที่อยู่ใน shadow DOM และรอให้ element ปรากฏก่อน</doc>
<status status="PASS" start="2025-09-26T13:39:48.410919" elapsed="0.009906"/>
</kw>
<kw name="Get shadow text" owner="Keywords">
<kw name="Wait Until Keyword Succeeds" owner="BuiltIn">
<kw name="Execute Javascript" owner="SeleniumLibrary">
<msg time="2025-09-26T13:39:48.421719" level="INFO">Executing JavaScript:
var h=document.querySelector('[data-testid="shadow-host"]'); return !!(h &amp;&amp; h.shadowRoot &amp;&amp; h.shadowRoot.querySelector('span[data-cart="cart-div0-div1-div1-aside1-section0-div1-span1"]'));
Without any arguments.</msg>
<arg>var h=document.querySelector('${shadow_host}'); return !!(h &amp;&amp; h.shadowRoot &amp;&amp; h.shadowRoot.querySelector('${element_selector}'));</arg>
<doc>Executes the given JavaScript code with possible arguments.</doc>
<status status="PASS" start="2025-09-26T13:39:48.421401" elapsed="0.004500"/>
</kw>
<arg>10x</arg>
<arg>0.5s</arg>
<arg>Execute Javascript</arg>
<arg>var h=document.querySelector('${shadow_host}'); return !!(h &amp;&amp; h.shadowRoot &amp;&amp; h.shadowRoot.querySelector('${element_selector}'));</arg>
<doc>Runs the specified keyword and retries if it fails.</doc>
<status status="PASS" start="2025-09-26T13:39:48.421236" elapsed="0.004762"/>
</kw>
<kw name="Execute Javascript" owner="SeleniumLibrary">
<msg time="2025-09-26T13:39:48.426502" level="INFO">Executing JavaScript:
var h=document.querySelector('[data-testid="shadow-host"]'); if(h &amp;&amp; h.shadowRoot){ var el=h.shadowRoot.querySelector('span[data-cart="cart-div0-div1-div1-aside1-section0-div1-span1"]'); return el ? (el.textContent||'') : ''; } return '';
Without any arguments.</msg>
<msg time="2025-09-26T13:39:48.429972" level="INFO">${text} = THB 255.00</msg>
<var>${text}</var>
<arg>var h=document.querySelector('${shadow_host}'); if(h &amp;&amp; h.shadowRoot){ var el=h.shadowRoot.querySelector('${element_selector}'); return el ? (el.textContent||'') : ''; } return '';</arg>
<doc>Executes the given JavaScript code with possible arguments.</doc>
<status status="PASS" start="2025-09-26T13:39:48.426135" elapsed="0.003869"/>
</kw>
<return>
<value>${text}</value>
<status status="PASS" start="2025-09-26T13:39:48.430067" elapsed="0.000048"/>
</return>
<msg time="2025-09-26T13:39:48.430242" level="INFO">${subtotal_text} = THB 255.00</msg>
<var>${subtotal_text}</var>
<arg>${cart_subtotal}</arg>
<doc>ดึงข้อความจาก element ที่อยู่ใน shadow DOM และรอให้ element ปรากฏก่อน</doc>
<status status="PASS" start="2025-09-26T13:39:48.420989" elapsed="0.009277"/>
</kw>
<kw name="Get shadow text" owner="Keywords">
<kw name="Wait Until Keyword Succeeds" owner="BuiltIn">
<kw name="Execute Javascript" owner="SeleniumLibrary">
<msg time="2025-09-26T13:39:48.431267" level="INFO">Executing JavaScript:
var h=document.querySelector('[data-testid="shadow-host"]'); return !!(h &amp;&amp; h.shadowRoot &amp;&amp; h.shadowRoot.querySelector('span[data-cart="cart-div0-div1-div1-aside1-section0-div2-span1"]'));
Without any arguments.</msg>
<arg>var h=document.querySelector('${shadow_host}'); return !!(h &amp;&amp; h.shadowRoot &amp;&amp; h.shadowRoot.querySelector('${element_selector}'));</arg>
<doc>Executes the given JavaScript code with possible arguments.</doc>
<status status="PASS" start="2025-09-26T13:39:48.430867" elapsed="0.004164"/>
</kw>
<arg>10x</arg>
<arg>0.5s</arg>
<arg>Execute Javascript</arg>
<arg>var h=document.querySelector('${shadow_host}'); return !!(h &amp;&amp; h.shadowRoot &amp;&amp; h.shadowRoot.querySelector('${element_selector}'));</arg>
<doc>Runs the specified keyword and retries if it fails.</doc>
<status status="PASS" start="2025-09-26T13:39:48.430696" elapsed="0.004415"/>
</kw>
<kw name="Execute Javascript" owner="SeleniumLibrary">
<msg time="2025-09-26T13:39:48.435616" level="INFO">Executing JavaScript:
var h=document.querySelector('[data-testid="shadow-host"]'); if(h &amp;&amp; h.shadowRoot){ var el=h.shadowRoot.querySelector('span[data-cart="cart-div0-div1-div1-aside1-section0-div2-span1"]'); return el ? (el.textContent||'') : ''; } return '';
Without any arguments.</msg>
<msg time="2025-09-26T13:39:48.438464" level="INFO">${text} = THB 50.00</msg>
<var>${text}</var>
<arg>var h=document.querySelector('${shadow_host}'); if(h &amp;&amp; h.shadowRoot){ var el=h.shadowRoot.querySelector('${element_selector}'); return el ? (el.textContent||'') : ''; } return '';</arg>
<doc>Executes the given JavaScript code with possible arguments.</doc>
<status status="PASS" start="2025-09-26T13:39:48.435240" elapsed="0.003260"/>
</kw>
<return>
<value>${text}</value>
<status status="PASS" start="2025-09-26T13:39:48.438568" elapsed="0.000048"/>
</return>
<msg time="2025-09-26T13:39:48.438741" level="INFO">${shipping_text} = THB 50.00</msg>
<var>${shipping_text}</var>
<arg>${cart_shipping}</arg>
<doc>ดึงข้อความจาก element ที่อยู่ใน shadow DOM และรอให้ element ปรากฏก่อน</doc>
<status status="PASS" start="2025-09-26T13:39:48.430431" elapsed="0.008331"/>
</kw>
<kw name="Get shadow text" owner="Keywords">
<kw name="Wait Until Keyword Succeeds" owner="BuiltIn">
<kw name="Execute Javascript" owner="SeleniumLibrary">
<msg time="2025-09-26T13:39:48.439544" level="INFO">Executing JavaScript:
var h=document.querySelector('[data-testid="shadow-host"]'); return !!(h &amp;&amp; h.shadowRoot &amp;&amp; h.shadowRoot.querySelector('span[data-cart="cart-div0-div1-div1-aside1-section0-div3-span1"]'));
Without any arguments.</msg>
<arg>var h=document.querySelector('${shadow_host}'); return !!(h &amp;&amp; h.shadowRoot &amp;&amp; h.shadowRoot.querySelector('${element_selector}'));</arg>
<doc>Executes the given JavaScript code with possible arguments.</doc>
<status status="PASS" start="2025-09-26T13:39:48.439265" elapsed="0.003454"/>
</kw>
<arg>10x</arg>
<arg>0.5s</arg>
<arg>Execute Javascript</arg>
<arg>var h=document.querySelector('${shadow_host}'); return !!(h &amp;&amp; h.shadowRoot &amp;&amp; h.shadowRoot.querySelector('${element_selector}'));</arg>
<doc>Runs the specified keyword and retries if it fails.</doc>
<status status="PASS" start="2025-09-26T13:39:48.439113" elapsed="0.003690"/>
</kw>
<kw name="Execute Javascript" owner="SeleniumLibrary">
<msg time="2025-09-26T13:39:48.443393" level="INFO">Executing JavaScript:
var h=document.querySelector('[data-testid="shadow-host"]'); if(h &amp;&amp; h.shadowRoot){ var el=h.shadowRoot.querySelector('span[data-cart="cart-div0-div1-div1-aside1-section0-div3-span1"]'); return el ? (el.textContent||'') : ''; } return '';
Without any arguments.</msg>
<msg time="2025-09-26T13:39:48.446422" level="INFO">${text} = THB 18.00</msg>
<var>${text}</var>
<arg>var h=document.querySelector('${shadow_host}'); if(h &amp;&amp; h.shadowRoot){ var el=h.shadowRoot.querySelector('${element_selector}'); return el ? (el.textContent||'') : ''; } return '';</arg>
<doc>Executes the given JavaScript code with possible arguments.</doc>
<status status="PASS" start="2025-09-26T13:39:48.443052" elapsed="0.003402"/>
</kw>
<return>
<value>${text}</value>
<status status="PASS" start="2025-09-26T13:39:48.446517" elapsed="0.000045"/>
</return>
<msg time="2025-09-26T13:39:48.446685" level="INFO">${vat_text} = THB 18.00</msg>
<var>${vat_text}</var>
<arg>${cart_vat}</arg>
<doc>ดึงข้อความจาก element ที่อยู่ใน shadow DOM และรอให้ element ปรากฏก่อน</doc>
<status status="PASS" start="2025-09-26T13:39:48.438904" elapsed="0.007805"/>
</kw>
<kw name="Evaluate" owner="BuiltIn">
<msg time="2025-09-26T13:39:48.447060" level="INFO">${total} = 323.0</msg>
<var>${total}</var>
<arg>float(__import__('re').sub(r'[^0-9.]','', '''${total_text}'''))</arg>
<doc>Evaluates the given expression in Python and returns the result.</doc>
<status status="PASS" start="2025-09-26T13:39:48.446824" elapsed="0.000258"/>
</kw>
<kw name="Evaluate" owner="BuiltIn">
<msg time="2025-09-26T13:39:48.447315" level="INFO">${subtotal} = 255.0</msg>
<var>${subtotal}</var>
<arg>float(__import__('re').sub(r'[^0-9.]','', '''${subtotal_text}'''))</arg>
<doc>Evaluates the given expression in Python and returns the result.</doc>
<status status="PASS" start="2025-09-26T13:39:48.447164" elapsed="0.000171"/>
</kw>
<kw name="Evaluate" owner="BuiltIn">
<msg time="2025-09-26T13:39:48.447556" level="INFO">${shipping} = 50.0</msg>
<var>${shipping}</var>
<arg>float(__import__('re').sub(r'[^0-9.]','', '''${shipping_text}'''))</arg>
<doc>Evaluates the given expression in Python and returns the result.</doc>
<status status="PASS" start="2025-09-26T13:39:48.447413" elapsed="0.000164"/>
</kw>
<kw name="Evaluate" owner="BuiltIn">
<msg time="2025-09-26T13:39:48.447790" level="INFO">${vat} = 18.0</msg>
<var>${vat}</var>
<arg>float(__import__('re').sub(r'[^0-9.]','', '''${vat_text}'''))</arg>
<doc>Evaluates the given expression in Python and returns the result.</doc>
<status status="PASS" start="2025-09-26T13:39:48.447651" elapsed="0.000158"/>
</kw>
<kw name="Evaluate" owner="BuiltIn">
<msg time="2025-09-26T13:39:48.448142" level="INFO">${percent_value} = 0.0</msg>
<var>${percent_value}</var>
<arg>(lambda m: abs(float(m.group())) if m else 0.0)(__import__('re').search(r'-?\\d+(?:\\.\\d+)?', '''${discount_percent}'''))</arg>
<doc>Evaluates the given expression in Python and returns the result.</doc>
<status status="PASS" start="2025-09-26T13:39:48.447882" elapsed="0.000282"/>
</kw>
<kw name="Evaluate" owner="BuiltIn">
<msg time="2025-09-26T13:39:48.448389" level="INFO">${discount} = 0.0</msg>
<var>${discount}</var>
<arg>(${percent_value}/100.0)*${subtotal}</arg>
<doc>Evaluates the given expression in Python and returns the result.</doc>
<status status="PASS" start="2025-09-26T13:39:48.448241" elapsed="0.000168"/>
</kw>
<kw name="Evaluate" owner="BuiltIn">
<msg time="2025-09-26T13:39:48.448645" level="INFO">${expected_formula_total} = 323.0</msg>
<var>${expected_formula_total}</var>
<arg>${subtotal} - ${discount} + ${shipping} + ${vat}</arg>
<doc>Evaluates the given expression in Python and returns the result.</doc>
<status status="PASS" start="2025-09-26T13:39:48.448482" elapsed="0.000183"/>
</kw>
<kw name="Should Be Equal As Numbers" owner="BuiltIn">
<arg>${total}</arg>
<arg>${expected_formula_total}</arg>
<doc>Fails if objects are unequal after converting them to real numbers.</doc>
<status status="PASS" start="2025-09-26T13:39:48.448738" elapsed="0.000142"/>
</kw>
<kw name="Run Keyword If" owner="BuiltIn">
<kw name="Should Be Equal As Numbers" owner="BuiltIn">
<msg time="2025-09-26T13:39:48.449247" level="INFO">Argument types are:
&lt;class 'float'&gt;
&lt;class 'str'&gt;</msg>
<arg>${total}</arg>
<arg>${expected_total}</arg>
<doc>Fails if objects are unequal after converting them to real numbers.</doc>
<status status="PASS" start="2025-09-26T13:39:48.449141" elapsed="0.000144"/>
</kw>
<arg>'''${expected_total}''' not in (None, '', 'None')</arg>
<arg>Should Be Equal As Numbers</arg>
<arg>${total}</arg>
<arg>${expected_total}</arg>
<doc>Runs the given keyword with the given arguments, if ``condition`` is true.</doc>
<status status="PASS" start="2025-09-26T13:39:48.448969" elapsed="0.000361"/>
</kw>
<kw name="Log" owner="BuiltIn">
<msg time="2025-09-26T13:39:48.449464" level="INFO">Checkout total verified</msg>
<arg>Checkout total verified</arg>
<doc>Logs the given message with the given level.</doc>
<status status="PASS" start="2025-09-26T13:39:48.449407" elapsed="0.000087"/>
</kw>
<arg>none</arg>
<arg>323.00</arg>
<doc>เช็คคำนวนราคารวม: total = subtotal - discount + shipping + vat</doc>
<status status="PASS" start="2025-09-26T13:39:48.410587" elapsed="0.038956"/>
</kw>
<kw name="Remove all cart items" owner="CartPage">
<kw name="Execute Javascript" owner="SeleniumLibrary">
<msg time="2025-09-26T13:39:48.450405" level="INFO">Executing JavaScript:
var h=document.querySelector('[data-testid="shadow-host"]'); if(h&amp;&amp;h.shadowRoot){ return h.shadowRoot.querySelectorAll('div[data-cart="cart-div0-div1-div1-div0-div0"]').length; } return 0;
Without any arguments.</msg>
<msg time="2025-09-26T13:39:48.453647" level="INFO">${count} = 1</msg>
<var>${count}</var>
<arg>var h=document.querySelector('${shadow_host}'); if(h&amp;&amp;h.shadowRoot){ return h.shadowRoot.querySelectorAll('${cart_item_container}').length; } return 0;</arg>
<doc>Executes the given JavaScript code with possible arguments.</doc>
<status status="PASS" start="2025-09-26T13:39:48.450121" elapsed="0.003556"/>
</kw>
<while condition="${count} &gt; 0">
<iter>
<kw name="Execute Javascript" owner="SeleniumLibrary">
<msg time="2025-09-26T13:39:48.454281" level="INFO">Executing JavaScript:
var h=document.querySelector('[data-testid="shadow-host"]'); if(h&amp;&amp;h.shadowRoot){ var item=h.shadowRoot.querySelector('div[data-cart="cart-div0-div1-div1-div0-div0"]'); if(item){ var btn=item.querySelector('button[data-cart*="button2"]'); if(btn){ try{btn.click();}catch(e){} } } }
Without any arguments.</msg>
<arg>var h=document.querySelector('${shadow_host}'); if(h&amp;&amp;h.shadowRoot){ var item=h.shadowRoot.querySelector('${cart_item_container}'); if(item){ var btn=item.querySelector('${cart_remove_btn}'); if(btn){ try{btn.click();}catch(e){} } } }</arg>
<doc>Executes the given JavaScript code with possible arguments.</doc>
<status status="PASS" start="2025-09-26T13:39:48.453978" elapsed="0.005000"/>
</kw>
<kw name="Wait Until Keyword Succeeds" owner="BuiltIn">
<kw name="Execute Javascript" owner="SeleniumLibrary">
<msg time="2025-09-26T13:39:48.459742" level="INFO">Executing JavaScript:
var h=document.querySelector('[data-testid="shadow-host"]'); if(!(h&amp;&amp;h.shadowRoot)) return false; return h.shadowRoot.querySelector('div[data-cart="cart-div0-div1-div2"]') !== null;
Without any arguments.</msg>
<arg>var h=document.querySelector('${shadow_host}'); if(!(h&amp;&amp;h.shadowRoot)) return false; return h.shadowRoot.querySelector('${cart_confirm_overlay}') !== null;</arg>
<doc>Executes the given JavaScript code with possible arguments.</doc>
<status status="PASS" start="2025-09-26T13:39:48.459379" elapsed="0.004732"/>
</kw>
<arg>10x</arg>
<arg>0.25s</arg>
<arg>Execute Javascript</arg>
<arg>var h=document.querySelector('${shadow_host}'); if(!(h&amp;&amp;h.shadowRoot)) return false; return h.shadowRoot.querySelector('${cart_confirm_overlay}') !== null;</arg>
<doc>Runs the specified keyword and retries if it fails.</doc>
<status status="PASS" start="2025-09-26T13:39:48.459162" elapsed="0.005218"/>
</kw>
<kw name="Wait Until Keyword Succeeds" owner="BuiltIn">
<kw name="Execute Javascript" owner="SeleniumLibrary">
<msg time="2025-09-26T13:39:48.465176" level="INFO">Executing JavaScript:
var h=document.querySelector('[data-testid="shadow-host"]'); if(h&amp;&amp;h.shadowRoot){ var c=h.shadowRoot.querySelector('button[data-cart="cart-div0-div1-div2-div0-div2-button1"]'); if(c){ try{c.click();}catch(e){} try{c.dispatchEvent(new MouseEvent('click',{bubbles:true}));}catch(e){} return true; } } return false;
Without any arguments.</msg>
<arg>var h=document.querySelector('${shadow_host}'); if(h&amp;&amp;h.shadowRoot){ var c=h.shadowRoot.querySelector('${cart_confirm_btn}'); if(c){ try{c.click();}catch(e){} try{c.dispatchEvent(new MouseEvent('click',{bubbles:true}));}catch(e){} return true; } } return false;</arg>
<doc>Executes the given JavaScript code with possible arguments.</doc>
<status status="PASS" start="2025-09-26T13:39:48.464835" elapsed="0.006057"/>
</kw>
<arg>10x</arg>
<arg>0.25s</arg>
<arg>Execute Javascript</arg>
<arg>var h=document.querySelector('${shadow_host}'); if(h&amp;&amp;h.shadowRoot){ var c=h.shadowRoot.querySelector('${cart_confirm_btn}'); if(c){ try{c.click();}catch(e){} try{c.dispatchEvent(new MouseEvent('click',{bubbles:true}));}catch(e){} return true; } } return false;</arg>
<doc>Runs the specified keyword and retries if it fails.</doc>
<status status="PASS" start="2025-09-26T13:39:48.464605" elapsed="0.006393"/>
</kw>
<kw name="Wait Until Keyword Succeeds" owner="BuiltIn">
<kw name="Execute Javascript" owner="SeleniumLibrary">
<msg time="2025-09-26T13:39:48.471759" level="INFO">Executing JavaScript:
var h=document.querySelector('[data-testid="shadow-host"]'); if(!(h&amp;&amp;h.shadowRoot)) return false; return h.shadowRoot.querySelector('div[data-cart="cart-div0-div1-div2"]') === null;
Without any arguments.</msg>
<arg>var h=document.querySelector('${shadow_host}'); if(!(h&amp;&amp;h.shadowRoot)) return false; return h.shadowRoot.querySelector('${cart_confirm_overlay}') === null;</arg>
<doc>Executes the given JavaScript code with possible arguments.</doc>
<status status="PASS" start="2025-09-26T13:39:48.471346" elapsed="0.003985"/>
</kw>
<arg>20x</arg>
<arg>0.25s</arg>
<arg>Execute Javascript</arg>
<arg>var h=document.querySelector('${shadow_host}'); if(!(h&amp;&amp;h.shadowRoot)) return false; return h.shadowRoot.querySelector('${cart_confirm_overlay}') === null;</arg>
<doc>Runs the specified keyword and retries if it fails.</doc>
<status status="PASS" start="2025-09-26T13:39:48.471153" elapsed="0.004268"/>
</kw>
<kw name="Execute Javascript" owner="SeleniumLibrary">
<msg time="2025-09-26T13:39:48.475945" level="INFO">Executing JavaScript:
var h=document.querySelector('[data-testid="shadow-host"]'); if(h&amp;&amp;h.shadowRoot){ return h.shadowRoot.querySelectorAll('div[data-cart="cart-div0-div1-div1-div0-div0"]').length; } return 0;
Without any arguments.</msg>
<msg time="2025-09-26T13:39:48.478582" level="INFO">${count} = 1</msg>
<var>${count}</var>
<arg>var h=document.querySelector('${shadow_host}'); if(h&amp;&amp;h.shadowRoot){ return h.shadowRoot.querySelectorAll('${cart_item_container}').length; } return 0;</arg>
<doc>Executes the given JavaScript code with possible arguments.</doc>
<status status="PASS" start="2025-09-26T13:39:48.475573" elapsed="0.003059"/>
</kw>
<status status="PASS" start="2025-09-26T13:39:48.453753" elapsed="0.024937"/>
</iter>
<iter>
<kw name="Execute Javascript" owner="SeleniumLibrary">
<msg time="2025-09-26T13:39:48.479304" level="INFO">Executing JavaScript:
var h=document.querySelector('[data-testid="shadow-host"]'); if(h&amp;&amp;h.shadowRoot){ var item=h.shadowRoot.querySelector('div[data-cart="cart-div0-div1-div1-div0-div0"]'); if(item){ var btn=item.querySelector('button[data-cart*="button2"]'); if(btn){ try{btn.click();}catch(e){} } } }
Without any arguments.</msg>
<arg>var h=document.querySelector('${shadow_host}'); if(h&amp;&amp;h.shadowRoot){ var item=h.shadowRoot.querySelector('${cart_item_container}'); if(item){ var btn=item.querySelector('${cart_remove_btn}'); if(btn){ try{btn.click();}catch(e){} } } }</arg>
<doc>Executes the given JavaScript code with possible arguments.</doc>
<status status="PASS" start="2025-09-26T13:39:48.478977" elapsed="0.002882"/>
</kw>
<kw name="Wait Until Keyword Succeeds" owner="BuiltIn">
<kw name="Execute Javascript" owner="SeleniumLibrary">
<msg time="2025-09-26T13:39:48.482419" level="INFO">Executing JavaScript:
var h=document.querySelector('[data-testid="shadow-host"]'); if(!(h&amp;&amp;h.shadowRoot)) return false; return h.shadowRoot.querySelector('div[data-cart="cart-div0-div1-div2"]') !== null;
Without any arguments.</msg>
<arg>var h=document.querySelector('${shadow_host}'); if(!(h&amp;&amp;h.shadowRoot)) return false; return h.shadowRoot.querySelector('${cart_confirm_overlay}') !== null;</arg>
<doc>Executes the given JavaScript code with possible arguments.</doc>
<status status="PASS" start="2025-09-26T13:39:48.482135" elapsed="0.002828"/>
</kw>
<arg>10x</arg>
<arg>0.25s</arg>
<arg>Execute Javascript</arg>
<arg>var h=document.querySelector('${shadow_host}'); if(!(h&amp;&amp;h.shadowRoot)) return false; return h.shadowRoot.querySelector('${cart_confirm_overlay}') !== null;</arg>
<doc>Runs the specified keyword and retries if it fails.</doc>
<status status="PASS" start="2025-09-26T13:39:48.481979" elapsed="0.003057"/>
</kw>
<kw name="Wait Until Keyword Succeeds" owner="BuiltIn">
<kw name="Execute Javascript" owner="SeleniumLibrary">
<msg time="2025-09-26T13:39:48.486343" level="INFO">Executing JavaScript:
var h=document.querySelector('[data-testid="shadow-host"]'); if(h&amp;&amp;h.shadowRoot){ var c=h.shadowRoot.querySelector('button[data-cart="cart-div0-div1-div2-div0-div2-button1"]'); if(c){ try{c.click();}catch(e){} try{c.dispatchEvent(new MouseEvent('click',{bubbles:true}));}catch(e){} return true; } } return false;
Without any arguments.</msg>
<arg>var h=document.querySelector('${shadow_host}'); if(h&amp;&amp;h.shadowRoot){ var c=h.shadowRoot.querySelector('${cart_confirm_btn}'); if(c){ try{c.click();}catch(e){} try{c.dispatchEvent(new MouseEvent('click',{bubbles:true}));}catch(e){} return true; } } return false;</arg>
<doc>Executes the given JavaScript code with possible arguments.</doc>
<status status="PASS" start="2025-09-26T13:39:48.485345" elapsed="0.004024"/>
</kw>
<arg>10x</arg>
<arg>0.25s</arg>
<arg>Execute Javascript</arg>
<arg>var h=document.querySelector('${shadow_host}'); if(h&amp;&amp;h.shadowRoot){ var c=h.shadowRoot.querySelector('${cart_confirm_btn}'); if(c){ try{c.click();}catch(e){} try{c.dispatchEvent(new MouseEvent('click',{bubbles:true}));}catch(e){} return true; } } return false;</arg>
<doc>Runs the specified keyword and retries if it fails.</doc>
<status status="PASS" start="2025-09-26T13:39:48.485162" elapsed="0.004277"/>
</kw>
<kw name="Wait Until Keyword Succeeds" owner="BuiltIn">
<kw name="Execute Javascript" owner="SeleniumLibrary">
<msg time="2025-09-26T13:39:48.490018" level="INFO">Executing JavaScript:
var h=document.querySelector('[data-testid="shadow-host"]'); if(!(h&amp;&amp;h.shadowRoot)) return false; return h.shadowRoot.querySelector('div[data-cart="cart-div0-div1-div2"]') === null;
Without any arguments.</msg>
<arg>var h=document.querySelector('${shadow_host}'); if(!(h&amp;&amp;h.shadowRoot)) return false; return h.shadowRoot.querySelector('${cart_confirm_overlay}') === null;</arg>
<doc>Executes the given JavaScript code with possible arguments.</doc>
<status status="PASS" start="2025-09-26T13:39:48.489713" elapsed="0.002828"/>
</kw>
<arg>20x</arg>
<arg>0.25s</arg>
<arg>Execute Javascript</arg>
<arg>var h=document.querySelector('${shadow_host}'); if(!(h&amp;&amp;h.shadowRoot)) return false; return h.shadowRoot.querySelector('${cart_confirm_overlay}') === null;</arg>
<doc>Runs the specified keyword and retries if it fails.</doc>
<status status="PASS" start="2025-09-26T13:39:48.489556" elapsed="0.003054"/>
</kw>
<kw name="Execute Javascript" owner="SeleniumLibrary">
<msg time="2025-09-26T13:39:48.493073" level="INFO">Executing JavaScript:
var h=document.querySelector('[data-testid="shadow-host"]'); if(h&amp;&amp;h.shadowRoot){ return h.shadowRoot.querySelectorAll('div[data-cart="cart-div0-div1-div1-div0-div0"]').length; } return 0;
Without any arguments.</msg>
<msg time="2025-09-26T13:39:48.495664" level="INFO">${count} = 1</msg>
<var>${count}</var>
<arg>var h=document.querySelector('${shadow_host}'); if(h&amp;&amp;h.shadowRoot){ return h.shadowRoot.querySelectorAll('${cart_item_container}').length; } return 0;</arg>
<doc>Executes the given JavaScript code with possible arguments.</doc>
<status status="PASS" start="2025-09-26T13:39:48.492770" elapsed="0.002926"/>
</kw>
<status status="PASS" start="2025-09-26T13:39:48.478740" elapsed="0.017006"/>
</iter>
<iter>
<kw name="Execute Javascript" owner="SeleniumLibrary">
<msg time="2025-09-26T13:39:48.496245" level="INFO">Executing JavaScript:
var h=document.querySelector('[data-testid="shadow-host"]'); if(h&amp;&amp;h.shadowRoot){ var item=h.shadowRoot.querySelector('div[data-cart="cart-div0-div1-div1-div0-div0"]'); if(item){ var btn=item.querySelector('button[data-cart*="button2"]'); if(btn){ try{btn.click();}catch(e){} } } }
Without any arguments.</msg>
<arg>var h=document.querySelector('${shadow_host}'); if(h&amp;&amp;h.shadowRoot){ var item=h.shadowRoot.querySelector('${cart_item_container}'); if(item){ var btn=item.querySelector('${cart_remove_btn}'); if(btn){ try{btn.click();}catch(e){} } } }</arg>
<doc>Executes the given JavaScript code with possible arguments.</doc>
<status status="PASS" start="2025-09-26T13:39:48.495973" elapsed="0.003010"/>
</kw>
<kw name="Wait Until Keyword Succeeds" owner="BuiltIn">
<kw name="Execute Javascript" owner="SeleniumLibrary">
<msg time="2025-09-26T13:39:48.499563" level="INFO">Executing JavaScript:
var h=document.querySelector('[data-testid="shadow-host"]'); if(!(h&amp;&amp;h.shadowRoot)) return false; return h.shadowRoot.querySelector('div[data-cart="cart-div0-div1-div2"]') !== null;
Without any arguments.</msg>
<arg>var h=document.querySelector('${shadow_host}'); if(!(h&amp;&amp;h.shadowRoot)) return false; return h.shadowRoot.querySelector('${cart_confirm_overlay}') !== null;</arg>
<doc>Executes the given JavaScript code with possible arguments.</doc>
<status status="PASS" start="2025-09-26T13:39:48.499274" elapsed="0.002682"/>
</kw>
<arg>10x</arg>
<arg>0.25s</arg>
<arg>Execute Javascript</arg>
<arg>var h=document.querySelector('${shadow_host}'); if(!(h&amp;&amp;h.shadowRoot)) return false; return h.shadowRoot.querySelector('${cart_confirm_overlay}') !== null;</arg>
<doc>Runs the specified keyword and retries if it fails.</doc>
<status status="PASS" start="2025-09-26T13:39:48.499117" elapsed="0.002896"/>
</kw>
<kw name="Wait Until Keyword Succeeds" owner="BuiltIn">
<kw name="Execute Javascript" owner="SeleniumLibrary">
<msg time="2025-09-26T13:39:48.502522" level="INFO">Executing JavaScript:
var h=document.querySelector('[data-testid="shadow-host"]'); if(h&amp;&amp;h.shadowRoot){ var c=h.shadowRoot.querySelector('button[data-cart="cart-div0-div1-div2-div0-div2-button1"]'); if(c){ try{c.click();}catch(e){} try{c.dispatchEvent(new MouseEvent('click',{bubbles:true}));}catch(e){} return true; } } return false;
Without any arguments.</msg>
<arg>var h=document.querySelector('${shadow_host}'); if(h&amp;&amp;h.shadowRoot){ var c=h.shadowRoot.querySelector('${cart_confirm_btn}'); if(c){ try{c.click();}catch(e){} try{c.dispatchEvent(new MouseEvent('click',{bubbles:true}));}catch(e){} return true; } } return false;</arg>
<doc>Executes the given JavaScript code with possible arguments.</doc>
<status status="PASS" start="2025-09-26T13:39:48.502257" elapsed="0.003605"/>
</kw>
<arg>10x</arg>
<arg>0.25s</arg>
<arg>Execute Javascript</arg>
<arg>var h=document.querySelector('${shadow_host}'); if(h&amp;&amp;h.shadowRoot){ var c=h.shadowRoot.querySelector('${cart_confirm_btn}'); if(c){ try{c.click();}catch(e){} try{c.dispatchEvent(new MouseEvent('click',{bubbles:true}));}catch(e){} return true; } } return false;</arg>
<doc>Runs the specified keyword and retries if it fails.</doc>
<status status="PASS" start="2025-09-26T13:39:48.502118" elapsed="0.003838"/>
</kw>
<kw name="Wait Until Keyword Succeeds" owner="BuiltIn">
<kw name="Execute Javascript" owner="SeleniumLibrary">
<msg time="2025-09-26T13:39:48.506649" level="INFO">Executing JavaScript:
var h=document.querySelector('[data-testid="shadow-host"]'); if(!(h&amp;&amp;h.shadowRoot)) return false; return h.shadowRoot.querySelector('div[data-cart="cart-div0-div1-div2"]') === null;
Without any arguments.</msg>
<arg>var h=document.querySelector('${shadow_host}'); if(!(h&amp;&amp;h.shadowRoot)) return false; return h.shadowRoot.querySelector('${cart_confirm_overlay}') === null;</arg>
<doc>Executes the given JavaScript code with possible arguments.</doc>
<status status="PASS" start="2025-09-26T13:39:48.506299" elapsed="0.002917"/>
</kw>
<arg>20x</arg>
<arg>0.25s</arg>
<arg>Execute Javascript</arg>
<arg>var h=document.querySelector('${shadow_host}'); if(!(h&amp;&amp;h.shadowRoot)) return false; return h.shadowRoot.querySelector('${cart_confirm_overlay}') === null;</arg>
<doc>Runs the specified keyword and retries if it fails.</doc>
<status status="PASS" start="2025-09-26T13:39:48.506116" elapsed="0.003166"/>
</kw>
<kw name="Execute Javascript" owner="SeleniumLibrary">
<msg time="2025-09-26T13:39:48.509771" level="INFO">Executing JavaScript:
var h=document.querySelector('[data-testid="shadow-host"]'); if(h&amp;&amp;h.shadowRoot){ return h.shadowRoot.querySelectorAll('div[data-cart="cart-div0-div1-div1-div0-div0"]').length; } return 0;
Without any arguments.</msg>
<msg time="2025-09-26T13:39:48.512377" level="INFO">${count} = 1</msg>
<var>${count}</var>
<arg>var h=document.querySelector('${shadow_host}'); if(h&amp;&amp;h.shadowRoot){ return h.shadowRoot.querySelectorAll('${cart_item_container}').length; } return 0;</arg>
<doc>Executes the given JavaScript code with possible arguments.</doc>
<status status="PASS" start="2025-09-26T13:39:48.509410" elapsed="0.002995"/>
</kw>
<status status="PASS" start="2025-09-26T13:39:48.495790" elapsed="0.016660"/>
</iter>
<iter>
<kw name="Execute Javascript" owner="SeleniumLibrary">
<msg time="2025-09-26T13:39:48.512962" level="INFO">Executing JavaScript:
var h=document.querySelector('[data-testid="shadow-host"]'); if(h&amp;&amp;h.shadowRoot){ var item=h.shadowRoot.querySelector('div[data-cart="cart-div0-div1-div1-div0-div0"]'); if(item){ var btn=item.querySelector('button[data-cart*="button2"]'); if(btn){ try{btn.click();}catch(e){} } } }
Without any arguments.</msg>
<arg>var h=document.querySelector('${shadow_host}'); if(h&amp;&amp;h.shadowRoot){ var item=h.shadowRoot.querySelector('${cart_item_container}'); if(item){ var btn=item.querySelector('${cart_remove_btn}'); if(btn){ try{btn.click();}catch(e){} } } }</arg>
<doc>Executes the given JavaScript code with possible arguments.</doc>
<status status="PASS" start="2025-09-26T13:39:48.512670" elapsed="0.002908"/>
</kw>
<kw name="Wait Until Keyword Succeeds" owner="BuiltIn">
<kw name="Execute Javascript" owner="SeleniumLibrary">
<msg time="2025-09-26T13:39:48.516216" level="INFO">Executing JavaScript:
var h=document.querySelector('[data-testid="shadow-host"]'); if(!(h&amp;&amp;h.shadowRoot)) return false; return h.shadowRoot.querySelector('div[data-cart="cart-div0-div1-div2"]') !== null;
Without any arguments.</msg>
<arg>var h=document.querySelector('${shadow_host}'); if(!(h&amp;&amp;h.shadowRoot)) return false; return h.shadowRoot.querySelector('${cart_confirm_overlay}') !== null;</arg>
<doc>Executes the given JavaScript code with possible arguments.</doc>
<status status="PASS" start="2025-09-26T13:39:48.515931" elapsed="0.002627"/>
</kw>
<arg>10x</arg>
<arg>0.25s</arg>
<arg>Execute Javascript</arg>
<arg>var h=document.querySelector('${shadow_host}'); if(!(h&amp;&amp;h.shadowRoot)) return false; return h.shadowRoot.querySelector('${cart_confirm_overlay}') !== null;</arg>
<doc>Runs the specified keyword and retries if it fails.</doc>
<status status="PASS" start="2025-09-26T13:39:48.515740" elapsed="0.002876"/>
</kw>
<kw name="Wait Until Keyword Succeeds" owner="BuiltIn">
<kw name="Execute Javascript" owner="SeleniumLibrary">
<msg time="2025-09-26T13:39:48.519256" level="INFO">Executing JavaScript:
var h=document.querySelector('[data-testid="shadow-host"]'); if(h&amp;&amp;h.shadowRoot){ var c=h.shadowRoot.querySelector('button[data-cart="cart-div0-div1-div2-div0-div2-button1"]'); if(c){ try{c.click();}catch(e){} try{c.dispatchEvent(new MouseEvent('click',{bubbles:true}));}catch(e){} return true; } } return false;
Without any arguments.</msg>
<arg>var h=document.querySelector('${shadow_host}'); if(h&amp;&amp;h.shadowRoot){ var c=h.shadowRoot.querySelector('${cart_confirm_btn}'); if(c){ try{c.click();}catch(e){} try{c.dispatchEvent(new MouseEvent('click',{bubbles:true}));}catch(e){} return true; } } return false;</arg>
<doc>Executes the given JavaScript code with possible arguments.</doc>
<status status="PASS" start="2025-09-26T13:39:48.518978" elapsed="0.002931"/>
</kw>
<arg>10x</arg>
<arg>0.25s</arg>
<arg>Execute Javascript</arg>
<arg>var h=document.querySelector('${shadow_host}'); if(h&amp;&amp;h.shadowRoot){ var c=h.shadowRoot.querySelector('${cart_confirm_btn}'); if(c){ try{c.click();}catch(e){} try{c.dispatchEvent(new MouseEvent('click',{bubbles:true}));}catch(e){} return true; } } return false;</arg>
<doc>Runs the specified keyword and retries if it fails.</doc>
<status status="PASS" start="2025-09-26T13:39:48.518818" elapsed="0.003192"/>
</kw>
<kw name="Wait Until Keyword Succeeds" owner="BuiltIn">
<kw name="Execute Javascript" owner="SeleniumLibrary">
<msg time="2025-09-26T13:39:48.522824" level="INFO">Executing JavaScript:
var h=document.querySelector('[data-testid="shadow-host"]'); if(!(h&amp;&amp;h.shadowRoot)) return false; return h.shadowRoot.querySelector('div[data-cart="cart-div0-div1-div2"]') === null;
Without any arguments.</msg>
<arg>var h=document.querySelector('${shadow_host}'); if(!(h&amp;&amp;h.shadowRoot)) return false; return h.shadowRoot.querySelector('${cart_confirm_overlay}') === null;</arg>
<doc>Executes the given JavaScript code with possible arguments.</doc>
<status status="PASS" start="2025-09-26T13:39:48.522406" elapsed="0.003592"/>
</kw>
<arg>20x</arg>
<arg>0.25s</arg>
<arg>Execute Javascript</arg>
<arg>var h=document.querySelector('${shadow_host}'); if(!(h&amp;&amp;h.shadowRoot)) return false; return h.shadowRoot.querySelector('${cart_confirm_overlay}') === null;</arg>
<doc>Runs the specified keyword and retries if it fails.</doc>
<status status="PASS" start="2025-09-26T13:39:48.522187" elapsed="0.003889"/>
</kw>
<kw name="Execute Javascript" owner="SeleniumLibrary">
<msg time="2025-09-26T13:39:48.526543" level="INFO">Executing JavaScript:
var h=document.querySelector('[data-testid="shadow-host"]'); if(h&amp;&amp;h.shadowRoot){ return h.shadowRoot.querySelectorAll('div[data-cart="cart-div0-div1-div1-div0-div0"]').length; } return 0;
Without any arguments.</msg>
<msg time="2025-09-26T13:39:48.529191" level="INFO">${count} = 1</msg>
<var>${count}</var>
<arg>var h=document.querySelector('${shadow_host}'); if(h&amp;&amp;h.shadowRoot){ return h.shadowRoot.querySelectorAll('${cart_item_container}').length; } return 0;</arg>
<doc>Executes the given JavaScript code with possible arguments.</doc>
<status status="PASS" start="2025-09-26T13:39:48.526197" elapsed="0.003026"/>
</kw>
<status status="PASS" start="2025-09-26T13:39:48.512485" elapsed="0.016787"/>
</iter>
<iter>
<kw name="Execute Javascript" owner="SeleniumLibrary">
<msg time="2025-09-26T13:39:48.529834" level="INFO">Executing JavaScript:
var h=document.querySelector('[data-testid="shadow-host"]'); if(h&amp;&amp;h.shadowRoot){ var item=h.shadowRoot.querySelector('div[data-cart="cart-div0-div1-div1-div0-div0"]'); if(item){ var btn=item.querySelector('button[data-cart*="button2"]'); if(btn){ try{btn.click();}catch(e){} } } }
Without any arguments.</msg>
<arg>var h=document.querySelector('${shadow_host}'); if(h&amp;&amp;h.shadowRoot){ var item=h.shadowRoot.querySelector('${cart_item_container}'); if(item){ var btn=item.querySelector('${cart_remove_btn}'); if(btn){ try{btn.click();}catch(e){} } } }</arg>
<doc>Executes the given JavaScript code with possible arguments.</doc>
<status status="PASS" start="2025-09-26T13:39:48.529511" elapsed="0.002683"/>
</kw>
<kw name="Wait Until Keyword Succeeds" owner="BuiltIn">
<kw name="Execute Javascript" owner="SeleniumLibrary">
<msg time="2025-09-26T13:39:48.532768" level="INFO">Executing JavaScript:
var h=document.querySelector('[data-testid="shadow-host"]'); if(!(h&amp;&amp;h.shadowRoot)) return false; return h.shadowRoot.querySelector('div[data-cart="cart-div0-div1-div2"]') !== null;
Without any arguments.</msg>
<arg>var h=document.querySelector('${shadow_host}'); if(!(h&amp;&amp;h.shadowRoot)) return false; return h.shadowRoot.querySelector('${cart_confirm_overlay}') !== null;</arg>
<doc>Executes the given JavaScript code with possible arguments.</doc>
<status status="PASS" start="2025-09-26T13:39:48.532479" elapsed="0.002862"/>
</kw>
<arg>10x</arg>
<arg>0.25s</arg>
<arg>Execute Javascript</arg>
<arg>var h=document.querySelector('${shadow_host}'); if(!(h&amp;&amp;h.shadowRoot)) return false; return h.shadowRoot.querySelector('${cart_confirm_overlay}') !== null;</arg>
<doc>Runs the specified keyword and retries if it fails.</doc>
<status status="PASS" start="2025-09-26T13:39:48.532316" elapsed="0.003099"/>
</kw>
<kw name="Wait Until Keyword Succeeds" owner="BuiltIn">
<kw name="Execute Javascript" owner="SeleniumLibrary">
<msg time="2025-09-26T13:39:48.536055" level="INFO">Executing JavaScript:
var h=document.querySelector('[data-testid="shadow-host"]'); if(h&amp;&amp;h.shadowRoot){ var c=h.shadowRoot.querySelector('button[data-cart="cart-div0-div1-div2-div0-div2-button1"]'); if(c){ try{c.click();}catch(e){} try{c.dispatchEvent(new MouseEvent('click',{bubbles:true}));}catch(e){} return true; } } return false;
Without any arguments.</msg>
<arg>var h=document.querySelector('${shadow_host}'); if(h&amp;&amp;h.shadowRoot){ var c=h.shadowRoot.querySelector('${cart_confirm_btn}'); if(c){ try{c.click();}catch(e){} try{c.dispatchEvent(new MouseEvent('click',{bubbles:true}));}catch(e){} return true; } } return false;</arg>
<doc>Executes the given JavaScript code with possible arguments.</doc>
<status status="PASS" start="2025-09-26T13:39:48.535719" elapsed="0.003301"/>
</kw>
<arg>10x</arg>
<arg>0.25s</arg>
<arg>Execute Javascript</arg>
[...]
<status status="PASS" start="2025-09-26T13:39:49.203939" elapsed="0.003549"/>
</kw>
<arg>10x</arg>
<arg>0.25s</arg>
<arg>Execute Javascript</arg>
<arg>var h=document.querySelector('${shadow_host}'); if(h&amp;&amp;h.shadowRoot){ var c=h.shadowRoot.querySelector('${cart_confirm_btn}'); if(c){ try{c.click();}catch(e){} try{c.dispatchEvent(new MouseEvent('click',{bubbles:true}));}catch(e){} return true; } } return false;</arg>
<doc>Runs the specified keyword and retries if it fails.</doc>
<status status="PASS" start="2025-09-26T13:39:49.203554" elapsed="0.004008"/>
</kw>
<kw name="Wait Until Keyword Succeeds" owner="BuiltIn">
<kw name="Execute Javascript" owner="SeleniumLibrary">
<msg time="2025-09-26T13:39:49.208158" level="INFO">Executing JavaScript:
var h=document.querySelector('[data-testid="shadow-host"]'); if(!(h&amp;&amp;h.shadowRoot)) return false; return h.shadowRoot.querySelector('div[data-cart="cart-div0-div1-div2"]') === null;
Without any arguments.</msg>
<arg>var h=document.querySelector('${shadow_host}'); if(!(h&amp;&amp;h.shadowRoot)) return false; return h.shadowRoot.querySelector('${cart_confirm_overlay}') === null;</arg>
<doc>Executes the given JavaScript code with possible arguments.</doc>
<status status="PASS" start="2025-09-26T13:39:49.207841" elapsed="0.002796"/>
</kw>
<arg>20x</arg>
<arg>0.25s</arg>
<arg>Execute Javascript</arg>
<arg>var h=document.querySelector('${shadow_host}'); if(!(h&amp;&amp;h.shadowRoot)) return false; return h.shadowRoot.querySelector('${cart_confirm_overlay}') === null;</arg>
<doc>Runs the specified keyword and retries if it fails.</doc>
<status status="PASS" start="2025-09-26T13:39:49.207682" elapsed="0.003033"/>
</kw>
<kw name="Execute Javascript" owner="SeleniumLibrary">
<msg time="2025-09-26T13:39:49.211287" level="INFO">Executing JavaScript:
var h=document.querySelector('[data-testid="shadow-host"]'); if(h&amp;&amp;h.shadowRoot){ return h.shadowRoot.querySelectorAll('div[data-cart="cart-div0-div1-div1-div0-div0"]').length; } return 0;
Without any arguments.</msg>
<msg time="2025-09-26T13:39:49.213937" level="INFO">${count} = 1</msg>
<var>${count}</var>
<arg>var h=document.querySelector('${shadow_host}'); if(h&amp;&amp;h.shadowRoot){ return h.shadowRoot.querySelectorAll('${cart_item_container}').length; } return 0;</arg>
<doc>Executes the given JavaScript code with possible arguments.</doc>
<status status="PASS" start="2025-09-26T13:39:49.210947" elapsed="0.003023"/>
</kw>
<status status="PASS" start="2025-09-26T13:39:49.194535" elapsed="0.019486"/>
</iter>
<iter>
<kw name="Execute Javascript" owner="SeleniumLibrary">
<msg time="2025-09-26T13:39:49.214558" level="INFO">Executing JavaScript:
var h=document.querySelector('[data-testid="shadow-host"]'); if(h&amp;&amp;h.shadowRoot){ var item=h.shadowRoot.querySelector('div[data-cart="cart-div0-div1-div1-div0-div0"]'); if(item){ var btn=item.querySelector('button[data-cart*="button2"]'); if(btn){ try{btn.click();}catch(e){} } } }
Without any arguments.</msg>
<arg>var h=document.querySelector('${shadow_host}'); if(h&amp;&amp;h.shadowRoot){ var item=h.shadowRoot.querySelector('${cart_item_container}'); if(item){ var btn=item.querySelector('${cart_remove_btn}'); if(btn){ try{btn.click();}catch(e){} } } }</arg>
<doc>Executes the given JavaScript code with possible arguments.</doc>
<status status="PASS" start="2025-09-26T13:39:49.214253" elapsed="0.002779"/>
</kw>
<kw name="Wait Until Keyword Succeeds" owner="BuiltIn">
<kw name="Execute Javascript" owner="SeleniumLibrary">
<msg time="2025-09-26T13:39:49.217611" level="INFO">Executing JavaScript:
var h=document.querySelector('[data-testid="shadow-host"]'); if(!(h&amp;&amp;h.shadowRoot)) return false; return h.shadowRoot.querySelector('div[data-cart="cart-div0-div1-div2"]') !== null;
Without any arguments.</msg>
<arg>var h=document.querySelector('${shadow_host}'); if(!(h&amp;&amp;h.shadowRoot)) return false; return h.shadowRoot.querySelector('${cart_confirm_overlay}') !== null;</arg>
<doc>Executes the given JavaScript code with possible arguments.</doc>
<status status="PASS" start="2025-09-26T13:39:49.217346" elapsed="0.003943"/>
</kw>
<arg>10x</arg>
<arg>0.25s</arg>
<arg>Execute Javascript</arg>
<arg>var h=document.querySelector('${shadow_host}'); if(!(h&amp;&amp;h.shadowRoot)) return false; return h.shadowRoot.querySelector('${cart_confirm_overlay}') !== null;</arg>
<doc>Runs the specified keyword and retries if it fails.</doc>
<status status="PASS" start="2025-09-26T13:39:49.217180" elapsed="0.004189"/>
</kw>
<kw name="Wait Until Keyword Succeeds" owner="BuiltIn">
<kw name="Execute Javascript" owner="SeleniumLibrary">
<msg time="2025-09-26T13:39:49.221909" level="INFO">Executing JavaScript:
var h=document.querySelector('[data-testid="shadow-host"]'); if(h&amp;&amp;h.shadowRoot){ var c=h.shadowRoot.querySelector('button[data-cart="cart-div0-div1-div2-div0-div2-button1"]'); if(c){ try{c.click();}catch(e){} try{c.dispatchEvent(new MouseEvent('click',{bubbles:true}));}catch(e){} return true; } } return false;
Without any arguments.</msg>
<arg>var h=document.querySelector('${shadow_host}'); if(h&amp;&amp;h.shadowRoot){ var c=h.shadowRoot.querySelector('${cart_confirm_btn}'); if(c){ try{c.click();}catch(e){} try{c.dispatchEvent(new MouseEvent('click',{bubbles:true}));}catch(e){} return true; } } return false;</arg>
<doc>Executes the given JavaScript code with possible arguments.</doc>
<status status="PASS" start="2025-09-26T13:39:49.221630" elapsed="0.002708"/>
</kw>
<arg>10x</arg>
<arg>0.25s</arg>
<arg>Execute Javascript</arg>
<arg>var h=document.querySelector('${shadow_host}'); if(h&amp;&amp;h.shadowRoot){ var c=h.shadowRoot.querySelector('${cart_confirm_btn}'); if(c){ try{c.click();}catch(e){} try{c.dispatchEvent(new MouseEvent('click',{bubbles:true}));}catch(e){} return true; } } return false;</arg>
<doc>Runs the specified keyword and retries if it fails.</doc>
<status status="PASS" start="2025-09-26T13:39:49.221479" elapsed="0.002919"/>
</kw>
<kw name="Wait Until Keyword Succeeds" owner="BuiltIn">
<kw name="Execute Javascript" owner="SeleniumLibrary">
<msg time="2025-09-26T13:39:49.224930" level="INFO">Executing JavaScript:
var h=document.querySelector('[data-testid="shadow-host"]'); if(!(h&amp;&amp;h.shadowRoot)) return false; return h.shadowRoot.querySelector('div[data-cart="cart-div0-div1-div2"]') === null;
Without any arguments.</msg>
<arg>var h=document.querySelector('${shadow_host}'); if(!(h&amp;&amp;h.shadowRoot)) return false; return h.shadowRoot.querySelector('${cart_confirm_overlay}') === null;</arg>
<doc>Executes the given JavaScript code with possible arguments.</doc>
<status status="PASS" start="2025-09-26T13:39:49.224636" elapsed="0.002727"/>
</kw>
<arg>20x</arg>
<arg>0.25s</arg>
<arg>Execute Javascript</arg>
<arg>var h=document.querySelector('${shadow_host}'); if(!(h&amp;&amp;h.shadowRoot)) return false; return h.shadowRoot.querySelector('${cart_confirm_overlay}') === null;</arg>
<doc>Runs the specified keyword and retries if it fails.</doc>
<status status="PASS" start="2025-09-26T13:39:49.224496" elapsed="0.002922"/>
</kw>
<kw name="Execute Javascript" owner="SeleniumLibrary">
<msg time="2025-09-26T13:39:49.227785" level="INFO">Executing JavaScript:
var h=document.querySelector('[data-testid="shadow-host"]'); if(h&amp;&amp;h.shadowRoot){ return h.shadowRoot.querySelectorAll('div[data-cart="cart-div0-div1-div1-div0-div0"]').length; } return 0;
Without any arguments.</msg>
<msg time="2025-09-26T13:39:49.230284" level="INFO">${count} = 1</msg>
<var>${count}</var>
<arg>var h=document.querySelector('${shadow_host}'); if(h&amp;&amp;h.shadowRoot){ return h.shadowRoot.querySelectorAll('${cart_item_container}').length; } return 0;</arg>
<doc>Executes the given JavaScript code with possible arguments.</doc>
<status status="PASS" start="2025-09-26T13:39:49.227513" elapsed="0.002807"/>
</kw>
<status status="PASS" start="2025-09-26T13:39:49.214055" elapsed="0.016322"/>
</iter>
<iter>
<kw name="Execute Javascript" owner="SeleniumLibrary">
<msg time="2025-09-26T13:39:49.231164" level="INFO">Executing JavaScript:
var h=document.querySelector('[data-testid="shadow-host"]'); if(h&amp;&amp;h.shadowRoot){ var item=h.shadowRoot.querySelector('div[data-cart="cart-div0-div1-div1-div0-div0"]'); if(item){ var btn=item.querySelector('button[data-cart*="button2"]'); if(btn){ try{btn.click();}catch(e){} } } }
Without any arguments.</msg>
<arg>var h=document.querySelector('${shadow_host}'); if(h&amp;&amp;h.shadowRoot){ var item=h.shadowRoot.querySelector('${cart_item_container}'); if(item){ var btn=item.querySelector('${cart_remove_btn}'); if(btn){ try{btn.click();}catch(e){} } } }</arg>
<doc>Executes the given JavaScript code with possible arguments.</doc>
<status status="PASS" start="2025-09-26T13:39:49.230660" elapsed="0.005422"/>
</kw>
<kw name="Wait Until Keyword Succeeds" owner="BuiltIn">
<kw name="Execute Javascript" owner="SeleniumLibrary">
<msg time="2025-09-26T13:39:49.237119" level="INFO">Executing JavaScript:
var h=document.querySelector('[data-testid="shadow-host"]'); if(!(h&amp;&amp;h.shadowRoot)) return false; return h.shadowRoot.querySelector('div[data-cart="cart-div0-div1-div2"]') !== null;
Without any arguments.</msg>
<arg>var h=document.querySelector('${shadow_host}'); if(!(h&amp;&amp;h.shadowRoot)) return false; return h.shadowRoot.querySelector('${cart_confirm_overlay}') !== null;</arg>
<doc>Executes the given JavaScript code with possible arguments.</doc>
<status status="PASS" start="2025-09-26T13:39:49.236558" elapsed="0.003745"/>
</kw>
<arg>10x</arg>
<arg>0.25s</arg>
<arg>Execute Javascript</arg>
<arg>var h=document.querySelector('${shadow_host}'); if(!(h&amp;&amp;h.shadowRoot)) return false; return h.shadowRoot.querySelector('${cart_confirm_overlay}') !== null;</arg>
<doc>Runs the specified keyword and retries if it fails.</doc>
<status status="PASS" start="2025-09-26T13:39:49.236334" elapsed="0.004034"/>
</kw>
<kw name="Wait Until Keyword Succeeds" owner="BuiltIn">
<kw name="Execute Javascript" owner="SeleniumLibrary">
<msg time="2025-09-26T13:39:49.241024" level="INFO">Executing JavaScript:
var h=document.querySelector('[data-testid="shadow-host"]'); if(h&amp;&amp;h.shadowRoot){ var c=h.shadowRoot.querySelector('button[data-cart="cart-div0-div1-div2-div0-div2-button1"]'); if(c){ try{c.click();}catch(e){} try{c.dispatchEvent(new MouseEvent('click',{bubbles:true}));}catch(e){} return true; } } return false;
Without any arguments.</msg>
<arg>var h=document.querySelector('${shadow_host}'); if(h&amp;&amp;h.shadowRoot){ var c=h.shadowRoot.querySelector('${cart_confirm_btn}'); if(c){ try{c.click();}catch(e){} try{c.dispatchEvent(new MouseEvent('click',{bubbles:true}));}catch(e){} return true; } } return false;</arg>
<doc>Executes the given JavaScript code with possible arguments.</doc>
<status status="PASS" start="2025-09-26T13:39:49.240736" elapsed="0.002969"/>
</kw>
<arg>10x</arg>
<arg>0.25s</arg>
<arg>Execute Javascript</arg>
<arg>var h=document.querySelector('${shadow_host}'); if(h&amp;&amp;h.shadowRoot){ var c=h.shadowRoot.querySelector('${cart_confirm_btn}'); if(c){ try{c.click();}catch(e){} try{c.dispatchEvent(new MouseEvent('click',{bubbles:true}));}catch(e){} return true; } } return false;</arg>
<doc>Runs the specified keyword and retries if it fails.</doc>
<status status="PASS" start="2025-09-26T13:39:49.240583" elapsed="0.003201"/>
</kw>
<kw name="Wait Until Keyword Succeeds" owner="BuiltIn">
<kw name="Execute Javascript" owner="SeleniumLibrary">
<msg time="2025-09-26T13:39:49.244431" level="INFO">Executing JavaScript:
var h=document.querySelector('[data-testid="shadow-host"]'); if(!(h&amp;&amp;h.shadowRoot)) return false; return h.shadowRoot.querySelector('div[data-cart="cart-div0-div1-div2"]') === null;
Without any arguments.</msg>
<arg>var h=document.querySelector('${shadow_host}'); if(!(h&amp;&amp;h.shadowRoot)) return false; return h.shadowRoot.querySelector('${cart_confirm_overlay}') === null;</arg>
<doc>Executes the given JavaScript code with possible arguments.</doc>
<status status="PASS" start="2025-09-26T13:39:49.244094" elapsed="0.002815"/>
</kw>
<arg>20x</arg>
<arg>0.25s</arg>
<arg>Execute Javascript</arg>
<arg>var h=document.querySelector('${shadow_host}'); if(!(h&amp;&amp;h.shadowRoot)) return false; return h.shadowRoot.querySelector('${cart_confirm_overlay}') === null;</arg>
<doc>Runs the specified keyword and retries if it fails.</doc>
<status status="PASS" start="2025-09-26T13:39:49.243915" elapsed="0.003073"/>
</kw>
<kw name="Execute Javascript" owner="SeleniumLibrary">
<msg time="2025-09-26T13:39:49.247402" level="INFO">Executing JavaScript:
var h=document.querySelector('[data-testid="shadow-host"]'); if(h&amp;&amp;h.shadowRoot){ return h.shadowRoot.querySelectorAll('div[data-cart="cart-div0-div1-div1-div0-div0"]').length; } return 0;
Without any arguments.</msg>
<msg time="2025-09-26T13:39:49.250596" level="INFO">${count} = 0</msg>
<var>${count}</var>
<arg>var h=document.querySelector('${shadow_host}'); if(h&amp;&amp;h.shadowRoot){ return h.shadowRoot.querySelectorAll('${cart_item_container}').length; } return 0;</arg>
<doc>Executes the given JavaScript code with possible arguments.</doc>
<status status="PASS" start="2025-09-26T13:39:49.247102" elapsed="0.003552"/>
</kw>
<status status="PASS" start="2025-09-26T13:39:49.230416" elapsed="0.020324"/>
</iter>
<status status="PASS" start="2025-09-26T13:39:48.453751" elapsed="0.797212"/>
</while>
<kw name="Sleep" owner="BuiltIn">
<msg time="2025-09-26T13:39:54.251840" level="INFO">Slept 5 seconds.</msg>
<arg>5s</arg>
<doc>Pauses the test executed for the given time.</doc>
<status status="PASS" start="2025-09-26T13:39:49.251136" elapsed="5.000832"/>
</kw>
<kw name="Log" owner="BuiltIn">
<msg time="2025-09-26T13:39:54.252312" level="INFO">All cart items removed</msg>
<arg>All cart items removed</arg>
<doc>Logs the given message with the given level.</doc>
<status status="PASS" start="2025-09-26T13:39:54.252175" elapsed="0.000183"/>
</kw>
<doc>ลบสินค้าทุกชิ้นในตะกร้าสินค้า</doc>
<status status="PASS" start="2025-09-26T13:39:48.449930" elapsed="5.802506"/>
</kw>
<kw name="Verify cart is empty" owner="CartPage">
<kw name="Wait Until Keyword Succeeds" owner="BuiltIn">
<kw name="Execute Javascript" owner="SeleniumLibrary">
<msg time="2025-09-26T13:39:54.253647" level="INFO">Executing JavaScript:
var h=document.querySelector('[data-testid="shadow-host"]'); if(!(h&amp;&amp;h.shadowRoot)) return false; var emptyEl=h.shadowRoot.querySelector('p[data-cart="cart-div0-p1"]'); var rows=h.shadowRoot.querySelectorAll('div[data-cart="cart-div0-div1-div1-div0-div0"]').length; return (emptyEl!==null) || (rows===0);
Without any arguments.</msg>
<arg>var h=document.querySelector('${shadow_host}'); if(!(h&amp;&amp;h.shadowRoot)) return false; var emptyEl=h.shadowRoot.querySelector('${cart_empty_message}'); var rows=h.shadowRoot.querySelectorAll('${cart_item_container}').length; return (emptyEl!==null) || (rows===0);</arg>
<doc>Executes the given JavaScript code with possible arguments.</doc>
<status status="PASS" start="2025-09-26T13:39:54.253272" elapsed="0.004214"/>
</kw>
<arg>20x</arg>
<arg>0.5s</arg>
<arg>Execute Javascript</arg>
<arg>var h=document.querySelector('${shadow_host}'); if(!(h&amp;&amp;h.shadowRoot)) return false; var emptyEl=h.shadowRoot.querySelector('${cart_empty_message}'); var rows=h.shadowRoot.querySelectorAll('${cart_item_container}').length; return (emptyEl!==null) || (rows===0);</arg>
<doc>Runs the specified keyword and retries if it fails.</doc>
<status status="PASS" start="2025-09-26T13:39:54.253103" elapsed="0.004461"/>
</kw>
<kw name="Execute Javascript" owner="SeleniumLibrary">
<msg time="2025-09-26T13:39:54.258028" level="INFO">Executing JavaScript:
var h=document.querySelector('[data-testid="shadow-host"]'); if(h&amp;&amp;h.shadowRoot){ var el=h.shadowRoot.querySelector('p[data-cart="cart-div0-p1"]'); return el ? (el.textContent||'').trim() : ''; } return '';
Without any arguments.</msg>
<msg time="2025-09-26T13:39:54.261432" level="INFO">${empty_text} = Your cart is empty.</msg>
<var>${empty_text}</var>
<arg>var h=document.querySelector('${shadow_host}'); if(h&amp;&amp;h.shadowRoot){ var el=h.shadowRoot.querySelector('${cart_empty_message}'); return el ? (el.textContent||'').trim() : ''; } return '';</arg>
<doc>Executes the given JavaScript code with possible arguments.</doc>
<status status="PASS" start="2025-09-26T13:39:54.257683" elapsed="0.003784"/>
</kw>
<kw name="Execute Javascript" owner="SeleniumLibrary">
<msg time="2025-09-26T13:39:54.261947" level="INFO">Executing JavaScript:
var h=document.querySelector('[data-testid="shadow-host"]'); if(h&amp;&amp;h.shadowRoot){ return h.shadowRoot.querySelectorAll('div[data-cart="cart-div0-div1-div1-div0-div0"]').length; } return 0;
Without any arguments.</msg>
<msg time="2025-09-26T13:39:54.264682" level="INFO">${rows} = 0</msg>
<var>${rows}</var>
<arg>var h=document.querySelector('${shadow_host}'); if(h&amp;&amp;h.shadowRoot){ return h.shadowRoot.querySelectorAll('${cart_item_container}').length; } return 0;</arg>
<doc>Executes the given JavaScript code with possible arguments.</doc>
<status status="PASS" start="2025-09-26T13:39:54.261599" elapsed="0.003121"/>
</kw>
<kw name="Run Keyword If" owner="BuiltIn">
<kw name="Should Be Equal" owner="BuiltIn">
<arg>${empty_text}</arg>
<arg>Your cart is empty.</arg>
<doc>Fails if the given objects are unequal.</doc>
<status status="PASS" start="2025-09-26T13:39:54.265123" elapsed="0.000140"/>
</kw>
<arg>'${empty_text}'!=''</arg>
<arg>Should Be Equal</arg>
<arg>${empty_text}</arg>
<arg>Your cart is empty.</arg>
<doc>Runs the given keyword with the given arguments, if ``condition`` is true.</doc>
<status status="PASS" start="2025-09-26T13:39:54.264879" elapsed="0.000440"/>
</kw>
<kw name="Run Keyword If" owner="BuiltIn">
<arg>'${empty_text}'==''</arg>
<arg>Should Be Equal As Integers</arg>
<arg>${rows}</arg>
<arg>0</arg>
<doc>Runs the given keyword with the given arguments, if ``condition`` is true.</doc>
<status status="PASS" start="2025-09-26T13:39:54.265562" elapsed="0.000131"/>
</kw>
<kw name="Sleep" owner="BuiltIn">
<msg time="2025-09-26T13:39:59.266234" level="INFO">Slept 5 seconds.</msg>
<arg>5s</arg>
<doc>Pauses the test executed for the given time.</doc>
<status status="PASS" start="2025-09-26T13:39:54.265794" elapsed="5.000563"/>
</kw>
<kw name="Log" owner="BuiltIn">
<msg time="2025-09-26T13:39:59.266711" level="INFO">Cart is empty verified</msg>
<arg>Cart is empty verified</arg>
<doc>Logs the given message with the given level.</doc>
<status status="PASS" start="2025-09-26T13:39:59.266573" elapsed="0.000185"/>
</kw>
<doc>ตรวจสอบว่าตะกร้าไม่มีสินค้าแล้ว</doc>
<status status="PASS" start="2025-09-26T13:39:54.252772" elapsed="5.014072"/>
</kw>
<kw name="Close Browser" owner="SeleniumLibrary" type="TEARDOWN">
<doc>Closes the current browser.</doc>
<status status="PASS" start="2025-09-26T13:39:59.267292" elapsed="2.188253"/>
</kw>
<doc>search for 3 ceramic mug and add to cart then verify checkout is updated and correct price</doc>
<status status="PASS" start="2025-09-26T13:39:13.781864" elapsed="47.673926"/>
</test>
<status status="PASS" start="2025-09-26T13:39:13.462722" elapsed="47.993742"/>
</suite>
<statistics>
<total>
<stat pass="1" fail="0" skip="0">All Tests</stat>
</total>
<tag>
</tag>
<suite>
<stat name="TestCase" id="s1" pass="1" fail="0" skip="0">TestCase</stat>
</suite>
</statistics>
<errors>
<msg time="2025-09-26T13:39:13.783461" level="WARN">exexcutable_path is being deprecated. Please use service to configure the driver's executable_path as per documentation.</msg>
</errors>
</robot>
