<?xml version="1.0" encoding="UTF-8"?>
<robot generator="Robot 7.3 (Python 3.13.4 on win32)" generated="2025-09-24T12:56:53.551425" rpa="false" schemaversion="5">
<suite id="s1" name="TestCase" source="C:\robot_tests - Doppio\TestCase.robot">
<test id="s1-t1" name="TC-0001 Add to cart and checkout cart with mug search" line="10">
<kw name="Open Signin Page" owner="Keywords">
<kw name="Open Browser" owner="SeleniumLibrary">
<msg time="2025-09-24T12:56:53.874334" level="WARN">exexcutable_path is being deprecated. Please use service to configure the driver's executable_path as per documentation.</msg>
<msg time="2025-09-24T12:56:53.874562" level="INFO">Opening browser 'edge' to base url 'https://training-platform2.doppio-tech.com/'.</msg>
<arg>${Home_URL}</arg>
<arg>edge</arg>
<arg>executable_path=${EDGE_DRIVER}</arg>
<doc>Opens a new browser instance to the optional ``url``.</doc>
<status status="PASS" start="2025-09-24T12:56:53.874092" elapsed="1.361434"/>
</kw>
<kw name="Maximize Browser Window" owner="SeleniumLibrary">
<doc>Maximizes current browser window.</doc>
<status status="PASS" start="2025-09-24T12:56:55.236176" elapsed="0.066422"/>
</kw>
<kw name="Click Button" owner="SeleniumLibrary">
<msg time="2025-09-24T12:56:55.303363" level="INFO">Clicking button 'xpath=//*[@id="btn-account"]'.</msg>
<arg>${xpath_btn_account}</arg>
<doc>Clicks the button identified by ``locator``.</doc>
<status status="PASS" start="2025-09-24T12:56:55.302866" elapsed="0.131323"/>
</kw>
<kw name="Click Element" owner="SeleniumLibrary">
<msg time="2025-09-24T12:56:55.435072" level="INFO">Clicking element 'xpath=//*[@data-testid="nav-account-signin"]'.</msg>
<arg>${xpath_nav_signin}</arg>
<doc>Click the element identified by ``locator``.</doc>
<status status="PASS" start="2025-09-24T12:56:55.434589" elapsed="0.114679"/>
</kw>
<kw name="Verify redirect to signin page" owner="Keywords">
<kw name="Location Should Be" owner="SeleniumLibrary">
<msg time="2025-09-24T12:56:55.556889" level="INFO">Current location is 'https://training-platform2.doppio-tech.com/signin'.</msg>
<arg>${Signin_URL}</arg>
<doc>Verifies that the current URL is exactly ``url``.</doc>
<status status="PASS" start="2025-09-24T12:56:55.550518" elapsed="0.006465"/>
</kw>
<kw name="Log" owner="BuiltIn">
<msg time="2025-09-24T12:56:55.557289" level="INFO">Redirect to signin page verified</msg>
<arg>Redirect to signin page verified</arg>
<doc>Logs the given message with the given level.</doc>
<status status="PASS" start="2025-09-24T12:56:55.557153" elapsed="0.000178"/>
</kw>
<doc>ตรวจสอบว่าถูกนำทางไปยังหน้า signin ถูกต้อง</doc>
<status status="PASS" start="2025-09-24T12:56:55.549891" elapsed="0.007507"/>
</kw>
<kw name="Log" owner="BuiltIn">
<msg time="2025-09-24T12:56:55.557568" level="INFO">Signin page opened</msg>
<arg>Signin page opened</arg>
<doc>Logs the given message with the given level.</doc>
<status status="PASS" start="2025-09-24T12:56:55.557493" elapsed="0.000106"/>
</kw>
<doc>เปิด browser และนำทางไปยังหน้า signin ผ่านปุ่ม account</doc>
<status status="PASS" start="2025-09-24T12:56:53.873516" elapsed="1.684137"/>
</kw>
<kw name="Input Signin Data" owner="Keywords">
<kw name="Get Shadow Element" owner="Keywords">
<kw name="Execute Javascript" owner="SeleniumLibrary">
<msg time="2025-09-24T12:56:55.559063" level="INFO">Executing JavaScript:
return document.querySelector('[data-testid="shadow-host"]').shadowRoot.querySelector('input[data-testid="signin-email"]')
Without any arguments.</msg>
<msg time="2025-09-24T12:56:55.572255" level="INFO">${element} = &lt;selenium.webdriver.remote.webelement.WebElement (session="2013ba7889be6994d3acea1c691045b3", element="f.FA5F2A7B4545D941EA004D369A5268DB.d.3F3D7640D48B4DC57FFC4A17BE5A7006.e.29")&gt;</msg>
<var>${element}</var>
<arg>return document.querySelector('${shadow_host}').shadowRoot.querySelector('${element_selector}')</arg>
<doc>Executes the given JavaScript code with possible arguments.</doc>
<status status="PASS" start="2025-09-24T12:56:55.558583" elapsed="0.013771"/>
</kw>
<return>
<value>${element}</value>
<status status="PASS" start="2025-09-24T12:56:55.572527" elapsed="0.000128"/>
</return>
<msg time="2025-09-24T12:56:55.572921" level="INFO">${email_input} = &lt;selenium.webdriver.remote.webelement.WebElement (session="2013ba7889be6994d3acea1c691045b3", element="f.FA5F2A7B4545D941EA004D369A5268DB.d.3F3D7640D48B4DC57FFC4A17BE5A7006.e.29")&gt;</msg>
<var>${email_input}</var>
<arg>${css_email}</arg>
<doc>ดึง element ที่อยู่ใน shadow DOM โดยใช้ CSS selector</doc>
<status status="PASS" start="2025-09-24T12:56:55.558364" elapsed="0.014593"/>
</kw>
<kw name="Get Shadow Element" owner="Keywords">
<kw name="Execute Javascript" owner="SeleniumLibrary">
<msg time="2025-09-24T12:56:55.573905" level="INFO">Executing JavaScript:
return document.querySelector('[data-testid="shadow-host"]').shadowRoot.querySelector('input[data-testid="signin-password"]')
Without any arguments.</msg>
<msg time="2025-09-24T12:56:55.580999" level="INFO">${element} = &lt;selenium.webdriver.remote.webelement.WebElement (session="2013ba7889be6994d3acea1c691045b3", element="f.FA5F2A7B4545D941EA004D369A5268DB.d.3F3D7640D48B4DC57FFC4A17BE5A7006.e.28")&gt;</msg>
<var>${element}</var>
<arg>return document.querySelector('${shadow_host}').shadowRoot.querySelector('${element_selector}')</arg>
<doc>Executes the given JavaScript code with possible arguments.</doc>
<status status="PASS" start="2025-09-24T12:56:55.573540" elapsed="0.007522"/>
</kw>
<return>
<value>${element}</value>
<status status="PASS" start="2025-09-24T12:56:55.581182" elapsed="0.000088"/>
</return>
<msg time="2025-09-24T12:56:55.581512" level="INFO">${password_input} = &lt;selenium.webdriver.remote.webelement.WebElement (session="2013ba7889be6994d3acea1c691045b3", element="f.FA5F2A7B4545D941EA004D369A5268DB.d.3F3D7640D48B4DC57FFC4A17BE5A7006.e.28")&gt;</msg>
<var>${password_input}</var>
<arg>${css_password}</arg>
<doc>ดึง element ที่อยู่ใน shadow DOM โดยใช้ CSS selector</doc>
<status status="PASS" start="2025-09-24T12:56:55.573225" elapsed="0.008316"/>
</kw>
<kw name="Input Text" owner="SeleniumLibrary">
<msg time="2025-09-24T12:56:55.582120" level="INFO">Typing text 'Matichai062@gmail.com' into text field '&lt;selenium.webdriver.remote.webelement.WebElement (session="2013ba7889be6994d3acea1c691045b3", element="f.FA5F2A7B4545D941EA004D369A5268DB.d.3F3D7640D48B4DC57FFC4A17BE5A7006.e.29")&gt;'.</msg>
<arg>${email_input}</arg>
<arg>${EMAIL}</arg>
<doc>Types the given ``text`` into the text field identified by ``locator``.</doc>
<status status="PASS" start="2025-09-24T12:56:55.581771" elapsed="0.112253"/>
</kw>
<kw name="Input Text" owner="SeleniumLibrary">
<msg time="2025-09-24T12:56:55.695072" level="INFO">Typing text 'Cloud0625928956' into text field '&lt;selenium.webdriver.remote.webelement.WebElement (session="2013ba7889be6994d3acea1c691045b3", element="f.FA5F2A7B4545D941EA004D369A5268DB.d.3F3D7640D48B4DC57FFC4A17BE5A7006.e.28")&gt;'.</msg>
<arg>${password_input}</arg>
<arg>${PASSWORD}</arg>
<doc>Types the given ``text`` into the text field identified by ``locator``.</doc>
<status status="PASS" start="2025-09-24T12:56:55.694443" elapsed="0.075473"/>
</kw>
<kw name="Get Shadow Element" owner="Keywords">
<kw name="Execute Javascript" owner="SeleniumLibrary">
<msg time="2025-09-24T12:56:55.771228" level="INFO">Executing JavaScript:
return document.querySelector('[data-testid="shadow-host"]').shadowRoot.querySelector('button[data-testid="signin-submit"]')
Without any arguments.</msg>
<msg time="2025-09-24T12:56:55.778417" level="INFO">${element} = &lt;selenium.webdriver.remote.webelement.WebElement (session="2013ba7889be6994d3acea1c691045b3", element="f.FA5F2A7B4545D941EA004D369A5268DB.d.3F3D7640D48B4DC57FFC4A17BE5A7006.e.34")&gt;</msg>
<var>${element}</var>
<arg>return document.querySelector('${shadow_host}').shadowRoot.querySelector('${element_selector}')</arg>
<doc>Executes the given JavaScript code with possible arguments.</doc>
<status status="PASS" start="2025-09-24T12:56:55.770835" elapsed="0.007648"/>
</kw>
<return>
<value>${element}</value>
<status status="PASS" start="2025-09-24T12:56:55.778846" elapsed="0.000072"/>
</return>
<msg time="2025-09-24T12:56:55.779109" level="INFO">${signin_btn} = &lt;selenium.webdriver.remote.webelement.WebElement (session="2013ba7889be6994d3acea1c691045b3", element="f.FA5F2A7B4545D941EA004D369A5268DB.d.3F3D7640D48B4DC57FFC4A17BE5A7006.e.34")&gt;</msg>
<var>${signin_btn}</var>
<arg>${css_btn_signin}</arg>
<doc>ดึง element ที่อยู่ใน shadow DOM โดยใช้ CSS selector</doc>
<status status="PASS" start="2025-09-24T12:56:55.770402" elapsed="0.008738"/>
</kw>
<kw name="Click Element" owner="SeleniumLibrary">
<msg time="2025-09-24T12:56:55.779665" level="INFO">Clicking element '&lt;selenium.webdriver.remote.webelement.WebElement (session="2013ba7889be6994d3acea1c691045b3", element="f.FA5F2A7B4545D941EA004D369A5268DB.d.3F3D7640D48B4DC57FFC4A17BE5A7006.e.34")&gt;'.</msg>
<arg>${signin_btn}</arg>
<doc>Click the element identified by ``locator``.</doc>
<status status="PASS" start="2025-09-24T12:56:55.779330" elapsed="0.047135"/>
</kw>
<kw name="Sleep" owner="BuiltIn">
<msg time="2025-09-24T12:56:58.827277" level="INFO">Slept 3 seconds.</msg>
<arg>3s</arg>
<doc>Pauses the test executed for the given time.</doc>
<status status="PASS" start="2025-09-24T12:56:55.826870" elapsed="3.000540"/>
</kw>
<kw name="Verify Signin Success" owner="Keywords">
<kw name="Location Should Be" owner="SeleniumLibrary">
<msg time="2025-09-24T12:56:58.831035" level="INFO">Current location is 'https://training-platform2.doppio-tech.com/'.</msg>
<arg>${Home_URL}</arg>
<doc>Verifies that the current URL is exactly ``url``.</doc>
<status status="PASS" start="2025-09-24T12:56:58.827878" elapsed="0.003240"/>
</kw>
<kw name="Page Should Contain Element" owner="SeleniumLibrary">
<msg time="2025-09-24T12:56:58.837545" level="INFO">Current page contains element 'xpath=//*[@id="btn-account"]'.</msg>
<arg>${xpath_btn_account}</arg>
<doc>Verifies that element ``locator`` is found on the current page.</doc>
<status status="PASS" start="2025-09-24T12:56:58.831256" elapsed="0.006431"/>
</kw>
<kw name="Element Should Contain" owner="SeleniumLibrary">
<msg time="2025-09-24T12:56:58.855189" level="INFO">Element 'xpath=//*[@id="btn-account"]' contains text 'Matichai062@gmail.com'.</msg>
<arg>${xpath_btn_account}</arg>
<arg>${EMAIL}</arg>
<doc>Verifies that element ``locator`` contains text ``expected``.</doc>
<status status="PASS" start="2025-09-24T12:56:58.837927" elapsed="0.017433"/>
</kw>
<kw name="Log" owner="BuiltIn">
<msg time="2025-09-24T12:56:58.855914" level="INFO">Signin verified</msg>
<arg>Signin verified</arg>
<doc>Logs the given message with the given level.</doc>
<status status="PASS" start="2025-09-24T12:56:58.855703" elapsed="0.000268"/>
</kw>
<doc>ตรวจสอบว่าการเข้าสู่ระบบสำเร็จ โดยดู URL และอีเมลที่แสดงในปุ่ม account</doc>
<status status="PASS" start="2025-09-24T12:56:58.827642" elapsed="0.028414"/>
</kw>
<kw name="Log" owner="BuiltIn">
<msg time="2025-09-24T12:56:58.856287" level="INFO">Signin completed</msg>
<arg>Signin completed</arg>
<doc>Logs the given message with the given level.</doc>
<status status="PASS" start="2025-09-24T12:56:58.856191" elapsed="0.000131"/>
</kw>
<doc>กรอกข้อมูลเข้าสู่ระบบ (อีเมลและรหัสผ่าน) และคลิกปุ่ม signin</doc>
<status status="PASS" start="2025-09-24T12:56:55.558057" elapsed="3.298323"/>
</kw>
<kw name="Search for mug on search bar and click suggestion" owner="Keywords">
<kw name="Wait Until Element Is Visible" owner="SeleniumLibrary">
<arg>${xpath_search_bar}</arg>
<arg>timeout=5s</arg>
<doc>Waits until the element ``locator`` is visible.</doc>
<status status="PASS" start="2025-09-24T12:56:58.857345" elapsed="0.016959"/>
</kw>
<kw name="Input Text" owner="SeleniumLibrary">
<msg time="2025-09-24T12:56:58.875058" level="INFO">Typing text 'Mug' into text field 'xpath=//*[@id="nav-search-input"]'.</msg>
<arg>${xpath_search_bar}</arg>
<arg>Mug</arg>
<doc>Types the given ``text`` into the text field identified by ``locator``.</doc>
<status status="PASS" start="2025-09-24T12:56:58.874512" elapsed="0.078813"/>
</kw>
<kw name="Sleep" owner="BuiltIn">
<msg time="2025-09-24T12:56:59.954415" level="INFO">Slept 1 second.</msg>
<arg>1s</arg>
<doc>Pauses the test executed for the given time.</doc>
<status status="PASS" start="2025-09-24T12:56:58.953726" elapsed="1.000831"/>
</kw>
<kw name="Wait Until Element Is Visible" owner="SeleniumLibrary">
<arg>${xpath_search_suggestion_ceramic_mug}</arg>
<arg>timeout=5s</arg>
<doc>Waits until the element ``locator`` is visible.</doc>
<status status="PASS" start="2025-09-24T12:56:59.954746" elapsed="0.014417"/>
</kw>
<kw name="Click Element" owner="SeleniumLibrary">
<msg time="2025-09-24T12:56:59.969676" level="INFO">Clicking element 'xpath=//*[normalize-space(text())='Ceramic Mug']'.</msg>
<arg>${xpath_search_suggestion_ceramic_mug}</arg>
<doc>Click the element identified by ``locator``.</doc>
<status status="PASS" start="2025-09-24T12:56:59.969474" elapsed="0.059638"/>
</kw>
<kw name="Sleep" owner="BuiltIn">
<msg time="2025-09-24T12:57:03.029797" level="INFO">Slept 3 seconds.</msg>
<arg>3s</arg>
<doc>Pauses the test executed for the given time.</doc>
<status status="PASS" start="2025-09-24T12:57:00.029290" elapsed="3.000672"/>
</kw>
<kw name="Log" owner="BuiltIn">
<msg time="2025-09-24T12:57:03.030337" level="INFO">Search completed</msg>
<arg>Search completed</arg>
<doc>Logs the given message with the given level.</doc>
<status status="PASS" start="2025-09-24T12:57:03.030192" elapsed="0.000192"/>
</kw>
<doc>ค้นหา "Mug" ในช่องค้นหาและเลือก "Ceramic Mug" จากคำแนะนำ</doc>
<status status="PASS" start="2025-09-24T12:56:58.856868" elapsed="4.173585"/>
</kw>
<kw name="Select White Ceramic Mug" owner="Keywords">
<kw name="Get Shadow Element" owner="Keywords">
<kw name="Execute Javascript" owner="SeleniumLibrary">
<msg time="2025-09-24T12:57:03.031803" level="INFO">Executing JavaScript:
return document.querySelector('[data-testid="shadow-host"]').shadowRoot.querySelector('button[data-testid="pd-opt-color-White"]')
Without any arguments.</msg>
<msg time="2025-09-24T12:57:03.037110" level="INFO">${element} = &lt;selenium.webdriver.remote.webelement.WebElement (session="2013ba7889be6994d3acea1c691045b3", element="f.FA5F2A7B4545D941EA004D369A5268DB.d.3F3D7640D48B4DC57FFC4A17BE5A7006.e.54")&gt;</msg>
<var>${element}</var>
<arg>return document.querySelector('${shadow_host}').shadowRoot.querySelector('${element_selector}')</arg>
<doc>Executes the given JavaScript code with possible arguments.</doc>
<status status="PASS" start="2025-09-24T12:57:03.031427" elapsed="0.005753"/>
</kw>
<return>
<value>${element}</value>
<status status="PASS" start="2025-09-24T12:57:03.037298" elapsed="0.000073"/>
</return>
<msg time="2025-09-24T12:57:03.037582" level="INFO">${white_btn} = &lt;selenium.webdriver.remote.webelement.WebElement (session="2013ba7889be6994d3acea1c691045b3", element="f.FA5F2A7B4545D941EA004D369A5268DB.d.3F3D7640D48B4DC57FFC4A17BE5A7006.e.54")&gt;</msg>
<var>${white_btn}</var>
<arg>${color_white_btn}</arg>
<doc>ดึง element ที่อยู่ใน shadow DOM โดยใช้ CSS selector</doc>
<status status="PASS" start="2025-09-24T12:57:03.031126" elapsed="0.006496"/>
</kw>
<kw name="Wait Until Element Is Visible" owner="SeleniumLibrary">
<arg>${white_btn}</arg>
<arg>timeout=5s</arg>
<doc>Waits until the element ``locator`` is visible.</doc>
<status status="PASS" start="2025-09-24T12:57:03.037829" elapsed="0.006944"/>
</kw>
<kw name="Click Element" owner="SeleniumLibrary">
<msg time="2025-09-24T12:57:03.045274" level="INFO">Clicking element '&lt;selenium.webdriver.remote.webelement.WebElement (session="2013ba7889be6994d3acea1c691045b3", element="f.FA5F2A7B4545D941EA004D369A5268DB.d.3F3D7640D48B4DC57FFC4A17BE5A7006.e.54")&gt;'.</msg>
<arg>${white_btn}</arg>
<doc>Click the element identified by ``locator``.</doc>
<status status="PASS" start="2025-09-24T12:57:03.045015" elapsed="0.040600"/>
</kw>
<kw name="Sleep" owner="BuiltIn">
<msg time="2025-09-24T12:57:08.086412" level="INFO">Slept 5 seconds.</msg>
<arg>5s</arg>
<doc>Pauses the test executed for the given time.</doc>
<status status="PASS" start="2025-09-24T12:57:03.085774" elapsed="5.000779"/>
</kw>
<kw name="Log" owner="BuiltIn">
<msg time="2025-09-24T12:57:08.087032" level="INFO">White Ceramic Mug selected</msg>
<arg>White Ceramic Mug selected</arg>
<doc>Logs the given message with the given level.</doc>
<status status="PASS" start="2025-09-24T12:57:08.086809" elapsed="0.000296"/>
</kw>
<doc>เลือกสีขาวสำหรับ Ceramic Mug ที่อยู่ใน shadow DOM</doc>
<status status="PASS" start="2025-09-24T12:57:03.030794" elapsed="5.056395"/>
</kw>
<kw name="Add Multiple Ceramic Mugs To Cart" owner="Keywords">
<kw name="Get Shadow Element" owner="Keywords">
<kw name="Execute Javascript" owner="SeleniumLibrary">
<msg time="2025-09-24T12:57:08.088858" level="INFO">Executing JavaScript:
return document.querySelector('[data-testid="shadow-host"]').shadowRoot.querySelector('input[data-testid="pd-qty-input"]')
Without any arguments.</msg>
<msg time="2025-09-24T12:57:08.094945" level="INFO">${element} = &lt;selenium.webdriver.remote.webelement.WebElement (session="2013ba7889be6994d3acea1c691045b3", element="f.FA5F2A7B4545D941EA004D369A5268DB.d.3F3D7640D48B4DC57FFC4A17BE5A7006.e.53")&gt;</msg>
<var>${element}</var>
<arg>return document.querySelector('${shadow_host}').shadowRoot.querySelector('${element_selector}')</arg>
<doc>Executes the given JavaScript code with possible arguments.</doc>
<status status="PASS" start="2025-09-24T12:57:08.088375" elapsed="0.006623"/>
</kw>
<return>
<value>${element}</value>
<status status="PASS" start="2025-09-24T12:57:08.095087" elapsed="0.000063"/>
</return>
<msg time="2025-09-24T12:57:08.095306" level="INFO">${qty_input} = &lt;selenium.webdriver.remote.webelement.WebElement (session="2013ba7889be6994d3acea1c691045b3", element="f.FA5F2A7B4545D941EA004D369A5268DB.d.3F3D7640D48B4DC57FFC4A17BE5A7006.e.53")&gt;</msg>
<var>${qty_input}</var>
<arg>${Mug_qty_input}</arg>
<doc>ดึง element ที่อยู่ใน shadow DOM โดยใช้ CSS selector</doc>
<status status="PASS" start="2025-09-24T12:57:08.088136" elapsed="0.007197"/>
</kw>
<kw name="Clear Element Text" owner="SeleniumLibrary">
<arg>${qty_input}</arg>
<doc>Clears the value of the text-input-element identified by ``locator``.</doc>
<status status="PASS" start="2025-09-24T12:57:08.095462" elapsed="0.021667"/>
</kw>
<kw name="Input Text" owner="SeleniumLibrary">
<msg time="2025-09-24T12:57:08.117845" level="INFO">Typing text '3' into text field '&lt;selenium.webdriver.remote.webelement.WebElement (session="2013ba7889be6994d3acea1c691045b3", element="f.FA5F2A7B4545D941EA004D369A5268DB.d.3F3D7640D48B4DC57FFC4A17BE5A7006.e.53")&gt;'.</msg>
<arg>${qty_input}</arg>
<arg>${quantity}</arg>
<doc>Types the given ``text`` into the text field identified by ``locator``.</doc>
<status status="PASS" start="2025-09-24T12:57:08.117469" elapsed="0.072387"/>
</kw>
<kw name="Get Shadow Element" owner="Keywords">
<kw name="Execute Javascript" owner="SeleniumLibrary">
<msg time="2025-09-24T12:57:08.191788" level="INFO">Executing JavaScript:
return document.querySelector('[data-testid="shadow-host"]').shadowRoot.querySelector('button[data-testid="pd-add-to-cart"]')
Without any arguments.</msg>
<msg time="2025-09-24T12:57:08.196725" level="INFO">${element} = &lt;selenium.webdriver.remote.webelement.WebElement (session="2013ba7889be6994d3acea1c691045b3", element="f.FA5F2A7B4545D941EA004D369A5268DB.d.3F3D7640D48B4DC57FFC4A17BE5A7006.e.60")&gt;</msg>
<var>${element}</var>
<arg>return document.querySelector('${shadow_host}').shadowRoot.querySelector('${element_selector}')</arg>
<doc>Executes the given JavaScript code with possible arguments.</doc>
<status status="PASS" start="2025-09-24T12:57:08.191032" elapsed="0.005812"/>
</kw>
<return>
<value>${element}</value>
<status status="PASS" start="2025-09-24T12:57:08.197059" elapsed="0.000135"/>
</return>
<msg time="2025-09-24T12:57:08.197527" level="INFO">${cart_btn} = &lt;selenium.webdriver.remote.webelement.WebElement (session="2013ba7889be6994d3acea1c691045b3", element="f.FA5F2A7B4545D941EA004D369A5268DB.d.3F3D7640D48B4DC57FFC4A17BE5A7006.e.60")&gt;</msg>
<var>${cart_btn}</var>
<arg>${add_to_cart_btn}</arg>
<doc>ดึง element ที่อยู่ใน shadow DOM โดยใช้ CSS selector</doc>
<status status="PASS" start="2025-09-24T12:57:08.190316" elapsed="0.007249"/>
</kw>
<kw name="Wait Until Element Is Enabled" owner="SeleniumLibrary">
<arg>${cart_btn}</arg>
<arg>timeout=5s</arg>
<doc>Waits until the element ``locator`` is enabled.</doc>
<status status="PASS" start="2025-09-24T12:57:08.197780" elapsed="0.014654"/>
</kw>
<kw name="Click Element" owner="SeleniumLibrary">
<msg time="2025-09-24T12:57:08.212935" level="INFO">Clicking element '&lt;selenium.webdriver.remote.webelement.WebElement (session="2013ba7889be6994d3acea1c691045b3", element="f.FA5F2A7B4545D941EA004D369A5268DB.d.3F3D7640D48B4DC57FFC4A17BE5A7006.e.60")&gt;'.</msg>
<arg>${cart_btn}</arg>
<doc>Click the element identified by ``locator``.</doc>
<status status="PASS" start="2025-09-24T12:57:08.212665" elapsed="0.057494"/>
</kw>
<kw name="Sleep" owner="BuiltIn">
<msg time="2025-09-24T12:57:13.271421" level="INFO">Slept 5 seconds.</msg>
<arg>5s</arg>
<doc>Pauses the test executed for the given time.</doc>
<status status="PASS" start="2025-09-24T12:57:08.270614" elapsed="5.000937"/>
</kw>
<kw name="Log" owner="BuiltIn">
<msg time="2025-09-24T12:57:13.271849" level="INFO">3 Ceramic Mugs added to cart</msg>
<arg>3 Ceramic Mugs added to cart</arg>
<doc>Logs the given message with the given level.</doc>
<status status="PASS" start="2025-09-24T12:57:13.271722" elapsed="0.000168"/>
</kw>
<doc>เพิ่ม Ceramic Mug หลายชิ้นลงในตะกร้าโดยระบุจำนวน</doc>
<status status="PASS" start="2025-09-24T12:57:08.087703" elapsed="5.184252"/>
</kw>
<kw name="Open cart page" owner="Keywords">
<kw name="Wait Until Element Is Visible" owner="SeleniumLibrary">
<arg>${xpath_cart}</arg>
<arg>timeout=5s</arg>
<doc>Waits until the element ``locator`` is visible.</doc>
<status status="PASS" start="2025-09-24T12:57:13.272509" elapsed="0.015478"/>
</kw>
<kw name="Click Element" owner="SeleniumLibrary">
<msg time="2025-09-24T12:57:13.288786" level="INFO">Clicking element 'xpath=//a[@data-testid="nav-cart"]'.</msg>
<arg>${xpath_cart}</arg>
<doc>Click the element identified by ``locator``.</doc>
<status status="PASS" start="2025-09-24T12:57:13.288290" elapsed="0.072122"/>
</kw>
<kw name="Sleep" owner="BuiltIn">
<msg time="2025-09-24T12:57:15.361523" level="INFO">Slept 2 seconds.</msg>
<arg>2s</arg>
<doc>Pauses the test executed for the given time.</doc>
<status status="PASS" start="2025-09-24T12:57:13.360623" elapsed="2.001144"/>
</kw>
<kw name="Log" owner="BuiltIn">
<msg time="2025-09-24T12:57:15.362197" level="INFO">Cart page opened</msg>
<arg>Cart page opened</arg>
<doc>Logs the given message with the given level.</doc>
<status status="PASS" start="2025-09-24T12:57:15.362046" elapsed="0.000193"/>
</kw>
<doc>เปิดหน้าตะกร้าสินค้าโดยคลิกที่ไอคอนตะกร้า</doc>
<status status="PASS" start="2025-09-24T12:57:13.272258" elapsed="2.090046"/>
</kw>
<kw name="Select All Items In Cart" owner="Keywords">
<kw name="Get Shadow Element" owner="Keywords">
<kw name="Execute Javascript" owner="SeleniumLibrary">
<msg time="2025-09-24T12:57:15.363528" level="INFO">Executing JavaScript:
return document.querySelector('[data-testid="shadow-host"]').shadowRoot.querySelector('input[data-cart="cart-div0-div1-div0-label0-input0"]')
Without any arguments.</msg>
<msg time="2025-09-24T12:57:15.368362" level="INFO">${element} = &lt;selenium.webdriver.remote.webelement.WebElement (session="2013ba7889be6994d3acea1c691045b3", element="f.FA5F2A7B4545D941EA004D369A5268DB.d.3F3D7640D48B4DC57FFC4A17BE5A7006.e.63")&gt;</msg>
<var>${element}</var>
<arg>return document.querySelector('${shadow_host}').shadowRoot.querySelector('${element_selector}')</arg>
<doc>Executes the given JavaScript code with possible arguments.</doc>
<status status="PASS" start="2025-09-24T12:57:15.363184" elapsed="0.005220"/>
</kw>
<return>
<value>${element}</value>
<status status="PASS" start="2025-09-24T12:57:15.368478" elapsed="0.000047"/>
</return>
<msg time="2025-09-24T12:57:15.368655" level="INFO">${select_all} = &lt;selenium.webdriver.remote.webelement.WebElement (session="2013ba7889be6994d3acea1c691045b3", element="f.FA5F2A7B4545D941EA004D369A5268DB.d.3F3D7640D48B4DC57FFC4A17BE5A7006.e.63")&gt;</msg>
<var>${select_all}</var>
<arg>${cart_select_all}</arg>
<doc>ดึง element ที่อยู่ใน shadow DOM โดยใช้ CSS selector</doc>
<status status="PASS" start="2025-09-24T12:57:15.362957" elapsed="0.005737"/>
</kw>
<kw name="Click Element" owner="SeleniumLibrary">
<msg time="2025-09-24T12:57:15.369026" level="INFO">Clicking element '&lt;selenium.webdriver.remote.webelement.WebElement (session="2013ba7889be6994d3acea1c691045b3", element="f.FA5F2A7B4545D941EA004D369A5268DB.d.3F3D7640D48B4DC57FFC4A17BE5A7006.e.63")&gt;'.</msg>
<arg>${select_all}</arg>
<doc>Click the element identified by ``locator``.</doc>
<status status="PASS" start="2025-09-24T12:57:15.368816" elapsed="0.043978"/>
</kw>
<kw name="Sleep" owner="BuiltIn">
<msg time="2025-09-24T12:57:20.413373" level="INFO">Slept 5 seconds.</msg>
<arg>5s</arg>
<doc>Pauses the test executed for the given time.</doc>
<status status="PASS" start="2025-09-24T12:57:15.413087" elapsed="5.000430"/>
</kw>
<kw name="Log" owner="BuiltIn">
<msg time="2025-09-24T12:57:20.413886" level="INFO">All items selected</msg>
<arg>All items selected</arg>
<doc>Logs the given message with the given level.</doc>
<status status="PASS" start="2025-09-24T12:57:20.413728" elapsed="0.000217"/>
</kw>
<doc>เลือกสินค้าทั้งหมดในตะกร้าด้วยปุ่ม Select All</doc>
<status status="PASS" start="2025-09-24T12:57:15.362621" elapsed="5.051414"/>
</kw>
<kw name="Select Coupon General12345" owner="Keywords">
<kw name="Get Shadow Element" owner="Keywords">
<kw name="Execute Javascript" owner="SeleniumLibrary">
<msg time="2025-09-24T12:57:20.415655" level="INFO">Executing JavaScript:
return document.querySelector('[data-testid="shadow-host"]').shadowRoot.querySelector('button[data-cart="cart-div0-div1-div1-aside1-section1-div1-button0"]')
Without any arguments.</msg>
<msg time="2025-09-24T12:57:20.420073" level="INFO">${element} = &lt;selenium.webdriver.remote.webelement.WebElement (session="2013ba7889be6994d3acea1c691045b3", element="f.FA5F2A7B4545D941EA004D369A5268DB.d.3F3D7640D48B4DC57FFC4A17BE5A7006.e.70")&gt;</msg>
<var>${element}</var>
<arg>return document.querySelector('${shadow_host}').shadowRoot.querySelector('${element_selector}')</arg>
<doc>Executes the given JavaScript code with possible arguments.</doc>
<status status="PASS" start="2025-09-24T12:57:20.415005" elapsed="0.005103"/>
</kw>
<return>
<value>${element}</value>
<status status="PASS" start="2025-09-24T12:57:20.420214" elapsed="0.000070"/>
</return>
<msg time="2025-09-24T12:57:20.420452" level="INFO">${dropdown} = &lt;selenium.webdriver.remote.webelement.WebElement (session="2013ba7889be6994d3acea1c691045b3", element="f.FA5F2A7B4545D941EA004D369A5268DB.d.3F3D7640D48B4DC57FFC4A17BE5A7006.e.70")&gt;</msg>
<var>${dropdown}</var>
<arg>${coupon_dropdown}</arg>
<doc>ดึง element ที่อยู่ใน shadow DOM โดยใช้ CSS selector</doc>
<status status="PASS" start="2025-09-24T12:57:20.414732" elapsed="0.005752"/>
</kw>
<kw name="Click Element" owner="SeleniumLibrary">
<msg time="2025-09-24T12:57:20.420941" level="INFO">Clicking element '&lt;selenium.webdriver.remote.webelement.WebElement (session="2013ba7889be6994d3acea1c691045b3", element="f.FA5F2A7B4545D941EA004D369A5268DB.d.3F3D7640D48B4DC57FFC4A17BE5A7006.e.70")&gt;'.</msg>
<arg>${dropdown}</arg>
<doc>Click the element identified by ``locator``.</doc>
<status status="PASS" start="2025-09-24T12:57:20.420669" elapsed="0.041632"/>
</kw>
<kw name="Sleep" owner="BuiltIn">
<msg time="2025-09-24T12:57:21.463461" level="INFO">Slept 1 second.</msg>
<arg>1s</arg>
<doc>Pauses the test executed for the given time.</doc>
<status status="PASS" start="2025-09-24T12:57:20.462638" elapsed="1.000979"/>
</kw>
<kw name="Get Shadow Element" owner="Keywords">
<kw name="Execute Javascript" owner="SeleniumLibrary">
<msg time="2025-09-24T12:57:21.464477" level="INFO">Executing JavaScript:
return document.querySelector('[data-testid="shadow-host"]').shadowRoot.querySelector('button[data-cart="cart-div0-div1-div1-aside1-section1-div2-ul2-li0-button0"]')
Without any arguments.</msg>
<msg time="2025-09-24T12:57:21.468563" level="INFO">${element} = &lt;selenium.webdriver.remote.webelement.WebElement (session="2013ba7889be6994d3acea1c691045b3", element="f.FA5F2A7B4545D941EA004D369A5268DB.d.3F3D7640D48B4DC57FFC4A17BE5A7006.e.72")&gt;</msg>
<var>${element}</var>
<arg>return document.querySelector('${shadow_host}').shadowRoot.querySelector('${element_selector}')</arg>
<doc>Executes the given JavaScript code with possible arguments.</doc>
<status status="PASS" start="2025-09-24T12:57:21.464143" elapsed="0.004466"/>
</kw>
<return>
<value>${element}</value>
<status status="PASS" start="2025-09-24T12:57:21.468739" elapsed="0.000076"/>
</return>
<msg time="2025-09-24T12:57:21.469002" level="INFO">${coupon_item} = &lt;selenium.webdriver.remote.webelement.WebElement (session="2013ba7889be6994d3acea1c691045b3", element="f.FA5F2A7B4545D941EA004D369A5268DB.d.3F3D7640D48B4DC57FFC4A17BE5A7006.e.72")&gt;</msg>
<var>${coupon_item}</var>
<arg>${coupon_list_item}</arg>
<doc>ดึง element ที่อยู่ใน shadow DOM โดยใช้ CSS selector</doc>
<status status="PASS" start="2025-09-24T12:57:21.463860" elapsed="0.005176"/>
</kw>
<kw name="Click Element" owner="SeleniumLibrary">
<msg time="2025-09-24T12:57:21.469475" level="INFO">Clicking element '&lt;selenium.webdriver.remote.webelement.WebElement (session="2013ba7889be6994d3acea1c691045b3", element="f.FA5F2A7B4545D941EA004D369A5268DB.d.3F3D7640D48B4DC57FFC4A17BE5A7006.e.72")&gt;'.</msg>
<arg>${coupon_item}</arg>
<doc>Click the element identified by ``locator``.</doc>
<status status="PASS" start="2025-09-24T12:57:21.469222" elapsed="0.037774"/>
</kw>
<kw name="Sleep" owner="BuiltIn">
<msg time="2025-09-24T12:57:22.507645" level="INFO">Slept 1 second.</msg>
<arg>1s</arg>
<doc>Pauses the test executed for the given time.</doc>
<status status="PASS" start="2025-09-24T12:57:21.507319" elapsed="1.000451"/>
</kw>
<kw name="Get Shadow Element" owner="Keywords">
<kw name="Execute Javascript" owner="SeleniumLibrary">
<msg time="2025-09-24T12:57:22.508824" level="INFO">Executing JavaScript:
return document.querySelector('[data-testid="shadow-host"]').shadowRoot.querySelector('button[data-cart="cart-div0-div1-div1-aside1-section1-div2-div1-button1"]')
Without any arguments.</msg>
<msg time="2025-09-24T12:57:22.513277" level="INFO">${element} = &lt;selenium.webdriver.remote.webelement.WebElement (session="2013ba7889be6994d3acea1c691045b3", element="f.FA5F2A7B4545D941EA004D369A5268DB.d.3F3D7640D48B4DC57FFC4A17BE5A7006.e.73")&gt;</msg>
<var>${element}</var>
<arg>return document.querySelector('${shadow_host}').shadowRoot.querySelector('${element_selector}')</arg>
<doc>Executes the given JavaScript code with possible arguments.</doc>
<status status="PASS" start="2025-09-24T12:57:22.508368" elapsed="0.004967"/>
</kw>
<return>
<value>${element}</value>
<status status="PASS" start="2025-09-24T12:57:22.513545" elapsed="0.000050"/>
</return>
<msg time="2025-09-24T12:57:22.513735" level="INFO">${apply_btn} = &lt;selenium.webdriver.remote.webelement.WebElement (session="2013ba7889be6994d3acea1c691045b3", element="f.FA5F2A7B4545D941EA004D369A5268DB.d.3F3D7640D48B4DC57FFC4A17BE5A7006.e.73")&gt;</msg>
<var>${apply_btn}</var>
<arg>${coupon_apply_btn}</arg>
<doc>ดึง element ที่อยู่ใน shadow DOM โดยใช้ CSS selector</doc>
<status status="PASS" start="2025-09-24T12:57:22.508030" elapsed="0.005732"/>
</kw>
<kw name="Click Element" owner="SeleniumLibrary">
<msg time="2025-09-24T12:57:22.514082" level="INFO">Clicking element '&lt;selenium.webdriver.remote.webelement.WebElement (session="2013ba7889be6994d3acea1c691045b3", element="f.FA5F2A7B4545D941EA004D369A5268DB.d.3F3D7640D48B4DC57FFC4A17BE5A7006.e.73")&gt;'.</msg>
<arg>${apply_btn}</arg>
<doc>Click the element identified by ``locator``.</doc>
<status status="PASS" start="2025-09-24T12:57:22.513898" elapsed="0.037559"/>
</kw>
<kw name="Sleep" owner="BuiltIn">
<msg time="2025-09-24T12:57:24.552059" level="INFO">Slept 2 seconds.</msg>
<arg>2s</arg>
<doc>Pauses the test executed for the given time.</doc>
<status status="PASS" start="2025-09-24T12:57:22.551731" elapsed="2.000458"/>
</kw>
<kw name="Log" owner="BuiltIn">
<msg time="2025-09-24T12:57:24.552479" level="INFO">Coupon applied</msg>
<arg>Coupon applied</arg>
<doc>Logs the given message with the given level.</doc>
<status status="PASS" start="2025-09-24T12:57:24.552356" elapsed="0.000163"/>
</kw>
<doc>เลือกคูปอง General12345 จาก dropdown และกด Apply</doc>
<status status="PASS" start="2025-09-24T12:57:20.414385" elapsed="4.138203"/>
</kw>
<kw name="Verify Checkout Total" owner="Keywords">
<kw name="Get Shadow Text" owner="Keywords">
<kw name="Wait Until Keyword Succeeds" owner="BuiltIn">
<kw name="Execute Javascript" owner="SeleniumLibrary">
<msg time="2025-09-24T12:57:24.554486" level="INFO">Executing JavaScript:
var h=document.querySelector('[data-testid="shadow-host"]'); return !!(h &amp;&amp; h.shadowRoot &amp;&amp; h.shadowRoot.querySelector('span[data-cart="cart-div0-div1-div1-aside1-section0-div4-span1"]'));
Without any arguments.</msg>
<arg>var h=document.querySelector('${shadow_host}'); return !!(h &amp;&amp; h.shadowRoot &amp;&amp; h.shadowRoot.querySelector('${element_selector}'));</arg>
<doc>Executes the given JavaScript code with possible arguments.</doc>
<status status="PASS" start="2025-09-24T12:57:24.554084" elapsed="0.004596"/>
</kw>
<arg>10x</arg>
<arg>0.5s</arg>
<arg>Execute Javascript</arg>
<arg>var h=document.querySelector('${shadow_host}'); return !!(h &amp;&amp; h.shadowRoot &amp;&amp; h.shadowRoot.querySelector('${element_selector}'));</arg>
<doc>Runs the specified keyword and retries if it fails.</doc>
<status status="PASS" start="2025-09-24T12:57:24.553779" elapsed="0.004994"/>
</kw>
<kw name="Execute Javascript" owner="SeleniumLibrary">
<msg time="2025-09-24T12:57:24.559326" level="INFO">Executing JavaScript:
var h=document.querySelector('[data-testid="shadow-host"]'); if(h &amp;&amp; h.shadowRoot){ var el=h.shadowRoot.querySelector('span[data-cart="cart-div0-div1-div1-aside1-section0-div4-span1"]'); return el ? (el.textContent||'') : ''; } return '';
Without any arguments.</msg>
<msg time="2025-09-24T12:57:24.563492" level="INFO">${text} = THB 323.00</msg>
<var>${text}</var>
<arg>var h=document.querySelector('${shadow_host}'); if(h &amp;&amp; h.shadowRoot){ var el=h.shadowRoot.querySelector('${element_selector}'); return el ? (el.textContent||'') : ''; } return '';</arg>
<doc>Executes the given JavaScript code with possible arguments.</doc>
<status status="PASS" start="2025-09-24T12:57:24.558916" elapsed="0.004622"/>
</kw>
<return>
<value>${text}</value>
<status status="PASS" start="2025-09-24T12:57:24.563618" elapsed="0.000052"/>
</return>
<msg time="2025-09-24T12:57:24.563800" level="INFO">${total_text} = THB 323.00</msg>
<var>${total_text}</var>
<arg>${cart_total}</arg>
<doc>ดึงข้อความจาก element ที่อยู่ใน shadow DOM และรอให้ element ปรากฏก่อน</doc>
<status status="PASS" start="2025-09-24T12:57:24.553376" elapsed="0.010448"/>
</kw>
<kw name="Get Shadow Text" owner="Keywords">
<kw name="Wait Until Keyword Succeeds" owner="BuiltIn">
<kw name="Execute Javascript" owner="SeleniumLibrary">
<msg time="2025-09-24T12:57:24.564839" level="INFO">Executing JavaScript:
var h=document.querySelector('[data-testid="shadow-host"]'); return !!(h &amp;&amp; h.shadowRoot &amp;&amp; h.shadowRoot.querySelector('span[data-cart="cart-div0-div1-div1-aside1-section0-div1-span1"]'));
Without any arguments.</msg>
<arg>var h=document.querySelector('${shadow_host}'); return !!(h &amp;&amp; h.shadowRoot &amp;&amp; h.shadowRoot.querySelector('${element_selector}'));</arg>
<doc>Executes the given JavaScript code with possible arguments.</doc>
<status status="PASS" start="2025-09-24T12:57:24.564478" elapsed="0.004216"/>
</kw>
<arg>10x</arg>
<arg>0.5s</arg>
<arg>Execute Javascript</arg>
<arg>var h=document.querySelector('${shadow_host}'); return !!(h &amp;&amp; h.shadowRoot &amp;&amp; h.shadowRoot.querySelector('${element_selector}'));</arg>
<doc>Runs the specified keyword and retries if it fails.</doc>
<status status="PASS" start="2025-09-24T12:57:24.564296" elapsed="0.004479"/>
</kw>
<kw name="Execute Javascript" owner="SeleniumLibrary">
<msg time="2025-09-24T12:57:24.569264" level="INFO">Executing JavaScript:
var h=document.querySelector('[data-testid="shadow-host"]'); if(h &amp;&amp; h.shadowRoot){ var el=h.shadowRoot.querySelector('span[data-cart="cart-div0-div1-div1-aside1-section0-div1-span1"]'); return el ? (el.textContent||'') : ''; } return '';
Without any arguments.</msg>
<msg time="2025-09-24T12:57:24.572740" level="INFO">${text} = THB 255.00</msg>
<var>${text}</var>
<arg>var h=document.querySelector('${shadow_host}'); if(h &amp;&amp; h.shadowRoot){ var el=h.shadowRoot.querySelector('${element_selector}'); return el ? (el.textContent||'') : ''; } return '';</arg>
<doc>Executes the given JavaScript code with possible arguments.</doc>
<status status="PASS" start="2025-09-24T12:57:24.568900" elapsed="0.003887"/>
</kw>
<return>
<value>${text}</value>
<status status="PASS" start="2025-09-24T12:57:24.572871" elapsed="0.000058"/>
</return>
<msg time="2025-09-24T12:57:24.573060" level="INFO">${subtotal_text} = THB 255.00</msg>
<var>${subtotal_text}</var>
<arg>${cart_subtotal}</arg>
<doc>ดึงข้อความจาก element ที่อยู่ใน shadow DOM และรอให้ element ปรากฏก่อน</doc>
<status status="PASS" start="2025-09-24T12:57:24.564023" elapsed="0.009058"/>
</kw>
<kw name="Get Shadow Text" owner="Keywords">
<kw name="Wait Until Keyword Succeeds" owner="BuiltIn">
<kw name="Execute Javascript" owner="SeleniumLibrary">
<msg time="2025-09-24T12:57:24.573928" level="INFO">Executing JavaScript:
var h=document.querySelector('[data-testid="shadow-host"]'); return !!(h &amp;&amp; h.shadowRoot &amp;&amp; h.shadowRoot.querySelector('span[data-cart="cart-div0-div1-div1-aside1-section0-div2-span1"]'));
Without any arguments.</msg>
<arg>var h=document.querySelector('${shadow_host}'); return !!(h &amp;&amp; h.shadowRoot &amp;&amp; h.shadowRoot.querySelector('${element_selector}'));</arg>
<doc>Executes the given JavaScript code with possible arguments.</doc>
<status status="PASS" start="2025-09-24T12:57:24.573622" elapsed="0.003475"/>
</kw>
<arg>10x</arg>
<arg>0.5s</arg>
<arg>Execute Javascript</arg>
<arg>var h=document.querySelector('${shadow_host}'); return !!(h &amp;&amp; h.shadowRoot &amp;&amp; h.shadowRoot.querySelector('${element_selector}'));</arg>
<doc>Runs the specified keyword and retries if it fails.</doc>
<status status="PASS" start="2025-09-24T12:57:24.573467" elapsed="0.003707"/>
</kw>
<kw name="Execute Javascript" owner="SeleniumLibrary">
<msg time="2025-09-24T12:57:24.577760" level="INFO">Executing JavaScript:
var h=document.querySelector('[data-testid="shadow-host"]'); if(h &amp;&amp; h.shadowRoot){ var el=h.shadowRoot.querySelector('span[data-cart="cart-div0-div1-div1-aside1-section0-div2-span1"]'); return el ? (el.textContent||'') : ''; } return '';
Without any arguments.</msg>
<msg time="2025-09-24T12:57:24.586112" level="INFO">${text} = THB 50.00</msg>
<var>${text}</var>
<arg>var h=document.querySelector('${shadow_host}'); if(h &amp;&amp; h.shadowRoot){ var el=h.shadowRoot.querySelector('${element_selector}'); return el ? (el.textContent||'') : ''; } return '';</arg>
<doc>Executes the given JavaScript code with possible arguments.</doc>
<status status="PASS" start="2025-09-24T12:57:24.577294" elapsed="0.008885"/>
</kw>
<return>
<value>${text}</value>
<status status="PASS" start="2025-09-24T12:57:24.586322" elapsed="0.000081"/>
</return>
<msg time="2025-09-24T12:57:24.586601" level="INFO">${shipping_text} = THB 50.00</msg>
<var>${shipping_text}</var>
<arg>${cart_shipping}</arg>
<doc>ดึงข้อความจาก element ที่อยู่ใน shadow DOM และรอให้ element ปรากฏก่อน</doc>
<status status="PASS" start="2025-09-24T12:57:24.573239" elapsed="0.013403"/>
</kw>
<kw name="Get Shadow Text" owner="Keywords">
<kw name="Wait Until Keyword Succeeds" owner="BuiltIn">
<kw name="Execute Javascript" owner="SeleniumLibrary">
<msg time="2025-09-24T12:57:24.587761" level="INFO">Executing JavaScript:
var h=document.querySelector('[data-testid="shadow-host"]'); return !!(h &amp;&amp; h.shadowRoot &amp;&amp; h.shadowRoot.querySelector('span[data-cart="cart-div0-div1-div1-aside1-section0-div3-span1"]'));
Without any arguments.</msg>
<arg>var h=document.querySelector('${shadow_host}'); return !!(h &amp;&amp; h.shadowRoot &amp;&amp; h.shadowRoot.querySelector('${element_selector}'));</arg>
<doc>Executes the given JavaScript code with possible arguments.</doc>
<status status="PASS" start="2025-09-24T12:57:24.587436" elapsed="0.004311"/>
</kw>
<arg>10x</arg>
<arg>0.5s</arg>
<arg>Execute Javascript</arg>
<arg>var h=document.querySelector('${shadow_host}'); return !!(h &amp;&amp; h.shadowRoot &amp;&amp; h.shadowRoot.querySelector('${element_selector}'));</arg>
<doc>Runs the specified keyword and retries if it fails.</doc>
<status status="PASS" start="2025-09-24T12:57:24.587269" elapsed="0.004565"/>
</kw>
<kw name="Execute Javascript" owner="SeleniumLibrary">
<msg time="2025-09-24T12:57:24.592369" level="INFO">Executing JavaScript:
var h=document.querySelector('[data-testid="shadow-host"]'); if(h &amp;&amp; h.shadowRoot){ var el=h.shadowRoot.querySelector('span[data-cart="cart-div0-div1-div1-aside1-section0-div3-span1"]'); return el ? (el.textContent||'') : ''; } return '';
Without any arguments.</msg>
<msg time="2025-09-24T12:57:24.595741" level="INFO">${text} = THB 18.00</msg>
<var>${text}</var>
<arg>var h=document.querySelector('${shadow_host}'); if(h &amp;&amp; h.shadowRoot){ var el=h.shadowRoot.querySelector('${element_selector}'); return el ? (el.textContent||'') : ''; } return '';</arg>
<doc>Executes the given JavaScript code with possible arguments.</doc>
<status status="PASS" start="2025-09-24T12:57:24.591994" elapsed="0.003781"/>
</kw>
<return>
<value>${text}</value>
<status status="PASS" start="2025-09-24T12:57:24.595844" elapsed="0.000046"/>
</return>
<msg time="2025-09-24T12:57:24.596059" level="INFO">${vat_text} = THB 18.00</msg>
<var>${vat_text}</var>
<arg>${cart_vat}</arg>
<doc>ดึงข้อความจาก element ที่อยู่ใน shadow DOM และรอให้ element ปรากฏก่อน</doc>
<status status="PASS" start="2025-09-24T12:57:24.586963" elapsed="0.009126"/>
</kw>
<kw name="Evaluate" owner="BuiltIn">
<msg time="2025-09-24T12:57:24.596667" level="INFO">${total} = 323.0</msg>
<var>${total}</var>
<arg>float(__import__('re').sub(r'[^0-9.]','', '''${total_text}'''))</arg>
<doc>Evaluates the given expression in Python and returns the result.</doc>
<status status="PASS" start="2025-09-24T12:57:24.596287" elapsed="0.000412"/>
</kw>
<kw name="Evaluate" owner="BuiltIn">
<msg time="2025-09-24T12:57:24.597070" level="INFO">${subtotal} = 255.0</msg>
<var>${subtotal}</var>
<arg>float(__import__('re').sub(r'[^0-9.]','', '''${subtotal_text}'''))</arg>
<doc>Evaluates the given expression in Python and returns the result.</doc>
<status status="PASS" start="2025-09-24T12:57:24.596822" elapsed="0.000278"/>
</kw>
<kw name="Evaluate" owner="BuiltIn">
<msg time="2025-09-24T12:57:24.597417" level="INFO">${shipping} = 50.0</msg>
<var>${shipping}</var>
<arg>float(__import__('re').sub(r'[^0-9.]','', '''${shipping_text}'''))</arg>
<doc>Evaluates the given expression in Python and returns the result.</doc>
<status status="PASS" start="2025-09-24T12:57:24.597207" elapsed="0.000239"/>
</kw>
<kw name="Evaluate" owner="BuiltIn">
<msg time="2025-09-24T12:57:24.597748" level="INFO">${vat} = 18.0</msg>
<var>${vat}</var>
<arg>float(__import__('re').sub(r'[^0-9.]','', '''${vat_text}'''))</arg>
<doc>Evaluates the given expression in Python and returns the result.</doc>
<status status="PASS" start="2025-09-24T12:57:24.597547" elapsed="0.000231"/>
</kw>
<kw name="Set Variable" owner="BuiltIn">
<msg time="2025-09-24T12:57:24.598000" level="INFO">${discount} = 0</msg>
<var>${discount}</var>
<arg>0</arg>
<doc>Returns the given values which can then be assigned to a variables.</doc>
<status status="PASS" start="2025-09-24T12:57:24.597892" elapsed="0.000128"/>
</kw>
<kw name="Run Keyword If" owner="BuiltIn">
<arg>${discount_text}</arg>
<arg>${discount}=</arg>
<arg>Evaluate</arg>
<arg>float(__import__('re').sub(r'[^0-9.]','', '''${discount_text}'''))</arg>
<doc>Runs the given keyword with the given arguments, if ``condition`` is true.</doc>
<status status="PASS" start="2025-09-24T12:57:24.598102" elapsed="0.000111"/>
</kw>
<kw name="Evaluate" owner="BuiltIn">
<msg time="2025-09-24T12:57:24.598512" level="INFO">${expected_total} = 323.0</msg>
<var>${expected_total}</var>
<arg>${subtotal} - ${discount} + ${shipping} + ${vat}</arg>
<doc>Evaluates the given expression in Python and returns the result.</doc>
<status status="PASS" start="2025-09-24T12:57:24.598315" elapsed="0.000218"/>
</kw>
<kw name="Should Be Equal As Numbers" owner="BuiltIn">
<arg>${total}</arg>
<arg>${expected_total}</arg>
<doc>Fails if objects are unequal after converting them to real numbers.</doc>
<status status="PASS" start="2025-09-24T12:57:24.598608" elapsed="0.000130"/>
</kw>
<kw name="Should Be Equal As Numbers" owner="BuiltIn">
<msg time="2025-09-24T12:57:24.598880" level="INFO">Argument types are:
&lt;class 'float'&gt;
&lt;class 'str'&gt;</msg>
<arg>${total}</arg>
<arg>323.00</arg>
<doc>Fails if objects are unequal after converting them to real numbers.</doc>
<status status="PASS" start="2025-09-24T12:57:24.598806" elapsed="0.000110"/>
</kw>
<kw name="Log" owner="BuiltIn">
<msg time="2025-09-24T12:57:24.599038" level="INFO">Checkout total verified</msg>
<arg>Checkout total verified</arg>
<doc>Logs the given message with the given level.</doc>
<status status="PASS" start="2025-09-24T12:57:24.598983" elapsed="0.000082"/>
</kw>
<doc>ตรวจสอบยอดรวมในหน้า checkout ว่าถูกต้อง (รวมส่วนลด, ค่าจัดส่ง, VAT)</doc>
<status status="PASS" start="2025-09-24T12:57:24.553006" elapsed="0.046105"/>
</kw>
<kw name="Remove All Cart Items" owner="Keywords">
<kw name="Execute Javascript" owner="SeleniumLibrary">
<msg time="2025-09-24T12:57:24.600123" level="INFO">Executing JavaScript:
var h=document.querySelector('[data-testid="shadow-host"]'); if(h&amp;&amp;h.shadowRoot){ return h.shadowRoot.querySelectorAll('div[data-cart="cart-div0-div1-div1-div0-div0"]').length; } return 0;
Without any arguments.</msg>
<msg time="2025-09-24T12:57:24.604071" level="INFO">${count} = 1</msg>
<var>${count}</var>
<arg>var h=document.querySelector('${shadow_host}'); if(h&amp;&amp;h.shadowRoot){ return h.shadowRoot.querySelectorAll('${cart_item_container}').length; } return 0;</arg>
<doc>Executes the given JavaScript code with possible arguments.</doc>
<status status="PASS" start="2025-09-24T12:57:24.599772" elapsed="0.004336"/>
</kw>
<while condition="${count} &gt; 0">
<iter>
<kw name="Execute Javascript" owner="SeleniumLibrary">
<msg time="2025-09-24T12:57:24.604940" level="INFO">Executing JavaScript:
var h=document.querySelector('[data-testid="shadow-host"]'); if(h&amp;&amp;h.shadowRoot){ var item=h.shadowRoot.querySelector('div[data-cart="cart-div0-div1-div1-div0-div0"]'); if(item){ var btn=item.querySelector('button[data-cart*="button2"]'); if(btn){ try{btn.click();}catch(e){} } } }
Without any arguments.</msg>
<arg>var h=document.querySelector('${shadow_host}'); if(h&amp;&amp;h.shadowRoot){ var item=h.shadowRoot.querySelector('${cart_item_container}'); if(item){ var btn=item.querySelector('${cart_remove_btn}'); if(btn){ try{btn.click();}catch(e){} } } }</arg>
<doc>Executes the given JavaScript code with possible arguments.</doc>
<status status="PASS" start="2025-09-24T12:57:24.604591" elapsed="0.005292"/>
</kw>
<kw name="Wait Until Keyword Succeeds" owner="BuiltIn">
<kw name="Execute Javascript" owner="SeleniumLibrary">
<msg time="2025-09-24T12:57:24.610572" level="INFO">Executing JavaScript:
var h=document.querySelector('[data-testid="shadow-host"]'); if(!(h&amp;&amp;h.shadowRoot)) return false; return h.shadowRoot.querySelector('div[data-cart="cart-div0-div1-div2"]') !== null;
Without any arguments.</msg>
<arg>var h=document.querySelector('${shadow_host}'); if(!(h&amp;&amp;h.shadowRoot)) return false; return h.shadowRoot.querySelector('${cart_confirm_overlay}') !== null;</arg>
<doc>Executes the given JavaScript code with possible arguments.</doc>
<status status="PASS" start="2025-09-24T12:57:24.610228" elapsed="0.003320"/>
</kw>
<arg>20x</arg>
<arg>0.25s</arg>
<arg>Execute Javascript</arg>
<arg>var h=document.querySelector('${shadow_host}'); if(!(h&amp;&amp;h.shadowRoot)) return false; return h.shadowRoot.querySelector('${cart_confirm_overlay}') !== null;</arg>
<doc>Runs the specified keyword and retries if it fails.</doc>
<status status="PASS" start="2025-09-24T12:57:24.610053" elapsed="0.003557"/>
</kw>
<kw name="Wait Until Keyword Succeeds" owner="BuiltIn">
<kw name="Execute Javascript" owner="SeleniumLibrary">
<msg time="2025-09-24T12:57:24.614204" level="INFO">Executing JavaScript:
var h=document.querySelector('[data-testid="shadow-host"]'); if(h&amp;&amp;h.shadowRoot){ var c=h.shadowRoot.querySelector('button[data-cart="cart-div0-div1-div2-div0-div2-button1"]'); if(c){ try{c.click();}catch(e){} try{c.dispatchEvent(new MouseEvent('click',{bubbles:true}));}catch(e){} return true; } } return false;
Without any arguments.</msg>
<arg>var h=document.querySelector('${shadow_host}'); if(h&amp;&amp;h.shadowRoot){ var c=h.shadowRoot.querySelector('${cart_confirm_btn}'); if(c){ try{c.click();}catch(e){} try{c.dispatchEvent(new MouseEvent('click',{bubbles:true}));}catch(e){} return true; } } return false;</arg>
<doc>Executes the given JavaScript code with possible arguments.</doc>
<status status="PASS" start="2025-09-24T12:57:24.613858" elapsed="0.006159"/>
</kw>
<arg>20x</arg>
<arg>0.25s</arg>
<arg>Execute Javascript</arg>
<arg>var h=document.querySelector('${shadow_host}'); if(h&amp;&amp;h.shadowRoot){ var c=h.shadowRoot.querySelector('${cart_confirm_btn}'); if(c){ try{c.click();}catch(e){} try{c.dispatchEvent(new MouseEvent('click',{bubbles:true}));}catch(e){} return true; } } return false;</arg>
<doc>Runs the specified keyword and retries if it fails.</doc>
<status status="PASS" start="2025-09-24T12:57:24.613704" elapsed="0.006485"/>
</kw>
<kw name="Wait Until Keyword Succeeds" owner="BuiltIn">
<kw name="Execute Javascript" owner="SeleniumLibrary">
<msg time="2025-09-24T12:57:24.621807" level="INFO">Executing JavaScript:
var h=document.querySelector('[data-testid="shadow-host"]'); if(!(h&amp;&amp;h.shadowRoot)) return false; return h.shadowRoot.querySelector('div[data-cart="cart-div0-div1-div2"]') === null;
Without any arguments.</msg>
<arg>var h=document.querySelector('${shadow_host}'); if(!(h&amp;&amp;h.shadowRoot)) return false; return h.shadowRoot.querySelector('${cart_confirm_overlay}') === null;</arg>
<doc>Executes the given JavaScript code with possible arguments.</doc>
<status status="PASS" start="2025-09-24T12:57:24.621050" elapsed="0.004732"/>
</kw>
<arg>40x</arg>
<arg>0.25s</arg>
<arg>Execute Javascript</arg>
<arg>var h=document.querySelector('${shadow_host}'); if(!(h&amp;&amp;h.shadowRoot)) return false; return h.shadowRoot.querySelector('${cart_confirm_overlay}') === null;</arg>
<doc>Runs the specified keyword and retries if it fails.</doc>
<status status="PASS" start="2025-09-24T12:57:24.620564" elapsed="0.005326"/>
</kw>
<kw name="Execute Javascript" owner="SeleniumLibrary">
<msg time="2025-09-24T12:57:24.626615" level="INFO">Executing JavaScript:
var h=document.querySelector('[data-testid="shadow-host"]'); if(h&amp;&amp;h.shadowRoot){ return h.shadowRoot.querySelectorAll('div[data-cart="cart-div0-div1-div1-div0-div0"]').length; } return 0;
Without any arguments.</msg>
<msg time="2025-09-24T12:57:24.630936" level="INFO">${count} = 1</msg>
<var>${count}</var>
<arg>var h=document.querySelector('${shadow_host}'); if(h&amp;&amp;h.shadowRoot){ return h.shadowRoot.querySelectorAll('${cart_item_container}').length; } return 0;</arg>
<doc>Executes the given JavaScript code with possible arguments.</doc>
<status status="PASS" start="2025-09-24T12:57:24.626065" elapsed="0.004918"/>
</kw>
<status status="PASS" start="2025-09-24T12:57:24.604316" elapsed="0.026740"/>
</iter>
<iter>
<kw name="Execute Javascript" owner="SeleniumLibrary">
<msg time="2025-09-24T12:57:24.631711" level="INFO">Executing JavaScript:
var h=document.querySelector('[data-testid="shadow-host"]'); if(h&amp;&amp;h.shadowRoot){ var item=h.shadowRoot.querySelector('div[data-cart="cart-div0-div1-div1-div0-div0"]'); if(item){ var btn=item.querySelector('button[data-cart*="button2"]'); if(btn){ try{btn.click();}catch(e){} } } }
Without any arguments.</msg>
<arg>var h=document.querySelector('${shadow_host}'); if(h&amp;&amp;h.shadowRoot){ var item=h.shadowRoot.querySelector('${cart_item_container}'); if(item){ var btn=item.querySelector('${cart_remove_btn}'); if(btn){ try{btn.click();}catch(e){} } } }</arg>
<doc>Executes the given JavaScript code with possible arguments.</doc>
<status status="PASS" start="2025-09-24T12:57:24.631354" elapsed="0.004181"/>
</kw>
<kw name="Wait Until Keyword Succeeds" owner="BuiltIn">
<kw name="Execute Javascript" owner="SeleniumLibrary">
<msg time="2025-09-24T12:57:24.636279" level="INFO">Executing JavaScript:
var h=document.querySelector('[data-testid="shadow-host"]'); if(!(h&amp;&amp;h.shadowRoot)) return false; return h.shadowRoot.querySelector('div[data-cart="cart-div0-div1-div2"]') !== null;
Without any arguments.</msg>
<arg>var h=document.querySelector('${shadow_host}'); if(!(h&amp;&amp;h.shadowRoot)) return false; return h.shadowRoot.querySelector('${cart_confirm_overlay}') !== null;</arg>
<doc>Executes the given JavaScript code with possible arguments.</doc>
<status status="PASS" start="2025-09-24T12:57:24.635920" elapsed="0.003275"/>
</kw>
<arg>20x</arg>
<arg>0.25s</arg>
<arg>Execute Javascript</arg>
<arg>var h=document.querySelector('${shadow_host}'); if(!(h&amp;&amp;h.shadowRoot)) return false; return h.shadowRoot.querySelector('${cart_confirm_overlay}') !== null;</arg>
<doc>Runs the specified keyword and retries if it fails.</doc>
<status status="PASS" start="2025-09-24T12:57:24.635706" elapsed="0.003572"/>
</kw>
<kw name="Wait Until Keyword Succeeds" owner="BuiltIn">
<kw name="Execute Javascript" owner="SeleniumLibrary">
<msg time="2025-09-24T12:57:24.639993" level="INFO">Executing JavaScript:
var h=document.querySelector('[data-testid="shadow-host"]'); if(h&amp;&amp;h.shadowRoot){ var c=h.shadowRoot.querySelector('button[data-cart="cart-div0-div1-div2-div0-div2-button1"]'); if(c){ try{c.click();}catch(e){} try{c.dispatchEvent(new MouseEvent('click',{bubbles:true}));}catch(e){} return true; } } return false;
Without any arguments.</msg>
<arg>var h=document.querySelector('${shadow_host}'); if(h&amp;&amp;h.shadowRoot){ var c=h.shadowRoot.querySelector('${cart_confirm_btn}'); if(c){ try{c.click();}catch(e){} try{c.dispatchEvent(new MouseEvent('click',{bubbles:true}));}catch(e){} return true; } } return false;</arg>
<doc>Executes the given JavaScript code with possible arguments.</doc>
<status status="PASS" start="2025-09-24T12:57:24.639609" elapsed="0.003851"/>
</kw>
<arg>20x</arg>
<arg>0.25s</arg>
<arg>Execute Javascript</arg>
<arg>var h=document.querySelector('${shadow_host}'); if(h&amp;&amp;h.shadowRoot){ var c=h.shadowRoot.querySelector('${cart_confirm_btn}'); if(c){ try{c.click();}catch(e){} try{c.dispatchEvent(new MouseEvent('click',{bubbles:true}));}catch(e){} return true; } } return false;</arg>
<doc>Runs the specified keyword and retries if it fails.</doc>
<status status="PASS" start="2025-09-24T12:57:24.639423" elapsed="0.004153"/>
</kw>
<kw name="Wait Until Keyword Succeeds" owner="BuiltIn">
<kw name="Execute Javascript" owner="SeleniumLibrary">
<msg time="2025-09-24T12:57:24.644517" level="INFO">Executing JavaScript:
var h=document.querySelector('[data-testid="shadow-host"]'); if(!(h&amp;&amp;h.shadowRoot)) return false; return h.shadowRoot.querySelector('div[data-cart="cart-div0-div1-div2"]') === null;
Without any arguments.</msg>
<arg>var h=document.querySelector('${shadow_host}'); if(!(h&amp;&amp;h.shadowRoot)) return false; return h.shadowRoot.querySelector('${cart_confirm_overlay}') === null;</arg>
<doc>Executes the given JavaScript code with possible arguments.</doc>
<status status="PASS" start="2025-09-24T12:57:24.643988" elapsed="0.004549"/>
</kw>
<arg>40x</arg>
<arg>0.25s</arg>
<arg>Execute Javascript</arg>
<arg>var h=document.querySelector('${shadow_host}'); if(!(h&amp;&amp;h.shadowRoot)) return false; return h.shadowRoot.querySelector('${cart_confirm_overlay}') === null;</arg>
<doc>Runs the specified keyword and retries if it fails.</doc>
<status status="PASS" start="2025-09-24T12:57:24.643755" elapsed="0.004899"/>
</kw>
<kw name="Execute Javascript" owner="SeleniumLibrary">
<msg time="2025-09-24T12:57:24.649371" level="INFO">Executing JavaScript:
var h=document.querySelector('[data-testid="shadow-host"]'); if(h&amp;&amp;h.shadowRoot){ return h.shadowRoot.querySelectorAll('div[data-cart="cart-div0-div1-div1-div0-div0"]').length; } return 0;
Without any arguments.</msg>
<msg time="2025-09-24T12:57:24.652961" level="INFO">${count} = 1</msg>
<var>${count}</var>
<arg>var h=document.querySelector('${shadow_host}'); if(h&amp;&amp;h.shadowRoot){ return h.shadowRoot.querySelectorAll('${cart_item_container}').length; } return 0;</arg>
<doc>Executes the given JavaScript code with possible arguments.</doc>
<status status="PASS" start="2025-09-24T12:57:24.648834" elapsed="0.004171"/>
</kw>
<status status="PASS" start="2025-09-24T12:57:24.631106" elapsed="0.021980"/>
</iter>
<iter>
<kw name="Execute Javascript" owner="SeleniumLibrary">
<msg time="2025-09-24T12:57:24.653829" level="INFO">Executing JavaScript:
var h=document.querySelector('[data-testid="shadow-host"]'); if(h&amp;&amp;h.shadowRoot){ var item=h.shadowRoot.querySelector('div[data-cart="cart-div0-div1-div1-div0-div0"]'); if(item){ var btn=item.querySelector('button[data-cart*="button2"]'); if(btn){ try{btn.click();}catch(e){} } } }
Without any arguments.</msg>
<arg>var h=document.querySelector('${shadow_host}'); if(h&amp;&amp;h.shadowRoot){ var item=h.shadowRoot.querySelector('${cart_item_container}'); if(item){ var btn=item.querySelector('${cart_remove_btn}'); if(btn){ try{btn.click();}catch(e){} } } }</arg>
<doc>Executes the given JavaScript code with possible arguments.</doc>
<status status="PASS" start="2025-09-24T12:57:24.653412" elapsed="0.004023"/>
</kw>
<kw name="Wait Until Keyword Succeeds" owner="BuiltIn">
<kw name="Execute Javascript" owner="SeleniumLibrary">
<msg time="2025-09-24T12:57:24.658426" level="INFO">Executing JavaScript:
var h=document.querySelector('[data-testid="shadow-host"]'); if(!(h&amp;&amp;h.shadowRoot)) return false; return h.shadowRoot.querySelector('div[data-cart="cart-div0-div1-div2"]') !== null;
Without any arguments.</msg>
<arg>var h=document.querySelector('${shadow_host}'); if(!(h&amp;&amp;h.shadowRoot)) return false; return h.shadowRoot.querySelector('${cart_confirm_overlay}') !== null;</arg>
<doc>Executes the given JavaScript code with possible arguments.</doc>
<status status="PASS" start="2025-09-24T12:57:24.657952" elapsed="0.003661"/>
</kw>
<arg>20x</arg>
<arg>0.25s</arg>
<arg>Execute Javascript</arg>
<arg>var h=document.querySelector('${shadow_host}'); if(!(h&amp;&amp;h.shadowRoot)) return false; return h.shadowRoot.querySelector('${cart_confirm_overlay}') !== null;</arg>
<doc>Runs the specified keyword and retries if it fails.</doc>
<status status="PASS" start="2025-09-24T12:57:24.657703" elapsed="0.003993"/>
</kw>
<kw name="Wait Until Keyword Succeeds" owner="BuiltIn">
<kw name="Execute Javascript" owner="SeleniumLibrary">
<msg time="2025-09-24T12:57:24.662427" level="INFO">Executing JavaScript:
var h=document.querySelector('[data-testid="shadow-host"]'); if(h&amp;&amp;h.shadowRoot){ var c=h.shadowRoot.querySelector('button[data-cart="cart-div0-div1-div2-div0-div2-button1"]'); if(c){ try{c.click();}catch(e){} try{c.dispatchEvent(new MouseEvent('click',{bubbles:true}));}catch(e){} return true; } } return false;
Without any arguments.</msg>
<arg>var h=document.querySelector('${shadow_host}'); if(h&amp;&amp;h.shadowRoot){ var c=h.shadowRoot.querySelector('${cart_confirm_btn}'); if(c){ try{c.click();}catch(e){} try{c.dispatchEvent(new MouseEvent('click',{bubbles:true}));}catch(e){} return true; } } return false;</arg>
<doc>Executes the given JavaScript code with possible arguments.</doc>
<status status="PASS" start="2025-09-24T12:57:24.662007" elapsed="0.004144"/>
</kw>
<arg>20x</arg>
<arg>0.25s</arg>
<arg>Execute Javascript</arg>
<arg>var h=document.querySelector('${shadow_host}'); if(h&amp;&amp;h.shadowRoot){ var c=h.shadowRoot.querySelector('${cart_confirm_btn}'); if(c){ try{c.click();}catch(e){} try{c.dispatchEvent(new MouseEvent('click',{bubbles:true}));}catch(e){} return true; } } return false;</arg>
<doc>Runs the specified keyword and retries if it fails.</doc>
<status status="PASS" start="2025-09-24T12:57:24.661827" elapsed="0.004452"/>
</kw>
<kw name="Wait Until Keyword Succeeds" owner="BuiltIn">
<kw name="Execute Javascript" owner="SeleniumLibrary">
<msg time="2025-09-24T12:57:24.667171" level="INFO">Executing JavaScript:
var h=document.querySelector('[data-testid="shadow-host"]'); if(!(h&amp;&amp;h.shadowRoot)) return false; return h.shadowRoot.querySelector('div[data-cart="cart-div0-div1-div2"]') === null;
Without any arguments.</msg>
<arg>var h=document.querySelector('${shadow_host}'); if(!(h&amp;&amp;h.shadowRoot)) return false; return h.shadowRoot.querySelector('${cart_confirm_overlay}') === null;</arg>
<doc>Executes the given JavaScript code with possible arguments.</doc>
<status status="PASS" start="2025-09-24T12:57:24.666705" elapsed="0.004167"/>
</kw>
<arg>40x</arg>
<arg>0.25s</arg>
<arg>Execute Javascript</arg>
<arg>var h=document.querySelector('${shadow_host}'); if(!(h&amp;&amp;h.shadowRoot)) return false; return h.shadowRoot.querySelector('${cart_confirm_overlay}') === null;</arg>
<doc>Runs the specified keyword and retries if it fails.</doc>
<status status="PASS" start="2025-09-24T12:57:24.666456" elapsed="0.004548"/>
</kw>
<kw name="Execute Javascript" owner="SeleniumLibrary">
<msg time="2025-09-24T12:57:24.671935" level="INFO">Executing JavaScript:
var h=document.querySelector('[data-testid="shadow-host"]'); if(h&amp;&amp;h.shadowRoot){ return h.shadowRoot.querySelectorAll('div[data-cart="cart-div0-div1-div1-div0-div0"]').length; } return 0;
Without any arguments.</msg>
<msg time="2025-09-24T12:57:24.675371" level="INFO">${count} = 1</msg>
<var>${count}</var>
<arg>var h=document.querySelector('${shadow_host}'); if(h&amp;&amp;h.shadowRoot){ return h.shadowRoot.querySelectorAll('${cart_item_container}').length; } return 0;</arg>
<doc>Executes the given JavaScript code with possible arguments.</doc>
<status status="PASS" start="2025-09-24T12:57:24.671287" elapsed="0.004125"/>
</kw>
<status status="PASS" start="2025-09-24T12:57:24.653131" elapsed="0.022446"/>
</iter>
<iter>
<kw name="Execute Javascript" owner="SeleniumLibrary">
<msg time="2025-09-24T12:57:24.676225" level="INFO">Executing JavaScript:
var h=document.querySelector('[data-testid="shadow-host"]'); if(h&amp;&amp;h.shadowRoot){ var item=h.shadowRoot.querySelector('div[data-cart="cart-div0-div1-div1-div0-div0"]'); if(item){ var btn=item.querySelector('button[data-cart*="button2"]'); if(btn){ try{btn.click();}catch(e){} } } }
Without any arguments.</msg>
<arg>var h=document.querySelector('${shadow_host}'); if(h&amp;&amp;h.shadowRoot){ var item=h.shadowRoot.querySelector('${cart_item_container}'); if(item){ var btn=item.querySelector('${cart_remove_btn}'); if(btn){ try{btn.click();}catch(e){} } } }</arg>
<doc>Executes the given JavaScript code with possible arguments.</doc>
<status status="PASS" start="2025-09-24T12:57:24.675886" elapsed="0.003875"/>
</kw>
<kw name="Wait Until Keyword Succeeds" owner="BuiltIn">
<kw name="Execute Javascript" owner="SeleniumLibrary">
<msg time="2025-09-24T12:57:24.681163" level="INFO">Executing JavaScript:
var h=document.querySelector('[data-testid="shadow-host"]'); if(!(h&amp;&amp;h.shadowRoot)) return false; return h.shadowRoot.querySelector('div[data-cart="cart-div0-div1-div2"]') !== null;
Without any arguments.</msg>
<arg>var h=document.querySelector('${shadow_host}'); if(!(h&amp;&amp;h.shadowRoot)) return false; return h.shadowRoot.querySelector('${cart_confirm_overlay}') !== null;</arg>
<doc>Executes the given JavaScript code with possible arguments.</doc>
<status status="PASS" start="2025-09-24T12:57:24.680102" elapsed="0.004202"/>
</kw>
<arg>20x</arg>
<arg>0.25s</arg>
<arg>Execute Javascript</arg>
<arg>var h=document.querySelector('${shadow_host}'); if(!(h&amp;&amp;h.shadowRoot)) return false; return h.shadowRoot.querySelector('${cart_confirm_overlay}') !== null;</arg>
<doc>Runs the specified keyword and retries if it fails.</doc>
<status status="PASS" start="2025-09-24T12:57:24.679928" elapsed="0.004469"/>
</kw>
<kw name="Wait Until Keyword Succeeds" owner="BuiltIn">
<kw name="Execute Javascript" owner="SeleniumLibrary">
<msg time="2025-09-24T12:57:24.685145" level="INFO">Executing JavaScript:
var h=document.querySelector('[data-testid="shadow-host"]'); if(h&amp;&amp;h.shadowRoot){ var c=h.shadowRoot.querySelector('button[data-cart="cart-div0-div1-div2-div0-div2-button1"]'); if(c){ try{c.click();}catch(e){} try{c.dispatchEvent(new MouseEvent('click',{bubbles:true}));}catch(e){} return true; } } return false;
Without any arguments.</msg>
<arg>var h=document.querySelector('${shadow_host}'); if(h&amp;&amp;h.shadowRoot){ var c=h.shadowRoot.querySelector('${cart_confirm_btn}'); if(c){ try{c.click();}catch(e){} try{c.dispatchEvent(new MouseEvent('click',{bubbles:true}));}catch(e){} return true; } } return false;</arg>
<doc>Executes the given JavaScript code with possible arguments.</doc>
<status status="PASS" start="2025-09-24T12:57:24.684718" elapsed="0.004306"/>
</kw>
<arg>20x</arg>
<arg>0.25s</arg>
<arg>Execute Javascript</arg>
<arg>var h=document.querySelector('${shadow_host}'); if(h&amp;&amp;h.shadowRoot){ var c=h.shadowRoot.querySelector('${cart_confirm_btn}'); if(c){ try{c.click();}catch(e){} try{c.dispatchEvent(new MouseEvent('click',{bubbles:true}));}catch(e){} return true; } } return false;</arg>
<doc>Runs the specified keyword and retries if it fails.</doc>
<status status="PASS" start="2025-09-24T12:57:24.684537" elapsed="0.004581"/>
</kw>
<kw name="Wait Until Keyword Succeeds" owner="BuiltIn">
<kw name="Execute Javascript" owner="SeleniumLibrary">
<msg time="2025-09-24T12:57:24.689787" level="INFO">Executing JavaScript:
var h=document.querySelector('[data-testid="shadow-host"]'); if(!(h&amp;&amp;h.shadowRoot)) return false; return h.shadowRoot.querySelector('div[data-cart="cart-div0-div1-div2"]') === null;
Without any arguments.</msg>
<arg>var h=document.querySelector('${shadow_host}'); if(!(h&amp;&amp;h.shadowRoot)) return false; return h.shadowRoot.querySelector('${cart_confirm_overlay}') === null;</arg>
<doc>Executes the given JavaScript code with possible arguments.</doc>
<status status="PASS" start="2025-09-24T12:57:24.689440" elapsed="0.003068"/>
</kw>
<arg>40x</arg>
<arg>0.25s</arg>
<arg>Execute Javascript</arg>
<arg>var h=document.querySelector('${shadow_host}'); if(!(h&amp;&amp;h.shadowRoot)) return false; return h.shadowRoot.querySelector('${cart_confirm_overlay}') === null;</arg>
<doc>Runs the specified keyword and retries if it fails.</doc>
<status status="PASS" start="2025-09-24T12:57:24.689249" elapsed="0.003334"/>
</kw>
<kw name="Execute Javascript" owner="SeleniumLibrary">
<msg time="2025-09-24T12:57:24.693248" level="INFO">Executing JavaScript:
var h=document.querySelector('[data-testid="shadow-host"]'); if(h&amp;&amp;h.shadowRoot){ return h.shadowRoot.querySelectorAll('div[data-cart="cart-div0-div1-div1-div0-div0"]').length; } return 0;
Without any arguments.</msg>
<msg time="2025-09-24T12:57:24.696914" level="INFO">${count} = 1</msg>
<var>${count}</var>
<arg>var h=document.querySelector('${shadow_host}'); if(h&amp;&amp;h.shadowRoot){ return h.shadowRoot.querySelectorAll('${cart_item_container}').length; } return 0;</arg>
<doc>Executes the given JavaScript code with possible arguments.</doc>
<status status="PASS" start="2025-09-24T12:57:24.692735" elapsed="0.004233"/>
</kw>
<status status="PASS" start="2025-09-24T12:57:24.675637" elapsed="0.021416"/>
</iter>
<iter>
<kw name="Execute Javascript" owner="SeleniumLibrary">
<msg time="2025-09-24T12:57:24.697831" level="INFO">Executing JavaScript:
var h=document.querySelector('[data-testid="shadow-host"]'); if(h&amp;&amp;h.shadowRoot){ var item=h.shadowRoot.querySelector('div[data-cart="cart-div0-div1-div1-div0-div0"]'); if(item){ var btn=item.querySelector('button[data-cart*="button2"]'); if(btn){ try{btn.click();}catch(e){} } } }
Without any arguments.</msg>
<arg>var h=document.querySelector('${shadow_host}'); if(h&amp;&amp;h.shadowRoot){ var item=h.shadowRoot.querySelector('${cart_item_container}'); if(item){ var btn=item.querySelector('${cart_remove_btn}'); if(btn){ try{btn.click();}catch(e){} } } }</arg>
<doc>Executes the given JavaScript code with possible arguments.</doc>
<status status="PASS" start="2025-09-24T12:57:24.697398" elapsed="0.004281"/>
</kw>
<kw name="Wait Until Keyword Succeeds" owner="BuiltIn">
<kw name="Execute Javascript" owner="SeleniumLibrary">
<msg time="2025-09-24T12:57:24.702562" level="INFO">Executing JavaScript:
var h=document.querySelector('[data-testid="shadow-host"]'); if(!(h&amp;&amp;h.shadowRoot)) return false; return h.shadowRoot.querySelector('div[data-cart="cart-div0-div1-div2"]') !== null;
Without any arguments.</msg>
<arg>var h=document.querySelector('${shadow_host}'); if(!(h&amp;&amp;h.shadowRoot)) return false; return h.shadowRoot.querySelector('${cart_confirm_overlay}') !== null;</arg>
<doc>Executes the given JavaScript code with possible arguments.</doc>
<status status="PASS" start="2025-09-24T12:57:24.702139" elapsed="0.004219"/>
</kw>
<arg>20x</arg>
<arg>0.25s</arg>
<arg>Execute Javascript</arg>
<arg>var h=document.querySelector('${shadow_host}'); if(!(h&amp;&amp;h.shadowRoot)) return false; return h.shadowRoot.querySelector('${cart_confirm_overlay}') !== null;</arg>
<doc>Runs the specified keyword and retries if it fails.</doc>
<status status="PASS" start="2025-09-24T12:57:24.701901" elapsed="0.004662"/>
</kw>
<kw name="Wait Until Keyword Succeeds" owner="BuiltIn">
<kw name="Execute Javascript" owner="SeleniumLibrary">
<msg time="2025-09-24T12:57:24.707780" level="INFO">Executing JavaScript:
var h=document.querySelector('[data-testid="shadow-host"]'); if(h&amp;&amp;h.shadowRoot){ var c=h.shadowRoot.querySelector('button[data-cart="cart-div0-div1-div2-div0-div2-button1"]'); if(c){ try{c.click();}catch(e){} try{c.dispatchEvent(new MouseEvent('click',{bubbles:true}));}catch(e){} return true; } } return false;
Without any arguments.</msg>
<arg>var h=document.querySelector('${shadow_host}'); if(h&amp;&amp;h.shadowRoot){ var c=h.shadowRoot.querySelector('${cart_confirm_btn}'); if(c){ try{c.click();}catch(e){} try{c.dispatchEvent(new MouseEvent('click',{bubbles:true}));}catch(e){} return true; } } return false;</arg>
<doc>Executes the given JavaScript code with possible arguments.</doc>
<status status="PASS" start="2025-09-24T12:57:24.707195" elapsed="0.005457"/>
</kw>
<arg>20x</arg>
<arg>0.25s</arg>
<arg>Execute Javascript</arg>
<arg>var h=document.querySelector('${shadow_host}'); if(h&amp;&amp;h.shadowRoot){ var c=h.shadowRoot.querySelector('${cart_confirm_btn}'); if(c){ try{c.click();}catch(e){} try{c.dispatchEvent(new MouseEvent('click',{bubbles:true}));}catch(e){} return true; } } return false;</arg>
<doc>Runs the specified keyword and retries if it fails.</doc>
<status status="PASS" start="2025-09-24T12:57:24.706837" elapsed="0.005938"/>
</kw>
<kw name="Wait Until Keyword Succeeds" owner="BuiltIn">
<kw name="Execute Javascript" owner="SeleniumLibrary">
<msg time="2025-09-24T12:57:24.713503" level="INFO">Executing JavaScript:
var h=document.querySelector('[data-testid="shadow-host"]'); if(!(h&amp;&amp;h.shadowRoot)) return false; return h.shadowRoot.querySelector('div[data-cart="cart-div0-div1-div2"]') === null;
Without any arguments.</msg>
<arg>var h=document.querySelector('${shadow_host}'); if(!(h&amp;&amp;h.shadowRoot)) return false; return h.shadowRoot.querySelector('${cart_confirm_overlay}') === null;</arg>
<doc>Executes the given JavaScript code with possible arguments.</doc>
<status status="PASS" start="2025-09-24T12:57:24.713135" elapsed="0.003603"/>
</kw>
<arg>40x</arg>
<arg>0.25s</arg>
<arg>Execute Javascript</arg>
<arg>var h=document.querySelector('${shadow_host}'); if(!(h&amp;&amp;h.shadowRoot)) return false; return h.shadowRoot.querySelector('${cart_confirm_overlay}') === null;</arg>
<doc>Runs the specified keyword and retries if it fails.</doc>
<status status="PASS" start="2025-09-24T12:57:24.712940" elapsed="0.003914"/>
</kw>
<kw name="Execute Javascript" owner="SeleniumLibrary">
<msg time="2025-09-24T12:57:24.717560" level="INFO">Executing JavaScript:
var h=document.querySelector('[data-testid="shadow-host"]'); if(h&amp;&amp;h.shadowRoot){ return h.shadowRoot.querySelectorAll('div[data-cart="cart-div0-div1-div1-div0-div0"]').length; } return 0;
Without any arguments.</msg>
<msg time="2025-09-24T12:57:24.720540" level="INFO">${count} = 1</msg>
<var>${count}</var>
<arg>var h=document.querySelector('${shadow_host}'); if(h&amp;&amp;h.shadowRoot){ return h.shadowRoot.querySelectorAll('${cart_item_container}').length; } return 0;</arg>
<doc>Executes the given JavaScript code with possible arguments.</doc>
<status status="PASS" start="2025-09-24T12:57:24.717038" elapsed="0.003538"/>
</kw>
<status status="PASS" start="2025-09-24T12:57:24.697097" elapsed="0.023536"/>
</iter>
<iter>
<kw name="Execute Javascript" owner="SeleniumLibrary">
<msg time="2025-09-24T12:57:24.721256" level="INFO">Executing JavaScript:
var h=document.querySelector('[data-testid="shadow-host"]'); if(h&amp;&amp;h.shadowRoot){ var item=h.shadowRoot.querySelector('div[data-cart="cart-div0-div1-div1-div0-div0"]'); if(item){ var btn=item.querySelector('button[data-cart*="button2"]'); if(btn){ try{btn.click();}catch(e){} } } }
Without any arguments.</msg>
<arg>var h=document.querySelector('${shadow_host}'); if(h&amp;&amp;h.shadowRoot){ var item=h.shadowRoot.querySelector('${cart_item_container}'); if(item){ var btn=item.querySelector('${cart_remove_btn}'); if(btn){ try{btn.click();}catch(e){} } } }</arg>
<doc>Executes the given JavaScript code with possible arguments.</doc>
<status status="PASS" start="2025-09-24T12:57:24.720916" elapsed="0.003591"/>
</kw>
<kw name="Wait Until Keyword Succeeds" owner="BuiltIn">
<kw name="Execute Javascript" owner="SeleniumLibrary">
<msg time="2025-09-24T12:57:24.725925" level="INFO">Executing JavaScript:
var h=document.querySelector('[data-testid="shadow-host"]'); if(!(h&amp;&amp;h.shadowRoot)) return false; return h.shadowRoot.querySelector('div[data-cart="cart-div0-div1-div2"]') !== null;
Without any arguments.</msg>
<arg>var h=document.querySelector('${shadow_host}'); if(!(h&amp;&amp;h.shadowRoot)) return false; return h.shadowRoot.querySelector('${cart_confirm_overlay}') !== null;</arg>
<doc>Executes the given JavaScript code with possible arguments.</doc>
<status status="PASS" start="2025-09-24T12:57:24.725341" elapsed="0.003679"/>
</kw>
<arg>20x</arg>
<arg>0.25s</arg>
<arg>Execute Javascript</arg>
<arg>var h=document.querySelector('${shadow_host}'); if(!(h&amp;&amp;h.shadowRoot)) return false; return h.shadowRoot.querySelector('${cart_confirm_overlay}') !== null;</arg>
<doc>Runs the specified keyword and retries if it fails.</doc>
<status status="PASS" start="2025-09-24T12:57:24.724850" elapsed="0.004252"/>
</kw>
<kw name="Wait Until Keyword Succeeds" owner="BuiltIn">
<kw name="Execute Javascript" owner="SeleniumLibrary">
<msg time="2025-09-24T12:57:24.729933" level="INFO">Executing JavaScript:
var h=document.querySelector('[data-testid="shadow-host"]'); if(h&amp;&amp;h.shadowRoot){ var c=h.shadowRoot.querySelector('button[data-cart="cart-div0-div1-div2-div0-div2-button1"]'); if(c){ try{c.click();}catch(e){} try{c.dispatchEvent(new MouseEvent('click',{bubbles:true}));}catch(e){} return true; } } return false;
Without any arguments.</msg>
<arg>var h=document.querySelector('${shadow_host}'); if(h&amp;&amp;h.shadowRoot){ var c=h.shadowRoot.querySelector('${cart_confirm_btn}'); if(c){ try{c.click();}catch(e){} try{c.dispatchEvent(new MouseEvent('click',{bubbles:true}));}catch(e){} return true; } } return false;</arg>
<doc>Executes the given JavaScript code with possible arguments.</doc>
<status status="PASS" start="2025-09-24T12:57:24.729494" elapsed="0.003583"/>
</kw>
<arg>20x</arg>
<arg>0.25s</arg>
<arg>Execute Javascript</arg>
<arg>var h=document.querySelector('${shadow_host}'); if(h&amp;&amp;h.shadowRoot){ var c=h.shadowRoot.querySelector('${cart_confirm_btn}'); if(c){ try{c.click();}catch(e){} try{c.dispatchEvent(new MouseEvent('click',{bubbles:true}));}catch(e){} return true; } } return false;</arg>
<doc>Runs the specified keyword and retries if it fails.</doc>
<status status="PASS" start="2025-09-24T12:57:24.729242" elapsed="0.003944"/>
</kw>
<kw name="Wait Until Keyword Succeeds" owner="BuiltIn">
<kw name="Execute Javascript" owner="SeleniumLibrary">
<msg time="2025-09-24T12:57:24.734050" level="INFO">Executing JavaScript:
var h=document.querySelector('[data-testid="shadow-host"]'); if(!(h&amp;&amp;h.shadowRoot)) return false; return h.shadowRoot.querySelector('div[data-cart="cart-div0-div1-div2"]') === null;
Without any arguments.</msg>
<arg>var h=document.querySelector('${shadow_host}'); if(!(h&amp;&amp;h.shadowRoot)) return false; return h.shadowRoot.querySelector('${cart_confirm_overlay}') === null;</arg>
<doc>Executes the given JavaScript code with possible arguments.</doc>
<status status="PASS" start="2025-09-24T12:57:24.733593" elapsed="0.003400"/>
</kw>
<arg>40x</arg>
<arg>0.25s</arg>
<arg>Execute Javascript</arg>
[...]
<doc>Runs the specified keyword and retries if it fails.</doc>
<status status="PASS" start="2025-09-24T12:58:12.186934" elapsed="0.003518"/>
</kw>
<kw name="Wait Until Keyword Succeeds" owner="BuiltIn">
<kw name="Execute Javascript" owner="SeleniumLibrary">
<msg time="2025-09-24T12:58:12.191120" level="INFO">Executing JavaScript:
var h=document.querySelector('[data-testid="shadow-host"]'); if(!(h&amp;&amp;h.shadowRoot)) return false; return h.shadowRoot.querySelector('div[data-cart="cart-div0-div1-div2"]') === null;
Without any arguments.</msg>
<arg>var h=document.querySelector('${shadow_host}'); if(!(h&amp;&amp;h.shadowRoot)) return false; return h.shadowRoot.querySelector('${cart_confirm_overlay}') === null;</arg>
<doc>Executes the given JavaScript code with possible arguments.</doc>
<status status="PASS" start="2025-09-24T12:58:12.190791" elapsed="0.002848"/>
</kw>
<arg>40x</arg>
<arg>0.25s</arg>
<arg>Execute Javascript</arg>
<arg>var h=document.querySelector('${shadow_host}'); if(!(h&amp;&amp;h.shadowRoot)) return false; return h.shadowRoot.querySelector('${cart_confirm_overlay}') === null;</arg>
<doc>Runs the specified keyword and retries if it fails.</doc>
<status status="PASS" start="2025-09-24T12:58:12.190599" elapsed="0.003099"/>
</kw>
<kw name="Execute Javascript" owner="SeleniumLibrary">
<msg time="2025-09-24T12:58:12.194170" level="INFO">Executing JavaScript:
var h=document.querySelector('[data-testid="shadow-host"]'); if(h&amp;&amp;h.shadowRoot){ return h.shadowRoot.querySelectorAll('div[data-cart="cart-div0-div1-div1-div0-div0"]').length; } return 0;
Without any arguments.</msg>
<msg time="2025-09-24T12:58:12.196841" level="INFO">${count} = 1</msg>
<var>${count}</var>
<arg>var h=document.querySelector('${shadow_host}'); if(h&amp;&amp;h.shadowRoot){ return h.shadowRoot.querySelectorAll('${cart_item_container}').length; } return 0;</arg>
<doc>Executes the given JavaScript code with possible arguments.</doc>
<status status="PASS" start="2025-09-24T12:58:12.193891" elapsed="0.002983"/>
</kw>
<status status="PASS" start="2025-09-24T12:58:12.176015" elapsed="0.020912"/>
</iter>
<iter>
<kw name="Execute Javascript" owner="SeleniumLibrary">
<msg time="2025-09-24T12:58:12.197500" level="INFO">Executing JavaScript:
var h=document.querySelector('[data-testid="shadow-host"]'); if(h&amp;&amp;h.shadowRoot){ var item=h.shadowRoot.querySelector('div[data-cart="cart-div0-div1-div1-div0-div0"]'); if(item){ var btn=item.querySelector('button[data-cart*="button2"]'); if(btn){ try{btn.click();}catch(e){} } } }
Without any arguments.</msg>
<arg>var h=document.querySelector('${shadow_host}'); if(h&amp;&amp;h.shadowRoot){ var item=h.shadowRoot.querySelector('${cart_item_container}'); if(item){ var btn=item.querySelector('${cart_remove_btn}'); if(btn){ try{btn.click();}catch(e){} } } }</arg>
<doc>Executes the given JavaScript code with possible arguments.</doc>
<status status="PASS" start="2025-09-24T12:58:12.197191" elapsed="0.002841"/>
</kw>
<kw name="Wait Until Keyword Succeeds" owner="BuiltIn">
<kw name="Execute Javascript" owner="SeleniumLibrary">
<msg time="2025-09-24T12:58:12.200597" level="INFO">Executing JavaScript:
var h=document.querySelector('[data-testid="shadow-host"]'); if(!(h&amp;&amp;h.shadowRoot)) return false; return h.shadowRoot.querySelector('div[data-cart="cart-div0-div1-div2"]') !== null;
Without any arguments.</msg>
<arg>var h=document.querySelector('${shadow_host}'); if(!(h&amp;&amp;h.shadowRoot)) return false; return h.shadowRoot.querySelector('${cart_confirm_overlay}') !== null;</arg>
<doc>Executes the given JavaScript code with possible arguments.</doc>
<status status="PASS" start="2025-09-24T12:58:12.200328" elapsed="0.003004"/>
</kw>
<arg>20x</arg>
<arg>0.25s</arg>
<arg>Execute Javascript</arg>
<arg>var h=document.querySelector('${shadow_host}'); if(!(h&amp;&amp;h.shadowRoot)) return false; return h.shadowRoot.querySelector('${cart_confirm_overlay}') !== null;</arg>
<doc>Runs the specified keyword and retries if it fails.</doc>
<status status="PASS" start="2025-09-24T12:58:12.200175" elapsed="0.003293"/>
</kw>
<kw name="Wait Until Keyword Succeeds" owner="BuiltIn">
<kw name="Execute Javascript" owner="SeleniumLibrary">
<msg time="2025-09-24T12:58:12.204444" level="INFO">Executing JavaScript:
var h=document.querySelector('[data-testid="shadow-host"]'); if(h&amp;&amp;h.shadowRoot){ var c=h.shadowRoot.querySelector('button[data-cart="cart-div0-div1-div2-div0-div2-button1"]'); if(c){ try{c.click();}catch(e){} try{c.dispatchEvent(new MouseEvent('click',{bubbles:true}));}catch(e){} return true; } } return false;
Without any arguments.</msg>
<arg>var h=document.querySelector('${shadow_host}'); if(h&amp;&amp;h.shadowRoot){ var c=h.shadowRoot.querySelector('${cart_confirm_btn}'); if(c){ try{c.click();}catch(e){} try{c.dispatchEvent(new MouseEvent('click',{bubbles:true}));}catch(e){} return true; } } return false;</arg>
<doc>Executes the given JavaScript code with possible arguments.</doc>
<status status="PASS" start="2025-09-24T12:58:12.203953" elapsed="0.003130"/>
</kw>
<arg>20x</arg>
<arg>0.25s</arg>
<arg>Execute Javascript</arg>
<arg>var h=document.querySelector('${shadow_host}'); if(h&amp;&amp;h.shadowRoot){ var c=h.shadowRoot.querySelector('${cart_confirm_btn}'); if(c){ try{c.click();}catch(e){} try{c.dispatchEvent(new MouseEvent('click',{bubbles:true}));}catch(e){} return true; } } return false;</arg>
<doc>Runs the specified keyword and retries if it fails.</doc>
<status status="PASS" start="2025-09-24T12:58:12.203671" elapsed="0.003473"/>
</kw>
<kw name="Wait Until Keyword Succeeds" owner="BuiltIn">
<kw name="Execute Javascript" owner="SeleniumLibrary">
<msg time="2025-09-24T12:58:12.207655" level="INFO">Executing JavaScript:
var h=document.querySelector('[data-testid="shadow-host"]'); if(!(h&amp;&amp;h.shadowRoot)) return false; return h.shadowRoot.querySelector('div[data-cart="cart-div0-div1-div2"]') === null;
Without any arguments.</msg>
<arg>var h=document.querySelector('${shadow_host}'); if(!(h&amp;&amp;h.shadowRoot)) return false; return h.shadowRoot.querySelector('${cart_confirm_overlay}') === null;</arg>
<doc>Executes the given JavaScript code with possible arguments.</doc>
<status status="PASS" start="2025-09-24T12:58:12.207374" elapsed="0.003234"/>
</kw>
<arg>40x</arg>
<arg>0.25s</arg>
<arg>Execute Javascript</arg>
<arg>var h=document.querySelector('${shadow_host}'); if(!(h&amp;&amp;h.shadowRoot)) return false; return h.shadowRoot.querySelector('${cart_confirm_overlay}') === null;</arg>
<doc>Runs the specified keyword and retries if it fails.</doc>
<status status="PASS" start="2025-09-24T12:58:12.207238" elapsed="0.003457"/>
</kw>
<kw name="Execute Javascript" owner="SeleniumLibrary">
<msg time="2025-09-24T12:58:12.211151" level="INFO">Executing JavaScript:
var h=document.querySelector('[data-testid="shadow-host"]'); if(h&amp;&amp;h.shadowRoot){ return h.shadowRoot.querySelectorAll('div[data-cart="cart-div0-div1-div1-div0-div0"]').length; } return 0;
Without any arguments.</msg>
<msg time="2025-09-24T12:58:12.213605" level="INFO">${count} = 1</msg>
<var>${count}</var>
<arg>var h=document.querySelector('${shadow_host}'); if(h&amp;&amp;h.shadowRoot){ return h.shadowRoot.querySelectorAll('${cart_item_container}').length; } return 0;</arg>
<doc>Executes the given JavaScript code with possible arguments.</doc>
<status status="PASS" start="2025-09-24T12:58:12.210816" elapsed="0.002818"/>
</kw>
<status status="PASS" start="2025-09-24T12:58:12.196958" elapsed="0.016727"/>
</iter>
<iter>
<kw name="Execute Javascript" owner="SeleniumLibrary">
<msg time="2025-09-24T12:58:12.214230" level="INFO">Executing JavaScript:
var h=document.querySelector('[data-testid="shadow-host"]'); if(h&amp;&amp;h.shadowRoot){ var item=h.shadowRoot.querySelector('div[data-cart="cart-div0-div1-div1-div0-div0"]'); if(item){ var btn=item.querySelector('button[data-cart*="button2"]'); if(btn){ try{btn.click();}catch(e){} } } }
Without any arguments.</msg>
<arg>var h=document.querySelector('${shadow_host}'); if(h&amp;&amp;h.shadowRoot){ var item=h.shadowRoot.querySelector('${cart_item_container}'); if(item){ var btn=item.querySelector('${cart_remove_btn}'); if(btn){ try{btn.click();}catch(e){} } } }</arg>
<doc>Executes the given JavaScript code with possible arguments.</doc>
<status status="PASS" start="2025-09-24T12:58:12.213895" elapsed="0.003102"/>
</kw>
<kw name="Wait Until Keyword Succeeds" owner="BuiltIn">
<kw name="Execute Javascript" owner="SeleniumLibrary">
<msg time="2025-09-24T12:58:12.217654" level="INFO">Executing JavaScript:
var h=document.querySelector('[data-testid="shadow-host"]'); if(!(h&amp;&amp;h.shadowRoot)) return false; return h.shadowRoot.querySelector('div[data-cart="cart-div0-div1-div2"]') !== null;
Without any arguments.</msg>
<arg>var h=document.querySelector('${shadow_host}'); if(!(h&amp;&amp;h.shadowRoot)) return false; return h.shadowRoot.querySelector('${cart_confirm_overlay}') !== null;</arg>
<doc>Executes the given JavaScript code with possible arguments.</doc>
<status status="PASS" start="2025-09-24T12:58:12.217339" elapsed="0.002709"/>
</kw>
<arg>20x</arg>
<arg>0.25s</arg>
<arg>Execute Javascript</arg>
<arg>var h=document.querySelector('${shadow_host}'); if(!(h&amp;&amp;h.shadowRoot)) return false; return h.shadowRoot.querySelector('${cart_confirm_overlay}') !== null;</arg>
<doc>Runs the specified keyword and retries if it fails.</doc>
<status status="PASS" start="2025-09-24T12:58:12.217150" elapsed="0.002956"/>
</kw>
<kw name="Wait Until Keyword Succeeds" owner="BuiltIn">
<kw name="Execute Javascript" owner="SeleniumLibrary">
<msg time="2025-09-24T12:58:12.220977" level="INFO">Executing JavaScript:
var h=document.querySelector('[data-testid="shadow-host"]'); if(h&amp;&amp;h.shadowRoot){ var c=h.shadowRoot.querySelector('button[data-cart="cart-div0-div1-div2-div0-div2-button1"]'); if(c){ try{c.click();}catch(e){} try{c.dispatchEvent(new MouseEvent('click',{bubbles:true}));}catch(e){} return true; } } return false;
Without any arguments.</msg>
<arg>var h=document.querySelector('${shadow_host}'); if(h&amp;&amp;h.shadowRoot){ var c=h.shadowRoot.querySelector('${cart_confirm_btn}'); if(c){ try{c.click();}catch(e){} try{c.dispatchEvent(new MouseEvent('click',{bubbles:true}));}catch(e){} return true; } } return false;</arg>
<doc>Executes the given JavaScript code with possible arguments.</doc>
<status status="PASS" start="2025-09-24T12:58:12.220637" elapsed="0.003558"/>
</kw>
<arg>20x</arg>
<arg>0.25s</arg>
<arg>Execute Javascript</arg>
<arg>var h=document.querySelector('${shadow_host}'); if(h&amp;&amp;h.shadowRoot){ var c=h.shadowRoot.querySelector('${cart_confirm_btn}'); if(c){ try{c.click();}catch(e){} try{c.dispatchEvent(new MouseEvent('click',{bubbles:true}));}catch(e){} return true; } } return false;</arg>
<doc>Runs the specified keyword and retries if it fails.</doc>
<status status="PASS" start="2025-09-24T12:58:12.220427" elapsed="0.003848"/>
</kw>
<kw name="Wait Until Keyword Succeeds" owner="BuiltIn">
<kw name="Execute Javascript" owner="SeleniumLibrary">
<msg time="2025-09-24T12:58:12.224869" level="INFO">Executing JavaScript:
var h=document.querySelector('[data-testid="shadow-host"]'); if(!(h&amp;&amp;h.shadowRoot)) return false; return h.shadowRoot.querySelector('div[data-cart="cart-div0-div1-div2"]') === null;
Without any arguments.</msg>
<arg>var h=document.querySelector('${shadow_host}'); if(!(h&amp;&amp;h.shadowRoot)) return false; return h.shadowRoot.querySelector('${cart_confirm_overlay}') === null;</arg>
<doc>Executes the given JavaScript code with possible arguments.</doc>
<status status="PASS" start="2025-09-24T12:58:12.224572" elapsed="0.003362"/>
</kw>
<arg>40x</arg>
<arg>0.25s</arg>
<arg>Execute Javascript</arg>
<arg>var h=document.querySelector('${shadow_host}'); if(!(h&amp;&amp;h.shadowRoot)) return false; return h.shadowRoot.querySelector('${cart_confirm_overlay}') === null;</arg>
<doc>Runs the specified keyword and retries if it fails.</doc>
<status status="PASS" start="2025-09-24T12:58:12.224400" elapsed="0.003624"/>
</kw>
<kw name="Execute Javascript" owner="SeleniumLibrary">
<msg time="2025-09-24T12:58:12.228596" level="INFO">Executing JavaScript:
var h=document.querySelector('[data-testid="shadow-host"]'); if(h&amp;&amp;h.shadowRoot){ return h.shadowRoot.querySelectorAll('div[data-cart="cart-div0-div1-div1-div0-div0"]').length; } return 0;
Without any arguments.</msg>
<msg time="2025-09-24T12:58:12.231816" level="INFO">${count} = 0</msg>
<var>${count}</var>
<arg>var h=document.querySelector('${shadow_host}'); if(h&amp;&amp;h.shadowRoot){ return h.shadowRoot.querySelectorAll('${cart_item_container}').length; } return 0;</arg>
<doc>Executes the given JavaScript code with possible arguments.</doc>
<status status="PASS" start="2025-09-24T12:58:12.228169" elapsed="0.003707"/>
</kw>
<status status="PASS" start="2025-09-24T12:58:12.213718" elapsed="0.018235"/>
</iter>
<status status="PASS" start="2025-09-24T12:58:11.558776" elapsed="0.673400"/>
</while>
<kw name="Sleep" owner="BuiltIn">
<msg time="2025-09-24T12:58:17.233187" level="INFO">Slept 5 seconds.</msg>
<arg>5s</arg>
<doc>Pauses the test executed for the given time.</doc>
<status status="PASS" start="2025-09-24T12:58:12.232466" elapsed="5.000912"/>
</kw>
<kw name="Log" owner="BuiltIn">
<msg time="2025-09-24T12:58:17.233864" level="INFO">All cart items removed</msg>
<arg>All cart items removed</arg>
<doc>Logs the given message with the given level.</doc>
<status status="PASS" start="2025-09-24T12:58:17.233654" elapsed="0.000269"/>
</kw>
<doc>ลบสินค้าทั้งหมด: วนคลิก Remove+Confirm จนไม่มี container สินค้า top-level เหลือ</doc>
<status status="PASS" start="2025-09-24T12:58:11.554685" elapsed="5.679337"/>
</kw>
<kw name="Verify Cart Is Empty" owner="Keywords">
<kw name="Wait Until Keyword Succeeds" owner="BuiltIn">
<kw name="Execute Javascript" owner="SeleniumLibrary">
<msg time="2025-09-24T12:58:17.235485" level="INFO">Executing JavaScript:
var h=document.querySelector('[data-testid="shadow-host"]'); if(!(h&amp;&amp;h.shadowRoot)) return false; var emptyEl=h.shadowRoot.querySelector('p[data-cart="cart-div0-p1"]'); var rows=h.shadowRoot.querySelectorAll('div[data-cart="cart-div0-div1-div1-div0-div0"]').length; return (emptyEl!==null) || (rows===0);
Without any arguments.</msg>
<arg>var h=document.querySelector('${shadow_host}'); if(!(h&amp;&amp;h.shadowRoot)) return false; var emptyEl=h.shadowRoot.querySelector('${cart_empty_message}'); var rows=h.shadowRoot.querySelectorAll('${cart_item_container}').length; return (emptyEl!==null) || (rows===0);</arg>
<doc>Executes the given JavaScript code with possible arguments.</doc>
<status status="PASS" start="2025-09-24T12:58:17.234987" elapsed="0.006242"/>
</kw>
<arg>20x</arg>
<arg>0.5s</arg>
<arg>Execute Javascript</arg>
<arg>var h=document.querySelector('${shadow_host}'); if(!(h&amp;&amp;h.shadowRoot)) return false; var emptyEl=h.shadowRoot.querySelector('${cart_empty_message}'); var rows=h.shadowRoot.querySelectorAll('${cart_item_container}').length; return (emptyEl!==null) || (rows===0);</arg>
<doc>Runs the specified keyword and retries if it fails.</doc>
<status status="PASS" start="2025-09-24T12:58:17.234768" elapsed="0.006559"/>
</kw>
<kw name="Execute Javascript" owner="SeleniumLibrary">
<msg time="2025-09-24T12:58:17.242022" level="INFO">Executing JavaScript:
var h=document.querySelector('[data-testid="shadow-host"]'); if(h&amp;&amp;h.shadowRoot){ var el=h.shadowRoot.querySelector('p[data-cart="cart-div0-p1"]'); return el ? (el.textContent||'').trim() : ''; } return '';
Without any arguments.</msg>
<msg time="2025-09-24T12:58:17.248411" level="INFO">${empty_text} = Your cart is empty.</msg>
<var>${empty_text}</var>
<arg>var h=document.querySelector('${shadow_host}'); if(h&amp;&amp;h.shadowRoot){ var el=h.shadowRoot.querySelector('${cart_empty_message}'); return el ? (el.textContent||'').trim() : ''; } return '';</arg>
<doc>Executes the given JavaScript code with possible arguments.</doc>
<status status="PASS" start="2025-09-24T12:58:17.241513" elapsed="0.006966"/>
</kw>
<kw name="Execute Javascript" owner="SeleniumLibrary">
<msg time="2025-09-24T12:58:17.249358" level="INFO">Executing JavaScript:
var h=document.querySelector('[data-testid="shadow-host"]'); if(h&amp;&amp;h.shadowRoot){ return h.shadowRoot.querySelectorAll('div[data-cart="cart-div0-div1-div1-div0-div0"]').length; } return 0;
Without any arguments.</msg>
<msg time="2025-09-24T12:58:17.253975" level="INFO">${rows} = 0</msg>
<var>${rows}</var>
<arg>var h=document.querySelector('${shadow_host}'); if(h&amp;&amp;h.shadowRoot){ return h.shadowRoot.querySelectorAll('${cart_item_container}').length; } return 0;</arg>
<doc>Executes the given JavaScript code with possible arguments.</doc>
<status status="PASS" start="2025-09-24T12:58:17.248771" elapsed="0.005270"/>
</kw>
<kw name="Run Keyword If" owner="BuiltIn">
<kw name="Should Be Equal" owner="BuiltIn">
<arg>${empty_text}</arg>
<arg>Your cart is empty.</arg>
<doc>Fails if the given objects are unequal.</doc>
<status status="PASS" start="2025-09-24T12:58:17.254610" elapsed="0.000214"/>
</kw>
<arg>'${empty_text}'!=''</arg>
<arg>Should Be Equal</arg>
<arg>${empty_text}</arg>
<arg>Your cart is empty.</arg>
<doc>Runs the given keyword with the given arguments, if ``condition`` is true.</doc>
<status status="PASS" start="2025-09-24T12:58:17.254262" elapsed="0.000643"/>
</kw>
<kw name="Run Keyword If" owner="BuiltIn">
<arg>'${empty_text}'==''</arg>
<arg>Should Be Equal As Integers</arg>
<arg>${rows}</arg>
<arg>0</arg>
<doc>Runs the given keyword with the given arguments, if ``condition`` is true.</doc>
<status status="PASS" start="2025-09-24T12:58:17.255110" elapsed="0.000150"/>
</kw>
<kw name="Sleep" owner="BuiltIn">
<msg time="2025-09-24T12:58:22.255987" level="INFO">Slept 5 seconds.</msg>
<arg>5s</arg>
<doc>Pauses the test executed for the given time.</doc>
<status status="PASS" start="2025-09-24T12:58:17.255344" elapsed="5.000784"/>
</kw>
<kw name="Log" owner="BuiltIn">
<msg time="2025-09-24T12:58:22.256518" level="INFO">Cart is empty verified</msg>
<arg>Cart is empty verified</arg>
<doc>Logs the given message with the given level.</doc>
<status status="PASS" start="2025-09-24T12:58:22.256337" elapsed="0.000265"/>
</kw>
<doc>ตรวจสอบว่าตะกร้าสินค้าว่างเปล่า โดยดูข้อความ "Your cart is empty" หรือจำนวนสินค้าเป็น 0</doc>
<status status="PASS" start="2025-09-24T12:58:17.234449" elapsed="5.022292"/>
</kw>
<kw name="Close Browser" owner="SeleniumLibrary" type="TEARDOWN">
<doc>Closes the current browser.</doc>
<status status="PASS" start="2025-09-24T12:58:22.257274" elapsed="2.213439"/>
</kw>
<doc>search for 3 ceramic mug and add to cart then verify checkout is updated and correct price</doc>
<status status="PASS" start="2025-09-24T12:57:38.712983" elapsed="45.757966"/>
</test>
<status status="PASS" start="2025-09-24T12:56:53.552682" elapsed="90.919035"/>
</suite>
<statistics>
<total>
<stat pass="2" fail="0" skip="0">All Tests</stat>
</total>
<tag>
</tag>
<suite>
<stat name="TestCase" id="s1" pass="2" fail="0" skip="0">TestCase</stat>
</suite>
</statistics>
<errors>
<msg time="2025-09-24T12:56:53.874334" level="WARN">exexcutable_path is being deprecated. Please use service to configure the driver's executable_path as per documentation.</msg>
<msg time="2025-09-24T12:57:38.714017" level="WARN">exexcutable_path is being deprecated. Please use service to configure the driver's executable_path as per documentation.</msg>
</errors>
</robot>
